[+] Containers:
 |- [+] Container: /Game/Maps/TestingMap
 |   |- [+] ActorDescs:
 |   |   |- Guid:0A4DE32D436A00DD6BFE2B9F4F589184 BaseClass: NativeClass:/Script/Engine.StaticMeshActor Name:StaticMeshActor_10 Label:SM_Cube6 SpatiallyLoaded:1 Bounds:IsValid=true, Min=(X=1843.551 Y=100.000 Z=-0.000), Max=(X=1943.551 Y=3400.000 Z=400.000) RuntimeGrid:None EditorOnly:0 RuntimeOnly:0 HLODRelevant:1 FolderPath:Playground FolderGuid:6C02BB504B69D1F3D7A624B130C18E5B
 |   |   |- Guid:119E57874C45E8AF12A492B2A38892E5 BaseClass: NativeClass:/Script/Engine.StaticMeshActor Name:StaticMeshActor_UAID_C8D9D21886BE68C001_2091195219 Label:SM_Cube8 SpatiallyLoaded:1 Bounds:IsValid=true, Min=(X=1249.595 Y=36.780 Z=-68.369), Max=(X=1266.187 Y=386.429 Z=329.919) RuntimeGrid:None EditorOnly:0 RuntimeOnly:0 HLODRelevant:1 FolderPath:Block01 FolderGuid:5710F1034B6DC7FBD588718E283EB93C
 |   |   |- Guid:24FCAD3A4C23676610C25CA9EE6F60CB BaseClass:/Game/Objects/BP_WeldingTorch.BP_WeldingTorch_C NativeClass:/Script/Engine.Actor Name:BP_WeldingTorch_C_UAID_C8D9D21886BE66C001_1158587863 Label:BP_WeldingTorch SpatiallyLoaded:1 Bounds:IsValid=true, Min=(X=1390.295 Y=781.480 Z=-0.000), Max=(X=1400.565 Y=791.750 Z=83.756) RuntimeGrid:None EditorOnly:0 RuntimeOnly:0 HLODRelevant:0
 |   |   |- Guid:276A0D3843F93D08A8EA09842931F00D BaseClass: NativeClass:/Script/Engine.DirectionalLight Name:DirectionalLight_1 Label:DirectionalLight SpatiallyLoaded:0 Bounds:IsValid=true, Min=(X=-4398046511104.000 Y=-4398046511104.000 Z=-4398046511104.000), Max=(X=4398046511104.000 Y=4398046511104.000 Z=4398046511104.000) RuntimeGrid:None EditorOnly:0 RuntimeOnly:0 HLODRelevant:0 FolderPath:Lighting FolderGuid:0BA5F0A04EADB18E70D5B180D08FA34B
 |   |   |- Guid:31DF913B40292A62CA0103A322C5D509 BaseClass: NativeClass:/Script/Engine.PostProcessVolume Name:PostProcessVolume_0 Label:PostProcessVolume SpatiallyLoaded:0 Bounds:IsValid=true, Min=(X=0.000 Y=0.000 Z=400.000), Max=(X=200.000 Y=200.000 Z=600.000) RuntimeGrid:None EditorOnly:0 RuntimeOnly:0 HLODRelevant:0 FolderPath:Lighting FolderGuid:0BA5F0A04EADB18E70D5B180D08FA34B
 |   |   |- Guid:357739D54D1E1CF790FF708BEE9ED738 BaseClass: NativeClass:/Script/Engine.PointLight Name:PointLight_UAID_C8D9D21886BE69C001_1101277403 Label:PointLight3 SpatiallyLoaded:1 Bounds:IsValid=true, Min=(X=255.196 Y=-863.134 Z=-1295.038), Max=(X=3338.035 Y=2219.706 Z=1787.802) RuntimeGrid:None EditorOnly:0 RuntimeOnly:0 HLODRelevant:0
 |   |   |- Guid:3D24A016401DE21AD3D0869B3630F0AE BaseClass:/Game/Objects/WB_Lamp.WB_Lamp_C NativeClass:/Script/Engine.Actor Name:WB_Lamp_C_UAID_C8D9D21886BE61C001_1925840989 Label:WB_Lamp SpatiallyLoaded:1 Bounds:IsValid=true, Min=(X=1501.738 Y=1381.506 Z=0.294), Max=(X=1635.004 Y=1465.549 Z=147.751) RuntimeGrid:None EditorOnly:0 RuntimeOnly:0 HLODRelevant:0
 |   |   |- Guid:3E36E7314A76EBB476CA50A90E5A0797 BaseClass: NativeClass:/Script/Engine.SkyAtmosphere Name:SkyAtmosphere_0 Label:SkyAtmosphere SpatiallyLoaded:0 Bounds:IsValid=true, Min=(X=0.000 Y=0.000 Z=1020.000), Max=(X=0.000 Y=0.000 Z=1020.000) RuntimeGrid:None EditorOnly:0 RuntimeOnly:0 HLODRelevant:0 FolderPath:Lighting FolderGuid:0BA5F0A04EADB18E70D5B180D08FA34B
 |   |   |- Guid:3E61C29C41372ED23F9470823B31B89C BaseClass: NativeClass:/Script/Engine.StaticMeshActor Name:StaticMeshActor_15 Label:SM_Cube10 SpatiallyLoaded:1 Bounds:IsValid=true, Min=(X=2345.000 Y=1000.000 Z=100.000), Max=(X=2545.000 Y=1100.000 Z=200.000) RuntimeGrid:None EditorOnly:0 RuntimeOnly:0 HLODRelevant:1 FolderPath:Block01 FolderGuid:5710F1034B6DC7FBD588718E283EB93C
 |   |   |- Guid:3FF7708F490F4D8277F341A6845A6DD7 BaseClass: NativeClass:/Script/Engine.WorldDataLayers Name:WorldDataLayers Label:WorldDataLayers SpatiallyLoaded:0 Bounds:IsValid=true, Min=(X=0.000 Y=0.000 Z=0.000), Max=(X=0.000 Y=0.000 Z=0.000) RuntimeGrid:None EditorOnly:0 RuntimeOnly:0 HLODRelevant:0
 |   |   |- Guid:546888C04ED3C473BA5AED9E5389A6B7 BaseClass: NativeClass:/Script/Engine.StaticMeshActor Name:StaticMeshActor_UAID_C8D9D21886BE68C001_2118823221 Label:SM_Cube12 SpatiallyLoaded:1 Bounds:IsValid=true, Min=(X=0.000 Y=-0.000 Z=391.762), Max=(X=3000.000 Y=1584.465 Z=441.762) RuntimeGrid:None EditorOnly:0 RuntimeOnly:0 HLODRelevant:1 FolderPath:Playground FolderGuid:6C02BB504B69D1F3D7A624B130C18E5B
 |   |   |- Guid:5BB213644E8611289C0E5B89F91414A0 BaseClass:/Game/Objects/BP_Battery.BP_Battery_C NativeClass:/Script/Engine.Actor Name:BP_Battery_C_UAID_C8D9D21886BE66C001_2143973865 Label:BP_Battery SpatiallyLoaded:1 Bounds:IsValid=true, Min=(X=1413.251 Y=992.921 Z=-0.000), Max=(X=1443.250 Y=1022.921 Z=30.000) RuntimeGrid:None EditorOnly:0 RuntimeOnly:0 HLODRelevant:0
 |   |   |- Guid:6308040244008B0856D2CAAFC7492995 BaseClass: NativeClass:/Script/Engine.VolumetricCloud Name:VolumetricCloud_0 Label:VolumetricCloud SpatiallyLoaded:0 Bounds:IsValid=true, Min=(X=0.000 Y=0.000 Z=820.000), Max=(X=0.000 Y=0.000 Z=820.000) RuntimeGrid:None EditorOnly:0 RuntimeOnly:0 HLODRelevant:0 FolderPath:Lighting FolderGuid:0BA5F0A04EADB18E70D5B180D08FA34B
 |   |   |- Guid:71DB2D4A4275A10B5DD9A7BC2756CB0E BaseClass: NativeClass:/Script/Engine.StaticMeshActor Name:StaticMeshActor_0 Label:SM_Cube SpatiallyLoaded:1 Bounds:IsValid=true, Min=(X=0.000 Y=0.000 Z=-50.000), Max=(X=3000.000 Y=1584.465 Z=0.000) RuntimeGrid:None EditorOnly:0 RuntimeOnly:0 HLODRelevant:1 FolderPath:Playground FolderGuid:6C02BB504B69D1F3D7A624B130C18E5B
 |   |   |- Guid:792068EE46F0B9077B3A34A4C14CBD53 BaseClass: NativeClass:/Script/Engine.StaticMeshActor Name:StaticMeshActor_UAID_C8D9D21886BE69C001_1089178401 Label:SM_Cube14 SpatiallyLoaded:1 Bounds:IsValid=true, Min=(X=-187.607 Y=0.000 Z=18.291), Max=(X=161.134 Y=100.000 Z=373.194) RuntimeGrid:None EditorOnly:0 RuntimeOnly:0 HLODRelevant:1 FolderPath:Playground FolderGuid:6C02BB504B69D1F3D7A624B130C18E5B
 |   |   |- Guid:7C3F53B04AAC776988D3E7B1B930F528 BaseClass: NativeClass:/Script/Engine.StaticMeshActor Name:StaticMeshActor_UAID_C8D9D21886BE68C001_2143821223 Label:SM_Cube3 SpatiallyLoaded:1 Bounds:IsValid=true, Min=(X=0.000 Y=-0.000 Z=249.562), Max=(X=3000.000 Y=100.000 Z=473.376) RuntimeGrid:None EditorOnly:0 RuntimeOnly:0 HLODRelevant:1 FolderPath:Playground FolderGuid:6C02BB504B69D1F3D7A624B130C18E5B
 |   |   |- Guid:836E5AEC4DCAEDCEAF9791A66959D784 BaseClass: NativeClass:/Script/Engine.StaticMeshActor Name:StaticMeshActor_14 Label:SM_Ramp3 SpatiallyLoaded:1 Bounds:IsValid=true, Min=(X=2345.000 Y=600.000 Z=100.000), Max=(X=2545.000 Y=1000.000 Z=200.000) RuntimeGrid:None EditorOnly:0 RuntimeOnly:0 HLODRelevant:1 FolderPath:Block01 FolderGuid:5710F1034B6DC7FBD588718E283EB93C
 |   |   |- Guid:84848AAC42BF72E6FDF6DEAEF5C68365 BaseClass: NativeClass:/Script/Engine.StaticMeshActor Name:StaticMeshActor_UAID_C8D9D21886BE69C001_1195451404 Label:SM_Cube15 SpatiallyLoaded:1 Bounds:IsValid=true, Min=(X=870.578 Y=100.000 Z=0.000), Max=(X=907.514 Y=1154.870 Z=400.000) RuntimeGrid:None EditorOnly:0 RuntimeOnly:0 HLODRelevant:1 FolderPath:Playground FolderGuid:6C02BB504B69D1F3D7A624B130C18E5B
 |   |   |- Guid:850CF012415DC701B272159FF35C4904 BaseClass: NativeClass:/Script/Engine.StaticMeshActor Name:StaticMeshActor_UAID_C8D9D21886BE69C001_1227057406 Label:SM_Cube16 SpatiallyLoaded:1 Bounds:IsValid=true, Min=(X=-9.144 Y=1570.088 Z=-32.477), Max=(X=1891.014 Y=1636.227 Z=427.148) RuntimeGrid:None EditorOnly:0 RuntimeOnly:0 HLODRelevant:1 FolderPath:Playground FolderGuid:6C02BB504B69D1F3D7A624B130C18E5B
 |   |   |- Guid:89759ADC459A04F2C7D720A021607A87 BaseClass: NativeClass:/Script/Engine.StaticMeshActor Name:StaticMeshActor_UAID_A4AE111137DC5EFB00_2001720423 Label:SM_SkySphere SpatiallyLoaded:0 Bounds:IsValid=true, Min=(X=-1638400.000 Y=-1638400.000 Z=-1638400.000), Max=(X=1638400.000 Y=1638400.000 Z=1638400.000) RuntimeGrid:None EditorOnly:0 RuntimeOnly:0 HLODRelevant:1 FolderPath:Lighting FolderGuid:0BA5F0A04EADB18E70D5B180D08FA34B
 |   |   |- Guid:8A7FFC3843CD52A213E2BAA2ABD56796 BaseClass:/Game/Player/BP_FirstPersonCharacter.BP_FirstPersonCharacter_C NativeClass:/Script/Engine.Character Name:BP_FirstPersonCharacter_C_UAID_C8D9D21886BE63C001_1576410335 Label:BP_FirstPersonCharacter SpatiallyLoaded:1 Bounds:IsValid=true, Min=(X=292.990 Y=722.856 Z=-0.000), Max=(X=554.451 Y=864.182 Z=192.000) RuntimeGrid:None EditorOnly:0 RuntimeOnly:0 HLODRelevant:0
 |   |   |- Guid:A901E4E74A502C7FC2908ABC899CC79B BaseClass:/Game/Objects/BP_Book.BP_Book_C NativeClass:/Script/Engine.Actor Name:BP_Book_C_UAID_C8D9D21886BE61C001_1111263987 Label:BP_Book3 SpatiallyLoaded:1 Bounds:IsValid=true, Min=(X=1573.956 Y=851.164 Z=1.367), Max=(X=1634.116 Y=886.743 Z=7.390) RuntimeGrid:None EditorOnly:0 RuntimeOnly:0 HLODRelevant:0
 |   |   |- Guid:AE1243EE4571B3978D55DCA217439323 BaseClass: NativeClass:/Script/Engine.StaticMeshActor Name:StaticMeshActor_UAID_C8D9D21886BE69C001_1076591400 Label:SM_Cube13 SpatiallyLoaded:1 Bounds:IsValid=true, Min=(X=669.635 Y=0.000 Z=18.291), Max=(X=1515.468 Y=100.000 Z=373.194) RuntimeGrid:None EditorOnly:0 RuntimeOnly:0 HLODRelevant:1 FolderPath:Playground FolderGuid:6C02BB504B69D1F3D7A624B130C18E5B
 |   |   |- Guid:B2EF463D42668B9C575876BD253932FE BaseClass:/Game/Objects/BP_Blob.BP_Blob_C NativeClass:/Script/Engine.Actor Name:BP_Blob_C_UAID_C8D9D21886BE64C001_1461052531 Label:BP_Blob SpatiallyLoaded:1 Bounds:IsValid=true, Min=(X=999.588 Y=108.073 Z=-113.535), Max=(X=1226.658 Y=335.144 Z=180.511) RuntimeGrid:None EditorOnly:0 RuntimeOnly:0 HLODRelevant:0
 |   |   |- Guid:B614E17942D9A77BB2F53FBF04D3A2F0 BaseClass:/Game/Objects/BP_Book.BP_Book_C NativeClass:/Script/Engine.Actor Name:BP_Book_C_UAID_C8D9D21886BE61C001_1100923985 Label:BP_Book SpatiallyLoaded:1 Bounds:IsValid=true, Min=(X=1711.352 Y=721.758 Z=1.314), Max=(X=1727.730 Y=757.337 Z=61.606) RuntimeGrid:None EditorOnly:0 RuntimeOnly:0 HLODRelevant:0
 |   |   |- Guid:B6BF6565464D618E98FE859815C86ABF BaseClass:/Game/Objects/WB_Lamp.WB_Lamp_C NativeClass:/Script/Engine.Actor Name:WB_Lamp_C_UAID_C8D9D21886BE61C001_2075184990 Label:WB_Lamp2 SpatiallyLoaded:1 Bounds:IsValid=true, Min=(X=1611.636 Y=1354.353 Z=0.294), Max=(X=1744.903 Y=1438.397 Z=147.751) RuntimeGrid:None EditorOnly:0 RuntimeOnly:0 HLODRelevant:0
 |   |   |- Guid:BF0C895549BAE54B2DBA53BBE94C428A BaseClass:/Game/Objects/BP_Object.BP_Object_C NativeClass:/Script/Engine.Actor Name:BP_Object_C_UAID_C8D9D21886BE60C001_1221764808 Label:BP_Object SpatiallyLoaded:1 Bounds:IsValid=true, Min=(X=1530.212 Y=1151.281 Z=-0.000), Max=(X=1630.212 Y=1251.281 Z=100.000) RuntimeGrid:None EditorOnly:0 RuntimeOnly:0 HLODRelevant:0
 |   |   |- Guid:C3D4A7984A3B76AE400E05A03984A8AC BaseClass:/Game/Objects/BP_Book.BP_Book_C NativeClass:/Script/Engine.Actor Name:BP_Book_C_UAID_C8D9D21886BE61C001_1105515986 Label:BP_Book2 SpatiallyLoaded:1 Bounds:IsValid=true, Min=(X=1634.758 Y=771.509 Z=1.791), Max=(X=1704.648 Y=832.402 Z=7.814) RuntimeGrid:None EditorOnly:0 RuntimeOnly:0 HLODRelevant:0
 |   |   |- Guid:C4BC2F1D45201B7E44FC64BDE6531EDC BaseClass:/Game/Objects/BP_Shelf.BP_Shelf_C NativeClass:/Script/Engine.Actor Name:BP_Bookshelf_C_UAID_C8D9D21886BE66C001_2030682864 Label:BP_Bookshelf SpatiallyLoaded:1 Bounds:IsValid=true, Min=(X=1814.185 Y=856.949 Z=96.655), Max=(X=1865.576 Y=1006.567 Z=153.059) RuntimeGrid:None EditorOnly:0 RuntimeOnly:0 HLODRelevant:0
 |   |   |- Guid:CBCCCE0E48F73EA255F8DFBC783038AD BaseClass: NativeClass:/Script/Engine.StaticMeshActor Name:StaticMeshActor_9 Label:SM_Cube5 SpatiallyLoaded:1 Bounds:IsValid=true, Min=(X=-0.000 Y=100.000 Z=0.000), Max=(X=100.000 Y=3400.000 Z=400.000) RuntimeGrid:None EditorOnly:0 RuntimeOnly:0 HLODRelevant:1 FolderPath:Playground FolderGuid:6C02BB504B69D1F3D7A624B130C18E5B
 |   |   |- Guid:CC60542848DD4659F3C635B423B1451E BaseClass: NativeClass:/Script/Engine.StaticMeshActor Name:StaticMeshActor_6 Label:SM_Ramp2 SpatiallyLoaded:1 Bounds:IsValid=true, Min=(X=1945.000 Y=400.000 Z=0.000), Max=(X=2345.000 Y=600.000 Z=100.000) RuntimeGrid:None EditorOnly:0 RuntimeOnly:0 HLODRelevant:1 FolderPath:Block01 FolderGuid:5710F1034B6DC7FBD588718E283EB93C
 |   |   |- Guid:D31443F64F8CCE27AC4FDEA320F6565B BaseClass: NativeClass:/Script/Engine.StaticMeshActor Name:StaticMeshActor_41 Label:SM_Ramp4 SpatiallyLoaded:1 Bounds:IsValid=true, Min=(X=100.000 Y=1459.254 Z=-0.000), Max=(X=1200.000 Y=1559.254 Z=200.000) RuntimeGrid:None EditorOnly:0 RuntimeOnly:0 HLODRelevant:1 FolderPath:Block04 FolderGuid:D00C3F324D055BED943FA6B0235C7FA2
 |   |   |- Guid:D3C0244A4E524C81A922579952D1E041 BaseClass: NativeClass:/Script/Engine.StaticMeshActor Name:StaticMeshActor_UAID_C8D9D21886BE68C001_2077928218 Label:SM_Cube7 SpatiallyLoaded:1 Bounds:IsValid=true, Min=(X=956.523 Y=36.780 Z=-68.369), Max=(X=968.201 Y=386.429 Z=329.919) RuntimeGrid:None EditorOnly:0 RuntimeOnly:0 HLODRelevant:1 FolderPath:Block01 FolderGuid:5710F1034B6DC7FBD588718E283EB93C
 |   |   |- Guid:D6E7880F40F329664CCFBDB0F9282717 BaseClass: NativeClass:/Script/Engine.PointLight Name:PointLight_UAID_C8D9D21886BE68C001_2125875222 Label:PointLight SpatiallyLoaded:1 Bounds:IsValid=true, Min=(X=17.384 Y=-851.563 Z=-789.046), Max=(X=2017.384 Y=1148.437 Z=1210.954) RuntimeGrid:None EditorOnly:0 RuntimeOnly:0 HLODRelevant:0
 |   |   |- Guid:E40AA5784EDF2D784A90E2BC5E672398 BaseClass: NativeClass:/Script/Engine.StaticMeshActor Name:StaticMeshActor_13 Label:SM_Cube9 SpatiallyLoaded:1 Bounds:IsValid=true, Min=(X=2345.000 Y=400.000 Z=0.000), Max=(X=2545.000 Y=1100.000 Z=100.000) RuntimeGrid:None EditorOnly:0 RuntimeOnly:0 HLODRelevant:1 FolderPath:Block01 FolderGuid:5710F1034B6DC7FBD588718E283EB93C
 |   |   |- Guid:E48A021046E06765769512843D8C7100 BaseClass: NativeClass:/Script/Engine.StaticMeshActor Name:StaticMeshActor_3 Label:SM_Cube2 SpatiallyLoaded:1 Bounds:IsValid=true, Min=(X=0.000 Y=0.000 Z=0.000), Max=(X=3000.000 Y=100.000 Z=74.570) RuntimeGrid:None EditorOnly:0 RuntimeOnly:0 HLODRelevant:1 FolderPath:Playground FolderGuid:6C02BB504B69D1F3D7A624B130C18E5B
 |   |   |- Guid:E49AD31E4C3B484F49A8B792A8A2AB5A BaseClass: NativeClass:/Script/Engine.ExponentialHeightFog Name:ExponentialHeightFog_0 Label:ExponentialHeightFog SpatiallyLoaded:0 Bounds:IsValid=true, Min=(X=-5600.000 Y=-50.000 Z=-6850.000), Max=(X=-5600.000 Y=-50.000 Z=-6850.000) RuntimeGrid:None EditorOnly:0 RuntimeOnly:0 HLODRelevant:0 FolderPath:Lighting FolderGuid:0BA5F0A04EADB18E70D5B180D08FA34B
 |   |   |- Guid:EC9689AA4771B1FD3891689C5CB6E9DB BaseClass: NativeClass:/Script/Engine.PointLight Name:PointLight_UAID_C8D9D21886BE69C001_1093592402 Label:PointLight2 SpatiallyLoaded:1 Bounds:IsValid=true, Min=(X=-379.856 Y=-321.714 Z=-753.618), Max=(X=1620.144 Y=1678.286 Z=1246.382) RuntimeGrid:None EditorOnly:0 RuntimeOnly:0 HLODRelevant:0
 |   |   |- Guid:F577A41E4FEBF0EEDD4F5C8811306734 BaseClass: NativeClass:/Script/Engine.StaticMeshActor Name:StaticMeshActor_UAID_C8D9D21886BE68C001_2094806220 Label:SM_Cube11 SpatiallyLoaded:1 Bounds:IsValid=true, Min=(X=849.526 Y=36.780 Z=250.854), Max=(X=1332.739 Y=386.429 Z=267.456) RuntimeGrid:None EditorOnly:0 RuntimeOnly:0 HLODRelevant:1 FolderPath:Block01 FolderGuid:5710F1034B6DC7FBD588718E283EB93C
 |   |   |- Guid:F99A1B1F48F47BAE38DE41B2EF23D750 BaseClass: NativeClass:/Script/Engine.SkyLight Name:SkyLight_0 Label:SkyLight SpatiallyLoaded:0 Bounds:IsValid=true, Min=(X=0.000 Y=0.000 Z=690.000), Max=(X=0.000 Y=0.000 Z=690.000) RuntimeGrid:None EditorOnly:0 RuntimeOnly:0 HLODRelevant:0 FolderPath:Lighting FolderGuid:0BA5F0A04EADB18E70D5B180D08FA34B
 |   |   |- Guid:FE13CAAF46AC4BB0EADA9781E6373823 BaseClass: NativeClass:/Script/Engine.StaticMeshActor Name:StaticMeshActor_20 Label:SM_ChamferCube2 SpatiallyLoaded:1 Bounds:IsValid=true, Min=(X=324.987 Y=1136.837 Z=0.013), Max=(X=453.158 Y=1265.008 Z=100.013) RuntimeGrid:None EditorOnly:0 RuntimeOnly:0 HLODRelevant:0 FolderPath:SimulatedCubes FolderGuid:9AEEADCB4DC6C647D6E7C0B4EDA1744F
 |   |- [+] Clusters:
 |   |   |- [+] [  0]
 |   |   |   |- Guid:3E61C29C41372ED23F9470823B31B89C BaseClass: NativeClass:/Script/Engine.StaticMeshActor Name:StaticMeshActor_15 Label:SM_Cube10 SpatiallyLoaded:1 Bounds:IsValid=true, Min=(X=2345.000 Y=1000.000 Z=100.000), Max=(X=2545.000 Y=1100.000 Z=200.000) RuntimeGrid:None EditorOnly:0 RuntimeOnly:0 HLODRelevant:1 FolderPath:Block01 FolderGuid:5710F1034B6DC7FBD588718E283EB93C
 |   |   |- [+] [  1]
 |   |   |   |- Guid:89759ADC459A04F2C7D720A021607A87 BaseClass: NativeClass:/Script/Engine.StaticMeshActor Name:StaticMeshActor_UAID_A4AE111137DC5EFB00_2001720423 Label:SM_SkySphere SpatiallyLoaded:0 Bounds:IsValid=true, Min=(X=-1638400.000 Y=-1638400.000 Z=-1638400.000), Max=(X=1638400.000 Y=1638400.000 Z=1638400.000) RuntimeGrid:None EditorOnly:0 RuntimeOnly:0 HLODRelevant:1 FolderPath:Lighting FolderGuid:0BA5F0A04EADB18E70D5B180D08FA34B
 |   |   |- [+] [  2]
 |   |   |   |- Guid:3D24A016401DE21AD3D0869B3630F0AE BaseClass:/Game/Objects/WB_Lamp.WB_Lamp_C NativeClass:/Script/Engine.Actor Name:WB_Lamp_C_UAID_C8D9D21886BE61C001_1925840989 Label:WB_Lamp SpatiallyLoaded:1 Bounds:IsValid=true, Min=(X=1501.738 Y=1381.506 Z=0.294), Max=(X=1635.004 Y=1465.549 Z=147.751) RuntimeGrid:None EditorOnly:0 RuntimeOnly:0 HLODRelevant:0
 |   |   |- [+] [  3]
 |   |   |   |- Guid:31DF913B40292A62CA0103A322C5D509 BaseClass: NativeClass:/Script/Engine.PostProcessVolume Name:PostProcessVolume_0 Label:PostProcessVolume SpatiallyLoaded:0 Bounds:IsValid=true, Min=(X=0.000 Y=0.000 Z=400.000), Max=(X=200.000 Y=200.000 Z=600.000) RuntimeGrid:None EditorOnly:0 RuntimeOnly:0 HLODRelevant:0 FolderPath:Lighting FolderGuid:0BA5F0A04EADB18E70D5B180D08FA34B
 |   |   |- [+] [  4]
 |   |   |   |- Guid:F99A1B1F48F47BAE38DE41B2EF23D750 BaseClass: NativeClass:/Script/Engine.SkyLight Name:SkyLight_0 Label:SkyLight SpatiallyLoaded:0 Bounds:IsValid=true, Min=(X=0.000 Y=0.000 Z=690.000), Max=(X=0.000 Y=0.000 Z=690.000) RuntimeGrid:None EditorOnly:0 RuntimeOnly:0 HLODRelevant:0 FolderPath:Lighting FolderGuid:0BA5F0A04EADB18E70D5B180D08FA34B
 |   |   |- [+] [  5]
 |   |   |   |- Guid:BF0C895549BAE54B2DBA53BBE94C428A BaseClass:/Game/Objects/BP_Object.BP_Object_C NativeClass:/Script/Engine.Actor Name:BP_Object_C_UAID_C8D9D21886BE60C001_1221764808 Label:BP_Object SpatiallyLoaded:1 Bounds:IsValid=true, Min=(X=1530.212 Y=1151.281 Z=-0.000), Max=(X=1630.212 Y=1251.281 Z=100.000) RuntimeGrid:None EditorOnly:0 RuntimeOnly:0 HLODRelevant:0
 |   |   |- [+] [  6]
 |   |   |   |- Guid:D31443F64F8CCE27AC4FDEA320F6565B BaseClass: NativeClass:/Script/Engine.StaticMeshActor Name:StaticMeshActor_41 Label:SM_Ramp4 SpatiallyLoaded:1 Bounds:IsValid=true, Min=(X=100.000 Y=1459.254 Z=-0.000), Max=(X=1200.000 Y=1559.254 Z=200.000) RuntimeGrid:None EditorOnly:0 RuntimeOnly:0 HLODRelevant:1 FolderPath:Block04 FolderGuid:D00C3F324D055BED943FA6B0235C7FA2
 |   |   |- [+] [  7]
 |   |   |   |- Guid:836E5AEC4DCAEDCEAF9791A66959D784 BaseClass: NativeClass:/Script/Engine.StaticMeshActor Name:StaticMeshActor_14 Label:SM_Ramp3 SpatiallyLoaded:1 Bounds:IsValid=true, Min=(X=2345.000 Y=600.000 Z=100.000), Max=(X=2545.000 Y=1000.000 Z=200.000) RuntimeGrid:None EditorOnly:0 RuntimeOnly:0 HLODRelevant:1 FolderPath:Block01 FolderGuid:5710F1034B6DC7FBD588718E283EB93C
 |   |   |- [+] [  8]
 |   |   |   |- Guid:3E36E7314A76EBB476CA50A90E5A0797 BaseClass: NativeClass:/Script/Engine.SkyAtmosphere Name:SkyAtmosphere_0 Label:SkyAtmosphere SpatiallyLoaded:0 Bounds:IsValid=true, Min=(X=0.000 Y=0.000 Z=1020.000), Max=(X=0.000 Y=0.000 Z=1020.000) RuntimeGrid:None EditorOnly:0 RuntimeOnly:0 HLODRelevant:0 FolderPath:Lighting FolderGuid:0BA5F0A04EADB18E70D5B180D08FA34B
 |   |   |- [+] [  9]
 |   |   |   |- Guid:E40AA5784EDF2D784A90E2BC5E672398 BaseClass: NativeClass:/Script/Engine.StaticMeshActor Name:StaticMeshActor_13 Label:SM_Cube9 SpatiallyLoaded:1 Bounds:IsValid=true, Min=(X=2345.000 Y=400.000 Z=0.000), Max=(X=2545.000 Y=1100.000 Z=100.000) RuntimeGrid:None EditorOnly:0 RuntimeOnly:0 HLODRelevant:1 FolderPath:Block01 FolderGuid:5710F1034B6DC7FBD588718E283EB93C
 |   |   |- [+] [ 10]
 |   |   |   |- Guid:C3D4A7984A3B76AE400E05A03984A8AC BaseClass:/Game/Objects/BP_Book.BP_Book_C NativeClass:/Script/Engine.Actor Name:BP_Book_C_UAID_C8D9D21886BE61C001_1105515986 Label:BP_Book2 SpatiallyLoaded:1 Bounds:IsValid=true, Min=(X=1634.758 Y=771.509 Z=1.791), Max=(X=1704.648 Y=832.402 Z=7.814) RuntimeGrid:None EditorOnly:0 RuntimeOnly:0 HLODRelevant:0
 |   |   |- [+] [ 11]
 |   |   |   |- Guid:CC60542848DD4659F3C635B423B1451E BaseClass: NativeClass:/Script/Engine.StaticMeshActor Name:StaticMeshActor_6 Label:SM_Ramp2 SpatiallyLoaded:1 Bounds:IsValid=true, Min=(X=1945.000 Y=400.000 Z=0.000), Max=(X=2345.000 Y=600.000 Z=100.000) RuntimeGrid:None EditorOnly:0 RuntimeOnly:0 HLODRelevant:1 FolderPath:Block01 FolderGuid:5710F1034B6DC7FBD588718E283EB93C
 |   |   |- [+] [ 12]
 |   |   |   |- Guid:E48A021046E06765769512843D8C7100 BaseClass: NativeClass:/Script/Engine.StaticMeshActor Name:StaticMeshActor_3 Label:SM_Cube2 SpatiallyLoaded:1 Bounds:IsValid=true, Min=(X=0.000 Y=0.000 Z=0.000), Max=(X=3000.000 Y=100.000 Z=74.570) RuntimeGrid:None EditorOnly:0 RuntimeOnly:0 HLODRelevant:1 FolderPath:Playground FolderGuid:6C02BB504B69D1F3D7A624B130C18E5B
 |   |   |- [+] [ 13]
 |   |   |   |- Guid:276A0D3843F93D08A8EA09842931F00D BaseClass: NativeClass:/Script/Engine.DirectionalLight Name:DirectionalLight_1 Label:DirectionalLight SpatiallyLoaded:0 Bounds:IsValid=true, Min=(X=-4398046511104.000 Y=-4398046511104.000 Z=-4398046511104.000), Max=(X=4398046511104.000 Y=4398046511104.000 Z=4398046511104.000) RuntimeGrid:None EditorOnly:0 RuntimeOnly:0 HLODRelevant:0 FolderPath:Lighting FolderGuid:0BA5F0A04EADB18E70D5B180D08FA34B
 |   |   |- [+] [ 14]
 |   |   |   |- Guid:8A7FFC3843CD52A213E2BAA2ABD56796 BaseClass:/Game/Player/BP_FirstPersonCharacter.BP_FirstPersonCharacter_C NativeClass:/Script/Engine.Character Name:BP_FirstPersonCharacter_C_UAID_C8D9D21886BE63C001_1576410335 Label:BP_FirstPersonCharacter SpatiallyLoaded:1 Bounds:IsValid=true, Min=(X=292.990 Y=722.856 Z=-0.000), Max=(X=554.451 Y=864.182 Z=192.000) RuntimeGrid:None EditorOnly:0 RuntimeOnly:0 HLODRelevant:0
 |   |   |- [+] [ 15]
 |   |   |   |- Guid:B6BF6565464D618E98FE859815C86ABF BaseClass:/Game/Objects/WB_Lamp.WB_Lamp_C NativeClass:/Script/Engine.Actor Name:WB_Lamp_C_UAID_C8D9D21886BE61C001_2075184990 Label:WB_Lamp2 SpatiallyLoaded:1 Bounds:IsValid=true, Min=(X=1611.636 Y=1354.353 Z=0.294), Max=(X=1744.903 Y=1438.397 Z=147.751) RuntimeGrid:None EditorOnly:0 RuntimeOnly:0 HLODRelevant:0
 |   |   |- [+] [ 16]
 |   |   |   |- Guid:D6E7880F40F329664CCFBDB0F9282717 BaseClass: NativeClass:/Script/Engine.PointLight Name:PointLight_UAID_C8D9D21886BE68C001_2125875222 Label:PointLight SpatiallyLoaded:1 Bounds:IsValid=true, Min=(X=17.384 Y=-851.563 Z=-789.046), Max=(X=2017.384 Y=1148.437 Z=1210.954) RuntimeGrid:None EditorOnly:0 RuntimeOnly:0 HLODRelevant:0
 |   |   |- [+] [ 17]
 |   |   |   |- Guid:0A4DE32D436A00DD6BFE2B9F4F589184 BaseClass: NativeClass:/Script/Engine.StaticMeshActor Name:StaticMeshActor_10 Label:SM_Cube6 SpatiallyLoaded:1 Bounds:IsValid=true, Min=(X=1843.551 Y=100.000 Z=-0.000), Max=(X=1943.551 Y=3400.000 Z=400.000) RuntimeGrid:None EditorOnly:0 RuntimeOnly:0 HLODRelevant:1 FolderPath:Playground FolderGuid:6C02BB504B69D1F3D7A624B130C18E5B
 |   |   |- [+] [ 18]
 |   |   |   |- Guid:357739D54D1E1CF790FF708BEE9ED738 BaseClass: NativeClass:/Script/Engine.PointLight Name:PointLight_UAID_C8D9D21886BE69C001_1101277403 Label:PointLight3 SpatiallyLoaded:1 Bounds:IsValid=true, Min=(X=255.196 Y=-863.134 Z=-1295.038), Max=(X=3338.035 Y=2219.706 Z=1787.802) RuntimeGrid:None EditorOnly:0 RuntimeOnly:0 HLODRelevant:0
 |   |   |- [+] [ 19]
 |   |   |   |- Guid:E49AD31E4C3B484F49A8B792A8A2AB5A BaseClass: NativeClass:/Script/Engine.ExponentialHeightFog Name:ExponentialHeightFog_0 Label:ExponentialHeightFog SpatiallyLoaded:0 Bounds:IsValid=true, Min=(X=-5600.000 Y=-50.000 Z=-6850.000), Max=(X=-5600.000 Y=-50.000 Z=-6850.000) RuntimeGrid:None EditorOnly:0 RuntimeOnly:0 HLODRelevant:0 FolderPath:Lighting FolderGuid:0BA5F0A04EADB18E70D5B180D08FA34B
 |   |   |- [+] [ 20]
 |   |   |   |- Guid:EC9689AA4771B1FD3891689C5CB6E9DB BaseClass: NativeClass:/Script/Engine.PointLight Name:PointLight_UAID_C8D9D21886BE69C001_1093592402 Label:PointLight2 SpatiallyLoaded:1 Bounds:IsValid=true, Min=(X=-379.856 Y=-321.714 Z=-753.618), Max=(X=1620.144 Y=1678.286 Z=1246.382) RuntimeGrid:None EditorOnly:0 RuntimeOnly:0 HLODRelevant:0
 |   |   |- [+] [ 21]
 |   |   |   |- Guid:CBCCCE0E48F73EA255F8DFBC783038AD BaseClass: NativeClass:/Script/Engine.StaticMeshActor Name:StaticMeshActor_9 Label:SM_Cube5 SpatiallyLoaded:1 Bounds:IsValid=true, Min=(X=-0.000 Y=100.000 Z=0.000), Max=(X=100.000 Y=3400.000 Z=400.000) RuntimeGrid:None EditorOnly:0 RuntimeOnly:0 HLODRelevant:1 FolderPath:Playground FolderGuid:6C02BB504B69D1F3D7A624B130C18E5B
 |   |   |- [+] [ 22]
 |   |   |   |- Guid:71DB2D4A4275A10B5DD9A7BC2756CB0E BaseClass: NativeClass:/Script/Engine.StaticMeshActor Name:StaticMeshActor_0 Label:SM_Cube SpatiallyLoaded:1 Bounds:IsValid=true, Min=(X=0.000 Y=0.000 Z=-50.000), Max=(X=3000.000 Y=1584.465 Z=0.000) RuntimeGrid:None EditorOnly:0 RuntimeOnly:0 HLODRelevant:1 FolderPath:Playground FolderGuid:6C02BB504B69D1F3D7A624B130C18E5B
 |   |   |- [+] [ 23]
 |   |   |   |- Guid:792068EE46F0B9077B3A34A4C14CBD53 BaseClass: NativeClass:/Script/Engine.StaticMeshActor Name:StaticMeshActor_UAID_C8D9D21886BE69C001_1089178401 Label:SM_Cube14 SpatiallyLoaded:1 Bounds:IsValid=true, Min=(X=-187.607 Y=0.000 Z=18.291), Max=(X=161.134 Y=100.000 Z=373.194) RuntimeGrid:None EditorOnly:0 RuntimeOnly:0 HLODRelevant:1 FolderPath:Playground FolderGuid:6C02BB504B69D1F3D7A624B130C18E5B
 |   |   |- [+] [ 24]
 |   |   |   |- Guid:AE1243EE4571B3978D55DCA217439323 BaseClass: NativeClass:/Script/Engine.StaticMeshActor Name:StaticMeshActor_UAID_C8D9D21886BE69C001_1076591400 Label:SM_Cube13 SpatiallyLoaded:1 Bounds:IsValid=true, Min=(X=669.635 Y=0.000 Z=18.291), Max=(X=1515.468 Y=100.000 Z=373.194) RuntimeGrid:None EditorOnly:0 RuntimeOnly:0 HLODRelevant:1 FolderPath:Playground FolderGuid:6C02BB504B69D1F3D7A624B130C18E5B
 |   |   |- [+] [ 25]
 |   |   |   |- Guid:3FF7708F490F4D8277F341A6845A6DD7 BaseClass: NativeClass:/Script/Engine.WorldDataLayers Name:WorldDataLayers Label:WorldDataLayers SpatiallyLoaded:0 Bounds:IsValid=true, Min=(X=0.000 Y=0.000 Z=0.000), Max=(X=0.000 Y=0.000 Z=0.000) RuntimeGrid:None EditorOnly:0 RuntimeOnly:0 HLODRelevant:0
 |   |   |- [+] [ 26]
 |   |   |   |- Guid:7C3F53B04AAC776988D3E7B1B930F528 BaseClass: NativeClass:/Script/Engine.StaticMeshActor Name:StaticMeshActor_UAID_C8D9D21886BE68C001_2143821223 Label:SM_Cube3 SpatiallyLoaded:1 Bounds:IsValid=true, Min=(X=0.000 Y=-0.000 Z=249.562), Max=(X=3000.000 Y=100.000 Z=473.376) RuntimeGrid:None EditorOnly:0 RuntimeOnly:0 HLODRelevant:1 FolderPath:Playground FolderGuid:6C02BB504B69D1F3D7A624B130C18E5B
 |   |   |- [+] [ 27]
 |   |   |   |- Guid:F577A41E4FEBF0EEDD4F5C8811306734 BaseClass: NativeClass:/Script/Engine.StaticMeshActor Name:StaticMeshActor_UAID_C8D9D21886BE68C001_2094806220 Label:SM_Cube11 SpatiallyLoaded:1 Bounds:IsValid=true, Min=(X=849.526 Y=36.780 Z=250.854), Max=(X=1332.739 Y=386.429 Z=267.456) RuntimeGrid:None EditorOnly:0 RuntimeOnly:0 HLODRelevant:1 FolderPath:Block01 FolderGuid:5710F1034B6DC7FBD588718E283EB93C
 |   |   |- [+] [ 28]
 |   |   |   |- Guid:119E57874C45E8AF12A492B2A38892E5 BaseClass: NativeClass:/Script/Engine.StaticMeshActor Name:StaticMeshActor_UAID_C8D9D21886BE68C001_2091195219 Label:SM_Cube8 SpatiallyLoaded:1 Bounds:IsValid=true, Min=(X=1249.595 Y=36.780 Z=-68.369), Max=(X=1266.187 Y=386.429 Z=329.919) RuntimeGrid:None EditorOnly:0 RuntimeOnly:0 HLODRelevant:1 FolderPath:Block01 FolderGuid:5710F1034B6DC7FBD588718E283EB93C
 |   |   |- [+] [ 29]
 |   |   |   |- Guid:B614E17942D9A77BB2F53FBF04D3A2F0 BaseClass:/Game/Objects/BP_Book.BP_Book_C NativeClass:/Script/Engine.Actor Name:BP_Book_C_UAID_C8D9D21886BE61C001_1100923985 Label:BP_Book SpatiallyLoaded:1 Bounds:IsValid=true, Min=(X=1711.352 Y=721.758 Z=1.314), Max=(X=1727.730 Y=757.337 Z=61.606) RuntimeGrid:None EditorOnly:0 RuntimeOnly:0 HLODRelevant:0
 |   |   |- [+] [ 30]
 |   |   |   |- Guid:FE13CAAF46AC4BB0EADA9781E6373823 BaseClass: NativeClass:/Script/Engine.StaticMeshActor Name:StaticMeshActor_20 Label:SM_ChamferCube2 SpatiallyLoaded:1 Bounds:IsValid=true, Min=(X=324.987 Y=1136.837 Z=0.013), Max=(X=453.158 Y=1265.008 Z=100.013) RuntimeGrid:None EditorOnly:0 RuntimeOnly:0 HLODRelevant:0 FolderPath:SimulatedCubes FolderGuid:9AEEADCB4DC6C647D6E7C0B4EDA1744F
 |   |   |- [+] [ 31]
 |   |   |   |- Guid:D3C0244A4E524C81A922579952D1E041 BaseClass: NativeClass:/Script/Engine.StaticMeshActor Name:StaticMeshActor_UAID_C8D9D21886BE68C001_2077928218 Label:SM_Cube7 SpatiallyLoaded:1 Bounds:IsValid=true, Min=(X=956.523 Y=36.780 Z=-68.369), Max=(X=968.201 Y=386.429 Z=329.919) RuntimeGrid:None EditorOnly:0 RuntimeOnly:0 HLODRelevant:1 FolderPath:Block01 FolderGuid:5710F1034B6DC7FBD588718E283EB93C
 |   |   |- [+] [ 32]
 |   |   |   |- Guid:A901E4E74A502C7FC2908ABC899CC79B BaseClass:/Game/Objects/BP_Book.BP_Book_C NativeClass:/Script/Engine.Actor Name:BP_Book_C_UAID_C8D9D21886BE61C001_1111263987 Label:BP_Book3 SpatiallyLoaded:1 Bounds:IsValid=true, Min=(X=1573.956 Y=851.164 Z=1.367), Max=(X=1634.116 Y=886.743 Z=7.390) RuntimeGrid:None EditorOnly:0 RuntimeOnly:0 HLODRelevant:0
 |   |   |- [+] [ 33]
 |   |   |   |- Guid:546888C04ED3C473BA5AED9E5389A6B7 BaseClass: NativeClass:/Script/Engine.StaticMeshActor Name:StaticMeshActor_UAID_C8D9D21886BE68C001_2118823221 Label:SM_Cube12 SpatiallyLoaded:1 Bounds:IsValid=true, Min=(X=0.000 Y=-0.000 Z=391.762), Max=(X=3000.000 Y=1584.465 Z=441.762) RuntimeGrid:None EditorOnly:0 RuntimeOnly:0 HLODRelevant:1 FolderPath:Playground FolderGuid:6C02BB504B69D1F3D7A624B130C18E5B
 |   |   |- [+] [ 34]
 |   |   |   |- Guid:6308040244008B0856D2CAAFC7492995 BaseClass: NativeClass:/Script/Engine.VolumetricCloud Name:VolumetricCloud_0 Label:VolumetricCloud SpatiallyLoaded:0 Bounds:IsValid=true, Min=(X=0.000 Y=0.000 Z=820.000), Max=(X=0.000 Y=0.000 Z=820.000) RuntimeGrid:None EditorOnly:0 RuntimeOnly:0 HLODRelevant:0 FolderPath:Lighting FolderGuid:0BA5F0A04EADB18E70D5B180D08FA34B
 |   |   |- [+] [ 35]
 |   |   |   |- Guid:B2EF463D42668B9C575876BD253932FE BaseClass:/Game/Objects/BP_Blob.BP_Blob_C NativeClass:/Script/Engine.Actor Name:BP_Blob_C_UAID_C8D9D21886BE64C001_1461052531 Label:BP_Blob SpatiallyLoaded:1 Bounds:IsValid=true, Min=(X=999.588 Y=108.073 Z=-113.535), Max=(X=1226.658 Y=335.144 Z=180.511) RuntimeGrid:None EditorOnly:0 RuntimeOnly:0 HLODRelevant:0
 |   |   |- [+] [ 36]
 |   |   |   |- Guid:24FCAD3A4C23676610C25CA9EE6F60CB BaseClass:/Game/Objects/BP_WeldingTorch.BP_WeldingTorch_C NativeClass:/Script/Engine.Actor Name:BP_WeldingTorch_C_UAID_C8D9D21886BE66C001_1158587863 Label:BP_WeldingTorch SpatiallyLoaded:1 Bounds:IsValid=true, Min=(X=1390.295 Y=781.480 Z=-0.000), Max=(X=1400.565 Y=791.750 Z=83.756) RuntimeGrid:None EditorOnly:0 RuntimeOnly:0 HLODRelevant:0
 |   |   |- [+] [ 37]
 |   |   |   |- Guid:C4BC2F1D45201B7E44FC64BDE6531EDC BaseClass:/Game/Objects/BP_Shelf.BP_Shelf_C NativeClass:/Script/Engine.Actor Name:BP_Bookshelf_C_UAID_C8D9D21886BE66C001_2030682864 Label:BP_Bookshelf SpatiallyLoaded:1 Bounds:IsValid=true, Min=(X=1814.185 Y=856.949 Z=96.655), Max=(X=1865.576 Y=1006.567 Z=153.059) RuntimeGrid:None EditorOnly:0 RuntimeOnly:0 HLODRelevant:0
 |   |   |- [+] [ 38]
 |   |   |   |- Guid:5BB213644E8611289C0E5B89F91414A0 BaseClass:/Game/Objects/BP_Battery.BP_Battery_C NativeClass:/Script/Engine.Actor Name:BP_Battery_C_UAID_C8D9D21886BE66C001_2143973865 Label:BP_Battery SpatiallyLoaded:1 Bounds:IsValid=true, Min=(X=1413.251 Y=992.921 Z=-0.000), Max=(X=1443.250 Y=1022.921 Z=30.000) RuntimeGrid:None EditorOnly:0 RuntimeOnly:0 HLODRelevant:0
 |   |   |- [+] [ 39]
 |   |   |   |- Guid:84848AAC42BF72E6FDF6DEAEF5C68365 BaseClass: NativeClass:/Script/Engine.StaticMeshActor Name:StaticMeshActor_UAID_C8D9D21886BE69C001_1195451404 Label:SM_Cube15 SpatiallyLoaded:1 Bounds:IsValid=true, Min=(X=870.578 Y=100.000 Z=0.000), Max=(X=907.514 Y=1154.870 Z=400.000) RuntimeGrid:None EditorOnly:0 RuntimeOnly:0 HLODRelevant:1 FolderPath:Playground FolderGuid:6C02BB504B69D1F3D7A624B130C18E5B
 |   |   |- [+] [ 40]
 |   |   |   |- Guid:850CF012415DC701B272159FF35C4904 BaseClass: NativeClass:/Script/Engine.StaticMeshActor Name:StaticMeshActor_UAID_C8D9D21886BE69C001_1227057406 Label:SM_Cube16 SpatiallyLoaded:1 Bounds:IsValid=true, Min=(X=-9.144 Y=1570.088 Z=-32.477), Max=(X=1891.014 Y=1636.227 Z=427.148) RuntimeGrid:None EditorOnly:0 RuntimeOnly:0 HLODRelevant:1 FolderPath:Playground FolderGuid:6C02BB504B69D1F3D7A624B130C18E5B
 |- ContainerInstances:
 |- [+] MainContainer:
 |   |-        ID: 0x0000000000000000
 |   |-    Bounds: IsValid=false, Min=(X=0.000 Y=0.000 Z=0.000), Max=(X=0.000 Y=0.000 Z=0.000)
 |   |- Transform: 0.000000,0.000000,0.000000|0.000000,0.000000,-0.000000|1.000000,1.000000,1.000000
 |   |- Container: /Game/Maps/TestingMap
----------------------------------------------------------------------------------------------------------------
TestingMap - Persistent Level
----------------------------------------------------------------------------------------------------------------
Always loaded Actor Count: 90 

----------------------------------------------------------------------------------------------------------------
TestingMap - Runtime Spatial Hash - Streaming Grid - MainGrid
----------------------------------------------------------------------------------------------------------------
            Origin: X=0.000 Y=0.000 Z=0.000
         Cell Size: 12800
      World Bounds: IsValid=false, Min=(X=0.000 Y=0.000 Z=0.000), Max=(X=0.000 Y=0.000 Z=0.000)
     Loading Range: 25600.00
Block Slow Loading: No
 ClientOnlyVisible: No

[+] Grid Levels: 1
 |- Level  0: Cell Count    0 | Cell Size   12800 | Actor Count    0 (0.0%)

[+] Content of Grid Level 0

