[+] Containers:
 |- [+] Container: /Game/Maps/TestingMap
 |   |- [+] ActorDescs:
 |   |   |- Guid:043DD81F47484DDF8CD7CB8D71581929 BaseClass: NativeClass:/Script/Engine.StaticMeshActor Name:StaticMeshActor_36 Label:SM_QuarterCylinder10 SpatiallyLoaded:1 Bounds:IsValid=true, Min=(X=1700.000 Y=1800.000 Z=0.000), Max=(X=1800.000 Y=1900.000 Z=200.000) RuntimeGrid:None EditorOnly:0 RuntimeOnly:0 HLODRelevant:1 FolderPath:Block02 FolderGuid:275232DB4A90E8B2799B29BD69C59B9E
 |   |   |- Guid:06FF9CDA4BD02075AAA875810854542E BaseClass: NativeClass:/Script/Engine.StaticMeshActor Name:StaticMeshActor_43 Label:SM_ChamferCube9 SpatiallyLoaded:1 Bounds:IsValid=true, Min=(X=1476.560 Y=289.790 Z=0.013), Max=(X=1613.162 Y=426.393 Z=100.013) RuntimeGrid:None EditorOnly:0 RuntimeOnly:0 HLODRelevant:0 FolderPath:SimulatedCubes FolderGuid:9AEEADCB4DC6C647D6E7C0B4EDA1744F
 |   |   |- Guid:072CDDDA434F4F16DA07A1B957D51990 BaseClass: NativeClass:/Script/Engine.StaticMeshActor Name:StaticMeshActor_32 Label:SM_QuarterCylinder8 SpatiallyLoaded:1 Bounds:IsValid=true, Min=(X=1300.000 Y=2600.000 Z=0.000), Max=(X=1400.000 Y=2700.000 Z=200.000) RuntimeGrid:None EditorOnly:0 RuntimeOnly:0 HLODRelevant:1 FolderPath:Block03 FolderGuid:0C5AB36945998C19C9EA9283402A8E02
 |   |   |- Guid:0A4DE32D436A00DD6BFE2B9F4F589184 BaseClass: NativeClass:/Script/Engine.StaticMeshActor Name:StaticMeshActor_10 Label:SM_Cube6 SpatiallyLoaded:1 Bounds:IsValid=true, Min=(X=2900.000 Y=100.000 Z=0.000), Max=(X=3000.000 Y=3400.000 Z=400.000) RuntimeGrid:None EditorOnly:0 RuntimeOnly:0 HLODRelevant:1 FolderPath:Playground FolderGuid:6C02BB504B69D1F3D7A624B130C18E5B
 |   |   |- Guid:104B347C44D07C56FB5280A81BED3EC9 BaseClass: NativeClass:/Script/Engine.StaticMeshActor Name:StaticMeshActor_27 Label:SM_QuarterCylinder13 SpatiallyLoaded:1 Bounds:IsValid=true, Min=(X=2100.000 Y=2550.000 Z=0.000), Max=(X=2300.000 Y=2750.000 Z=200.000) RuntimeGrid:None EditorOnly:0 RuntimeOnly:0 HLODRelevant:1 FolderPath:Cylinder FolderGuid:98EA6984416B46BD4E6349A7D9A13307
 |   |   |- Guid:215C921341CDDEE24ABE6CADB8ABFC1A BaseClass: NativeClass:/Script/Engine.StaticMeshActor Name:StaticMeshActor_25 Label:SM_QuarterCylinder11 SpatiallyLoaded:1 Bounds:IsValid=true, Min=(X=2300.000 Y=2750.000 Z=0.000), Max=(X=2500.000 Y=2950.000 Z=200.000) RuntimeGrid:None EditorOnly:0 RuntimeOnly:0 HLODRelevant:1 FolderPath:Cylinder FolderGuid:98EA6984416B46BD4E6349A7D9A13307
 |   |   |- Guid:2374A3024982E21B1567CE8E480BBB69 BaseClass: NativeClass:/Script/Engine.StaticMeshActor Name:StaticMeshActor_31 Label:SM_QuarterCylinder7 SpatiallyLoaded:1 Bounds:IsValid=true, Min=(X=1300.000 Y=2800.000 Z=0.000), Max=(X=1400.000 Y=2900.000 Z=200.000) RuntimeGrid:None EditorOnly:0 RuntimeOnly:0 HLODRelevant:1 FolderPath:Block03 FolderGuid:0C5AB36945998C19C9EA9283402A8E02
 |   |   |- Guid:24FCAD3A4C23676610C25CA9EE6F60CB BaseClass:/Game/Objects/BP_WeldingTorch.BP_WeldingTorch_C NativeClass:/Script/Engine.Actor Name:BP_WeldingTorch_C_UAID_C8D9D21886BE66C001_1158587863 Label:BP_WeldingTorch SpatiallyLoaded:1 Bounds:IsValid=true, Min=(X=838.710 Y=564.381 Z=-1116.567), Max=(X=2694.706 Y=1044.963 Z=742.393) RuntimeGrid:None EditorOnly:0 RuntimeOnly:0 HLODRelevant:0
 |   |   |- Guid:276A0D3843F93D08A8EA09842931F00D BaseClass: NativeClass:/Script/Engine.DirectionalLight Name:DirectionalLight_1 Label:DirectionalLight SpatiallyLoaded:0 Bounds:IsValid=true, Min=(X=-4398046511104.000 Y=-4398046511104.000 Z=-4398046511104.000), Max=(X=4398046511104.000 Y=4398046511104.000 Z=4398046511104.000) RuntimeGrid:None EditorOnly:0 RuntimeOnly:0 HLODRelevant:0 FolderPath:Lighting FolderGuid:0BA5F0A04EADB18E70D5B180D08FA34B
 |   |   |- Guid:31DF913B40292A62CA0103A322C5D509 BaseClass: NativeClass:/Script/Engine.PostProcessVolume Name:PostProcessVolume_0 Label:PostProcessVolume SpatiallyLoaded:0 Bounds:IsValid=true, Min=(X=0.000 Y=0.000 Z=400.000), Max=(X=200.000 Y=200.000 Z=600.000) RuntimeGrid:None EditorOnly:0 RuntimeOnly:0 HLODRelevant:0 FolderPath:Lighting FolderGuid:0BA5F0A04EADB18E70D5B180D08FA34B
 |   |   |- Guid:3891DBDC455ABC5D7FCF45AD70E4520D BaseClass: NativeClass:/Script/Engine.StaticMeshActor Name:StaticMeshActor_51 Label:SM_ChamferCube16 SpatiallyLoaded:1 Bounds:IsValid=true, Min=(X=2480.411 Y=2247.371 Z=100.013), Max=(X=2580.411 Y=2347.371 Z=200.013) RuntimeGrid:None EditorOnly:0 RuntimeOnly:0 HLODRelevant:0 FolderPath:SimulatedCubes FolderGuid:9AEEADCB4DC6C647D6E7C0B4EDA1744F
 |   |   |- Guid:3D24A016401DE21AD3D0869B3630F0AE BaseClass:/Game/Objects/WB_Lamp.WB_Lamp_C NativeClass:/Script/Engine.Actor Name:WB_Lamp_C_UAID_C8D9D21886BE61C001_1925840989 Label:WB_Lamp SpatiallyLoaded:1 Bounds:IsValid=true, Min=(X=1508.640 Y=1397.264 Z=0.294), Max=(X=1561.167 Y=1449.791 Z=83.586) RuntimeGrid:None EditorOnly:0 RuntimeOnly:0 HLODRelevant:0
 |   |   |- Guid:3E36E7314A76EBB476CA50A90E5A0797 BaseClass: NativeClass:/Script/Engine.SkyAtmosphere Name:SkyAtmosphere_0 Label:SkyAtmosphere SpatiallyLoaded:0 Bounds:IsValid=true, Min=(X=0.000 Y=0.000 Z=1020.000), Max=(X=0.000 Y=0.000 Z=1020.000) RuntimeGrid:None EditorOnly:0 RuntimeOnly:0 HLODRelevant:0 FolderPath:Lighting FolderGuid:0BA5F0A04EADB18E70D5B180D08FA34B
 |   |   |- Guid:3E61C29C41372ED23F9470823B31B89C BaseClass: NativeClass:/Script/Engine.StaticMeshActor Name:StaticMeshActor_15 Label:SM_Cube10 SpatiallyLoaded:1 Bounds:IsValid=true, Min=(X=2345.000 Y=1000.000 Z=100.000), Max=(X=2545.000 Y=1100.000 Z=200.000) RuntimeGrid:None EditorOnly:0 RuntimeOnly:0 HLODRelevant:1 FolderPath:Block01 FolderGuid:5710F1034B6DC7FBD588718E283EB93C
 |   |   |- Guid:3FF7708F490F4D8277F341A6845A6DD7 BaseClass: NativeClass:/Script/Engine.WorldDataLayers Name:WorldDataLayers Label:WorldDataLayers SpatiallyLoaded:0 Bounds:IsValid=true, Min=(X=0.000 Y=0.000 Z=0.000), Max=(X=0.000 Y=0.000 Z=0.000) RuntimeGrid:None EditorOnly:0 RuntimeOnly:0 HLODRelevant:0
 |   |   |- Guid:457B972F4613A72FF0CF61913C531DC9 BaseClass:/Game/Player/BP_Pickup_Rifle.BP_Pickup_Rifle_C NativeClass:/Script/Engine.Actor Name:BP_Rifle_C_1 Label:BP_Pickup_Rifle SpatiallyLoaded:1 Bounds:IsValid=true, Min=(X=1378.000 Y=658.000 Z=64.000), Max=(X=1442.000 Y=747.440 Z=128.000) RuntimeGrid:None EditorOnly:0 RuntimeOnly:0 HLODRelevant:0
 |   |   |- Guid:4715897640D868B045A1A894A0ACAB70 BaseClass: NativeClass:/Script/Engine.StaticMeshActor Name:StaticMeshActor_49 Label:SM_ChamferCube14 SpatiallyLoaded:1 Bounds:IsValid=true, Min=(X=2480.411 Y=2302.371 Z=0.013), Max=(X=2580.411 Y=2402.371 Z=100.013) RuntimeGrid:None EditorOnly:0 RuntimeOnly:0 HLODRelevant:0 FolderPath:SimulatedCubes FolderGuid:9AEEADCB4DC6C647D6E7C0B4EDA1744F
 |   |   |- Guid:4B43B9BB4C743E671498839578E37AB7 BaseClass: NativeClass:/Script/Engine.StaticMeshActor Name:StaticMeshActor_17 Label:SM_QuarterCylinder SpatiallyLoaded:1 Bounds:IsValid=true, Min=(X=1200.000 Y=1800.000 Z=0.000), Max=(X=1300.000 Y=1900.000 Z=200.000) RuntimeGrid:None EditorOnly:0 RuntimeOnly:0 HLODRelevant:1 FolderPath:Block04 FolderGuid:D00C3F324D055BED943FA6B0235C7FA2
 |   |   |- Guid:4CC8EF44417D346DF96A418B98C5326F BaseClass: NativeClass:/Script/Engine.StaticMeshActor Name:StaticMeshActor_28 Label:SM_QuarterCylinder14 SpatiallyLoaded:1 Bounds:IsValid=true, Min=(X=2300.000 Y=2550.000 Z=0.000), Max=(X=2500.000 Y=2750.000 Z=200.000) RuntimeGrid:None EditorOnly:0 RuntimeOnly:0 HLODRelevant:1 FolderPath:Cylinder FolderGuid:98EA6984416B46BD4E6349A7D9A13307
 |   |   |- Guid:512E1E6645AD4E8CEA5DA0B251AAF543 BaseClass: NativeClass:/Script/Engine.StaticMeshActor Name:StaticMeshActor_18 Label:SM_QuarterCylinder2 SpatiallyLoaded:1 Bounds:IsValid=true, Min=(X=1200.000 Y=1600.000 Z=0.000), Max=(X=1300.000 Y=1700.000 Z=200.000) RuntimeGrid:None EditorOnly:0 RuntimeOnly:0 HLODRelevant:1 FolderPath:Block04 FolderGuid:D00C3F324D055BED943FA6B0235C7FA2
 |   |   |- Guid:53E71DA84316BB7BF7D691970611730C BaseClass: NativeClass:/Script/Engine.StaticMeshActor Name:StaticMeshActor_8 Label:SM_ChamferCube3 SpatiallyLoaded:1 Bounds:IsValid=true, Min=(X=257.548 Y=2127.548 Z=0.063), Max=(X=462.452 Y=2332.452 Z=150.063) RuntimeGrid:None EditorOnly:0 RuntimeOnly:0 HLODRelevant:0 FolderPath:SimulatedCubes FolderGuid:9AEEADCB4DC6C647D6E7C0B4EDA1744F
 |   |   |- Guid:5AA6440B4219BB549629F281440CF74C BaseClass: NativeClass:/Script/Engine.StaticMeshActor Name:StaticMeshActor_33 Label:SM_Cube14 SpatiallyLoaded:1 Bounds:IsValid=true, Min=(X=1300.000 Y=2700.000 Z=0.000), Max=(X=1400.000 Y=2800.000 Z=200.000) RuntimeGrid:None EditorOnly:0 RuntimeOnly:0 HLODRelevant:1 FolderPath:Block03 FolderGuid:0C5AB36945998C19C9EA9283402A8E02
 |   |   |- Guid:5B5C3C6047B1E1AE8317409FE2791699 BaseClass: NativeClass:/Script/Engine.StaticMeshActor Name:StaticMeshActor_50 Label:SM_ChamferCube15 SpatiallyLoaded:1 Bounds:IsValid=true, Min=(X=2480.411 Y=2187.371 Z=0.013), Max=(X=2580.411 Y=2287.371 Z=100.013) RuntimeGrid:None EditorOnly:0 RuntimeOnly:0 HLODRelevant:0 FolderPath:SimulatedCubes FolderGuid:9AEEADCB4DC6C647D6E7C0B4EDA1744F
 |   |   |- Guid:5E91932740AF29845EAE83A266053C75 BaseClass: NativeClass:/Script/Engine.StaticMeshActor Name:StaticMeshActor_30 Label:SM_ChamferCube5 SpatiallyLoaded:1 Bounds:IsValid=true, Min=(X=1765.431 Y=2937.543 Z=0.063), Max=(X=1976.756 Y=3148.868 Z=150.063) RuntimeGrid:None EditorOnly:0 RuntimeOnly:0 HLODRelevant:0 FolderPath:SimulatedCubes FolderGuid:9AEEADCB4DC6C647D6E7C0B4EDA1744F
 |   |   |- Guid:614E276147EE50A9DBE7C4B8F46A18F3 BaseClass: NativeClass:/Script/Engine.StaticMeshActor Name:StaticMeshActor_29 Label:SM_ChamferCube4 SpatiallyLoaded:1 Bounds:IsValid=true, Min=(X=334.338 Y=334.338 Z=0.063), Max=(X=545.662 Y=545.662 Z=150.063) RuntimeGrid:None EditorOnly:0 RuntimeOnly:0 HLODRelevant:0 FolderPath:SimulatedCubes FolderGuid:9AEEADCB4DC6C647D6E7C0B4EDA1744F
 |   |   |- Guid:6308040244008B0856D2CAAFC7492995 BaseClass: NativeClass:/Script/Engine.VolumetricCloud Name:VolumetricCloud_0 Label:VolumetricCloud SpatiallyLoaded:0 Bounds:IsValid=true, Min=(X=0.000 Y=0.000 Z=820.000), Max=(X=0.000 Y=0.000 Z=820.000) RuntimeGrid:None EditorOnly:0 RuntimeOnly:0 HLODRelevant:0 FolderPath:Lighting FolderGuid:0BA5F0A04EADB18E70D5B180D08FA34B
 |   |   |- Guid:71DB2D4A4275A10B5DD9A7BC2756CB0E BaseClass: NativeClass:/Script/Engine.StaticMeshActor Name:StaticMeshActor_0 Label:SM_Cube SpatiallyLoaded:1 Bounds:IsValid=true, Min=(X=0.000 Y=0.000 Z=-50.000), Max=(X=3000.000 Y=3500.000 Z=0.000) RuntimeGrid:None EditorOnly:0 RuntimeOnly:0 HLODRelevant:1 FolderPath:Playground FolderGuid:6C02BB504B69D1F3D7A624B130C18E5B
 |   |   |- Guid:7316D9B7462D96FA289CDEB455794F29 BaseClass: NativeClass:/Script/Engine.StaticMeshActor Name:StaticMeshActor_22 Label:SM_QuarterCylinder5 SpatiallyLoaded:1 Bounds:IsValid=true, Min=(X=600.000 Y=2800.000 Z=0.000), Max=(X=700.000 Y=2900.000 Z=200.000) RuntimeGrid:None EditorOnly:0 RuntimeOnly:0 HLODRelevant:1 FolderPath:Block03 FolderGuid:0C5AB36945998C19C9EA9283402A8E02
 |   |   |- Guid:78895D054C41667CE9A1DC8A4E448A83 BaseClass: NativeClass:/Script/Engine.StaticMeshActor Name:StaticMeshActor_38 Label:SM_ChamferCube18 SpatiallyLoaded:1 Bounds:IsValid=true, Min=(X=343.798 Y=1188.520 Z=100.013), Max=(X=471.969 Y=1316.691 Z=200.013) RuntimeGrid:None EditorOnly:0 RuntimeOnly:0 HLODRelevant:0 FolderPath:SimulatedCubes FolderGuid:9AEEADCB4DC6C647D6E7C0B4EDA1744F
 |   |   |- Guid:836E5AEC4DCAEDCEAF9791A66959D784 BaseClass: NativeClass:/Script/Engine.StaticMeshActor Name:StaticMeshActor_14 Label:SM_Ramp3 SpatiallyLoaded:1 Bounds:IsValid=true, Min=(X=2345.000 Y=600.000 Z=100.000), Max=(X=2545.000 Y=1000.000 Z=200.000) RuntimeGrid:None EditorOnly:0 RuntimeOnly:0 HLODRelevant:1 FolderPath:Block01 FolderGuid:5710F1034B6DC7FBD588718E283EB93C
 |   |   |- Guid:8378E9DB429C0EAB5A3F738CC81F1B0F BaseClass: NativeClass:/Script/Engine.StaticMeshActor Name:StaticMeshActor_34 Label:SM_Cube15 SpatiallyLoaded:1 Bounds:IsValid=true, Min=(X=1800.000 Y=1600.000 Z=0.000), Max=(X=2900.000 Y=1900.000 Z=200.000) RuntimeGrid:None EditorOnly:0 RuntimeOnly:0 HLODRelevant:1 FolderPath:Block02 FolderGuid:275232DB4A90E8B2799B29BD69C59B9E
 |   |   |- Guid:8591CDB34BA1AA2BA22F9EB6CDBEA067 BaseClass: NativeClass:/Script/Engine.StaticMeshActor Name:StaticMeshActor_42 Label:SM_Ramp5 SpatiallyLoaded:1 Bounds:IsValid=true, Min=(X=1800.000 Y=1900.000 Z=0.000), Max=(X=2900.000 Y=2000.000 Z=200.000) RuntimeGrid:None EditorOnly:0 RuntimeOnly:0 HLODRelevant:1 FolderPath:Block02 FolderGuid:275232DB4A90E8B2799B29BD69C59B9E
 |   |   |- Guid:8673598D4D69775FFDF594BC3724F4BE BaseClass: NativeClass:/Script/Engine.StaticMeshActor Name:StaticMeshActor_46 Label:SM_ChamferCube12 SpatiallyLoaded:1 Bounds:IsValid=true, Min=(X=204.335 Y=3056.000 Z=0.013), Max=(X=345.218 Y=3196.884 Z=100.013) RuntimeGrid:None EditorOnly:0 RuntimeOnly:0 HLODRelevant:0 FolderPath:SimulatedCubes FolderGuid:9AEEADCB4DC6C647D6E7C0B4EDA1744F
 |   |   |- Guid:86A721EC49390EE7708B89ADED83F685 BaseClass: NativeClass:/Script/Engine.StaticMeshActor Name:StaticMeshActor_47 Label:SM_ChamferCube13 SpatiallyLoaded:1 Bounds:IsValid=true, Min=(X=250.297 Y=3094.568 Z=100.013), Max=(X=391.180 Y=3235.451 Z=200.013) RuntimeGrid:None EditorOnly:0 RuntimeOnly:0 HLODRelevant:0 FolderPath:SimulatedCubes FolderGuid:9AEEADCB4DC6C647D6E7C0B4EDA1744F
 |   |   |- Guid:89759ADC459A04F2C7D720A021607A87 BaseClass: NativeClass:/Script/Engine.StaticMeshActor Name:StaticMeshActor_UAID_A4AE111137DC5EFB00_2001720423 Label:SM_SkySphere SpatiallyLoaded:0 Bounds:IsValid=true, Min=(X=-1638400.000 Y=-1638400.000 Z=-1638400.000), Max=(X=1638400.000 Y=1638400.000 Z=1638400.000) RuntimeGrid:None EditorOnly:0 RuntimeOnly:0 HLODRelevant:1 FolderPath:Lighting FolderGuid:0BA5F0A04EADB18E70D5B180D08FA34B
 |   |   |- Guid:8A7FFC3843CD52A213E2BAA2ABD56796 BaseClass:/Game/Player/BP_FirstPersonCharacter.BP_FirstPersonCharacter_C NativeClass:/Script/Engine.Character Name:BP_FirstPersonCharacter_C_UAID_C8D9D21886BE63C001_1576410335 Label:BP_FirstPersonCharacter SpatiallyLoaded:1 Bounds:IsValid=true, Min=(X=897.243 Y=942.712 Z=-3.128), Max=(X=1134.672 Y=1084.038 Z=192.000) RuntimeGrid:None EditorOnly:0 RuntimeOnly:0 HLODRelevant:0
 |   |   |- Guid:8E81C530442040E589CEC8B528F36351 BaseClass: NativeClass:/Script/Engine.TextRenderActor Name:TextRenderActor_1 Label:TextRenderActor SpatiallyLoaded:1 Bounds:IsValid=true, Min=(X=-0.100 Y=1100.000 Z=65.013), Max=(X=-0.100 Y=2363.461 Z=215.013) RuntimeGrid:None EditorOnly:0 RuntimeOnly:0 HLODRelevant:0
 |   |   |- Guid:8FA0F0634FEEBAAA7A315C98B490846A BaseClass: NativeClass:/Script/Engine.StaticMeshActor Name:StaticMeshActor_UAID_C8D9D21886BE60C001_1137173807 Label:SM_ChamferCube19 SpatiallyLoaded:1 Bounds:IsValid=true, Min=(X=1042.884 Y=1237.605 Z=135.013), Max=(X=1072.884 Y=1267.605 Z=165.013) RuntimeGrid:None EditorOnly:0 RuntimeOnly:0 HLODRelevant:0 FolderPath:SimulatedCubes FolderGuid:9AEEADCB4DC6C647D6E7C0B4EDA1744F
 |   |   |- Guid:90CC589F48F9555E641827B2528E60E7 BaseClass: NativeClass:/Script/Engine.StaticMeshActor Name:StaticMeshActor_16 Label:SM_Cube11 SpatiallyLoaded:1 Bounds:IsValid=true, Min=(X=700.000 Y=2600.000 Z=0.000), Max=(X=1300.000 Y=2900.000 Z=200.000) RuntimeGrid:None EditorOnly:0 RuntimeOnly:0 HLODRelevant:1 FolderPath:Block03 FolderGuid:0C5AB36945998C19C9EA9283402A8E02
 |   |   |- Guid:9E2C6418420A8DD24083E78746B66E25 BaseClass: NativeClass:/Script/Engine.StaticMeshActor Name:StaticMeshActor_45 Label:SM_ChamferCube11 SpatiallyLoaded:1 Bounds:IsValid=true, Min=(X=292.430 Y=3129.921 Z=0.013), Max=(X=433.313 Y=3270.804 Z=100.013) RuntimeGrid:None EditorOnly:0 RuntimeOnly:0 HLODRelevant:0 FolderPath:SimulatedCubes FolderGuid:9AEEADCB4DC6C647D6E7C0B4EDA1744F
 |   |   |- Guid:9E5BD484481294BA14DBC99526A8CFC7 BaseClass: NativeClass:/Script/Engine.StaticMeshActor Name:StaticMeshActor_26 Label:SM_QuarterCylinder12 SpatiallyLoaded:1 Bounds:IsValid=true, Min=(X=2100.000 Y=2750.000 Z=0.000), Max=(X=2300.000 Y=2950.000 Z=200.000) RuntimeGrid:None EditorOnly:0 RuntimeOnly:0 HLODRelevant:1 FolderPath:Cylinder FolderGuid:98EA6984416B46BD4E6349A7D9A13307
 |   |   |- Guid:A2AC53C0496CA3EC7C25EEA3BCE295ED BaseClass: NativeClass:/Script/Engine.StaticMeshActor Name:StaticMeshActor_5 Label:SM_Cube4 SpatiallyLoaded:1 Bounds:IsValid=true, Min=(X=1745.000 Y=600.000 Z=0.000), Max=(X=2345.000 Y=1100.000 Z=200.000) RuntimeGrid:None EditorOnly:0 RuntimeOnly:0 HLODRelevant:1 FolderPath:Block01 FolderGuid:5710F1034B6DC7FBD588718E283EB93C
 |   |   |- Guid:A901E4E74A502C7FC2908ABC899CC79B BaseClass:/Game/Objects/BP_Book.BP_Book_C NativeClass:/Script/Engine.Actor Name:BP_Book_C_UAID_C8D9D21886BE61C001_1111263987 Label:BP_Book3 SpatiallyLoaded:1 Bounds:IsValid=true, Min=(X=1573.956 Y=851.164 Z=1.367), Max=(X=1634.116 Y=886.743 Z=7.390) RuntimeGrid:None EditorOnly:0 RuntimeOnly:0 HLODRelevant:0
 |   |   |- Guid:A96510824F62CC9E0EEB72B0BC25FB4D BaseClass: NativeClass:/Script/Engine.StaticMeshActor Name:StaticMeshActor_35 Label:SM_QuarterCylinder9 SpatiallyLoaded:1 Bounds:IsValid=true, Min=(X=1700.000 Y=1600.000 Z=0.000), Max=(X=1800.000 Y=1700.000 Z=200.000) RuntimeGrid:None EditorOnly:0 RuntimeOnly:0 HLODRelevant:1 FolderPath:Block02 FolderGuid:275232DB4A90E8B2799B29BD69C59B9E
 |   |   |- Guid:A990D03A4541A8BF3B25B6A9938F1EB3 BaseClass: NativeClass:/Script/Engine.StaticMeshActor Name:StaticMeshActor_23 Label:SM_Cube13 SpatiallyLoaded:1 Bounds:IsValid=true, Min=(X=600.000 Y=2700.000 Z=0.000), Max=(X=700.000 Y=2800.000 Z=200.000) RuntimeGrid:None EditorOnly:0 RuntimeOnly:0 HLODRelevant:1 FolderPath:Block03 FolderGuid:0C5AB36945998C19C9EA9283402A8E02
 |   |   |- Guid:AA42EF51496963070B8BA19DCBBED0E2 BaseClass: NativeClass:/Script/Engine.StaticMeshActor Name:StaticMeshActor_21 Label:SM_QuarterCylinder4 SpatiallyLoaded:1 Bounds:IsValid=true, Min=(X=600.000 Y=2600.000 Z=0.000), Max=(X=700.000 Y=2700.000 Z=200.000) RuntimeGrid:None EditorOnly:0 RuntimeOnly:0 HLODRelevant:1 FolderPath:Block03 FolderGuid:0C5AB36945998C19C9EA9283402A8E02
 |   |   |- Guid:B2EF463D42668B9C575876BD253932FE BaseClass:/Game/Objects/BP_Blob.BP_Blob_C NativeClass:/Script/Engine.Actor Name:BP_Blob_C_UAID_C8D9D21886BE64C001_1461052531 Label:BP_Blob SpatiallyLoaded:1 Bounds:IsValid=true, Min=(X=868.897 Y=284.769 Z=-160.000), Max=(X=1188.897 Y=604.769 Z=254.385) RuntimeGrid:None EditorOnly:0 RuntimeOnly:0 HLODRelevant:0
 |   |   |- Guid:B614E17942D9A77BB2F53FBF04D3A2F0 BaseClass:/Game/Objects/BP_Book.BP_Book_C NativeClass:/Script/Engine.Actor Name:BP_Book_C_UAID_C8D9D21886BE61C001_1100923985 Label:BP_Book SpatiallyLoaded:1 Bounds:IsValid=true, Min=(X=1711.352 Y=721.758 Z=1.314), Max=(X=1727.730 Y=757.337 Z=61.606) RuntimeGrid:None EditorOnly:0 RuntimeOnly:0 HLODRelevant:0
 |   |   |- Guid:B6BF6565464D618E98FE859815C86ABF BaseClass:/Game/Objects/WB_Lamp.WB_Lamp_C NativeClass:/Script/Engine.Actor Name:WB_Lamp_C_UAID_C8D9D21886BE61C001_2075184990 Label:WB_Lamp2 SpatiallyLoaded:1 Bounds:IsValid=true, Min=(X=1618.539 Y=1370.111 Z=0.294), Max=(X=1671.066 Y=1422.638 Z=83.586) RuntimeGrid:None EditorOnly:0 RuntimeOnly:0 HLODRelevant:0
 |   |   |- Guid:BF0C895549BAE54B2DBA53BBE94C428A BaseClass:/Game/Objects/BP_Object.BP_Object_C NativeClass:/Script/Engine.Actor Name:BP_Object_C_UAID_C8D9D21886BE60C001_1221764808 Label:BP_Object SpatiallyLoaded:1 Bounds:IsValid=true, Min=(X=1530.212 Y=970.000 Z=-0.000), Max=(X=1630.212 Y=1070.000 Z=100.000) RuntimeGrid:None EditorOnly:0 RuntimeOnly:0 HLODRelevant:0
 |   |   |- Guid:C3C2DDC240732D96CBC7B2BDEC8DCA92 BaseClass: NativeClass:/Script/Engine.StaticMeshActor Name:StaticMeshActor_37 Label:SM_Cube16 SpatiallyLoaded:1 Bounds:IsValid=true, Min=(X=1700.000 Y=1700.000 Z=0.000), Max=(X=1800.000 Y=1800.000 Z=200.000) RuntimeGrid:None EditorOnly:0 RuntimeOnly:0 HLODRelevant:1 FolderPath:Block02 FolderGuid:275232DB4A90E8B2799B29BD69C59B9E
 |   |   |- Guid:C3D4A7984A3B76AE400E05A03984A8AC BaseClass:/Game/Objects/BP_Book.BP_Book_C NativeClass:/Script/Engine.Actor Name:BP_Book_C_UAID_C8D9D21886BE61C001_1105515986 Label:BP_Book2 SpatiallyLoaded:1 Bounds:IsValid=true, Min=(X=1634.758 Y=771.509 Z=1.791), Max=(X=1704.648 Y=832.402 Z=7.814) RuntimeGrid:None EditorOnly:0 RuntimeOnly:0 HLODRelevant:0
 |   |   |- Guid:CBCCCE0E48F73EA255F8DFBC783038AD BaseClass: NativeClass:/Script/Engine.StaticMeshActor Name:StaticMeshActor_9 Label:SM_Cube5 SpatiallyLoaded:1 Bounds:IsValid=true, Min=(X=-0.000 Y=100.000 Z=0.000), Max=(X=100.000 Y=3400.000 Z=400.000) RuntimeGrid:None EditorOnly:0 RuntimeOnly:0 HLODRelevant:1 FolderPath:Playground FolderGuid:6C02BB504B69D1F3D7A624B130C18E5B
 |   |   |- Guid:CC60542848DD4659F3C635B423B1451E BaseClass: NativeClass:/Script/Engine.StaticMeshActor Name:StaticMeshActor_6 Label:SM_Ramp2 SpatiallyLoaded:1 Bounds:IsValid=true, Min=(X=1945.000 Y=400.000 Z=0.000), Max=(X=2345.000 Y=600.000 Z=100.000) RuntimeGrid:None EditorOnly:0 RuntimeOnly:0 HLODRelevant:1 FolderPath:Block01 FolderGuid:5710F1034B6DC7FBD588718E283EB93C
 |   |   |- Guid:CF43FD0D40EBADC0B178E490B0326D5A BaseClass: NativeClass:/Script/Engine.StaticMeshActor Name:StaticMeshActor_40 Label:SM_ChamferCube8 SpatiallyLoaded:1 Bounds:IsValid=true, Min=(X=2313.116 Y=1273.116 Z=0.063), Max=(X=2486.884 Y=1446.884 Z=150.063) RuntimeGrid:None EditorOnly:0 RuntimeOnly:0 HLODRelevant:0 FolderPath:SimulatedCubes FolderGuid:9AEEADCB4DC6C647D6E7C0B4EDA1744F
 |   |   |- Guid:D31443F64F8CCE27AC4FDEA320F6565B BaseClass: NativeClass:/Script/Engine.StaticMeshActor Name:StaticMeshActor_41 Label:SM_Ramp4 SpatiallyLoaded:1 Bounds:IsValid=true, Min=(X=100.000 Y=1500.000 Z=0.000), Max=(X=1200.000 Y=1600.000 Z=200.000) RuntimeGrid:None EditorOnly:0 RuntimeOnly:0 HLODRelevant:1 FolderPath:Block04 FolderGuid:D00C3F324D055BED943FA6B0235C7FA2
 |   |   |- Guid:D749481D42C9905E9E8607B8272D82C9 BaseClass: NativeClass:/Script/Engine.StaticMeshActor Name:StaticMeshActor_44 Label:SM_ChamferCube10 SpatiallyLoaded:1 Bounds:IsValid=true, Min=(X=1424.598 Y=259.790 Z=100.013), Max=(X=1561.201 Y=396.393 Z=200.013) RuntimeGrid:None EditorOnly:0 RuntimeOnly:0 HLODRelevant:0 FolderPath:SimulatedCubes FolderGuid:9AEEADCB4DC6C647D6E7C0B4EDA1744F
 |   |   |- Guid:DE01F8AC46B060F61A13268C53CBAC5C BaseClass: NativeClass:/Script/Engine.StaticMeshActor Name:StaticMeshActor_4 Label:SM_Cube3 SpatiallyLoaded:1 Bounds:IsValid=true, Min=(X=0.000 Y=3400.000 Z=0.000), Max=(X=3000.000 Y=3500.000 Z=400.000) RuntimeGrid:None EditorOnly:0 RuntimeOnly:0 HLODRelevant:1 FolderPath:Playground FolderGuid:6C02BB504B69D1F3D7A624B130C18E5B
 |   |   |- Guid:DE2642B34BB7431A4939EDB997722C6C BaseClass: NativeClass:/Script/Engine.StaticMeshActor Name:StaticMeshActor_12 Label:SM_Cube8 SpatiallyLoaded:1 Bounds:IsValid=true, Min=(X=100.000 Y=1600.000 Z=0.000), Max=(X=1200.000 Y=1900.000 Z=200.000) RuntimeGrid:None EditorOnly:0 RuntimeOnly:0 HLODRelevant:1 FolderPath:Block04 FolderGuid:D00C3F324D055BED943FA6B0235C7FA2
 |   |   |- Guid:E0556FC74A4E5F49D1F91B9194D80420 BaseClass: NativeClass:/Script/Engine.StaticMeshActor Name:StaticMeshActor_1 Label:SM_ChamferCube SpatiallyLoaded:1 Bounds:IsValid=true, Min=(X=1376.967 Y=232.290 Z=0.013), Max=(X=1513.569 Y=368.893 Z=100.013) RuntimeGrid:None EditorOnly:0 RuntimeOnly:0 HLODRelevant:0 FolderPath:SimulatedCubes FolderGuid:9AEEADCB4DC6C647D6E7C0B4EDA1744F
 |   |   |- Guid:E40AA5784EDF2D784A90E2BC5E672398 BaseClass: NativeClass:/Script/Engine.StaticMeshActor Name:StaticMeshActor_13 Label:SM_Cube9 SpatiallyLoaded:1 Bounds:IsValid=true, Min=(X=2345.000 Y=400.000 Z=0.000), Max=(X=2545.000 Y=1100.000 Z=100.000) RuntimeGrid:None EditorOnly:0 RuntimeOnly:0 HLODRelevant:1 FolderPath:Block01 FolderGuid:5710F1034B6DC7FBD588718E283EB93C
 |   |   |- Guid:E441AD4D435518DE2CE7C281481E3294 BaseClass: NativeClass:/Script/Engine.StaticMeshActor Name:StaticMeshActor_24 Label:SM_ChamferCube17 SpatiallyLoaded:1 Bounds:IsValid=true, Min=(X=364.319 Y=1244.901 Z=0.013), Max=(X=492.491 Y=1373.073 Z=100.013) RuntimeGrid:None EditorOnly:0 RuntimeOnly:0 HLODRelevant:0 FolderPath:SimulatedCubes FolderGuid:9AEEADCB4DC6C647D6E7C0B4EDA1744F
 |   |   |- Guid:E48A021046E06765769512843D8C7100 BaseClass: NativeClass:/Script/Engine.StaticMeshActor Name:StaticMeshActor_3 Label:SM_Cube2 SpatiallyLoaded:1 Bounds:IsValid=true, Min=(X=0.000 Y=0.000 Z=0.000), Max=(X=3000.000 Y=100.000 Z=400.000) RuntimeGrid:None EditorOnly:0 RuntimeOnly:0 HLODRelevant:1 FolderPath:Playground FolderGuid:6C02BB504B69D1F3D7A624B130C18E5B
 |   |   |- Guid:E49AD31E4C3B484F49A8B792A8A2AB5A BaseClass: NativeClass:/Script/Engine.ExponentialHeightFog Name:ExponentialHeightFog_0 Label:ExponentialHeightFog SpatiallyLoaded:0 Bounds:IsValid=true, Min=(X=-5600.000 Y=-50.000 Z=-6850.000), Max=(X=-5600.000 Y=-50.000 Z=-6850.000) RuntimeGrid:None EditorOnly:0 RuntimeOnly:0 HLODRelevant:0 FolderPath:Lighting FolderGuid:0BA5F0A04EADB18E70D5B180D08FA34B
 |   |   |- Guid:F99A1B1F48F47BAE38DE41B2EF23D750 BaseClass: NativeClass:/Script/Engine.SkyLight Name:SkyLight_0 Label:SkyLight SpatiallyLoaded:0 Bounds:IsValid=true, Min=(X=0.000 Y=0.000 Z=690.000), Max=(X=0.000 Y=0.000 Z=690.000) RuntimeGrid:None EditorOnly:0 RuntimeOnly:0 HLODRelevant:0 FolderPath:Lighting FolderGuid:0BA5F0A04EADB18E70D5B180D08FA34B
 |   |   |- Guid:FB50356D43107EEA7DD0D793B4115DD1 BaseClass: NativeClass:/Script/Engine.StaticMeshActor Name:StaticMeshActor_19 Label:SM_Cube12 SpatiallyLoaded:1 Bounds:IsValid=true, Min=(X=1200.000 Y=1700.000 Z=0.000), Max=(X=1300.000 Y=1800.000 Z=200.000) RuntimeGrid:None EditorOnly:0 RuntimeOnly:0 HLODRelevant:1 FolderPath:Block04 FolderGuid:D00C3F324D055BED943FA6B0235C7FA2
 |   |   |- Guid:FE13CAAF46AC4BB0EADA9781E6373823 BaseClass: NativeClass:/Script/Engine.StaticMeshActor Name:StaticMeshActor_20 Label:SM_ChamferCube2 SpatiallyLoaded:1 Bounds:IsValid=true, Min=(X=324.987 Y=1136.837 Z=0.013), Max=(X=453.158 Y=1265.008 Z=100.013) RuntimeGrid:None EditorOnly:0 RuntimeOnly:0 HLODRelevant:0 FolderPath:SimulatedCubes FolderGuid:9AEEADCB4DC6C647D6E7C0B4EDA1744F
 |   |- [+] Clusters:
 |   |   |- [+] [  0]
 |   |   |   |- Guid:3E61C29C41372ED23F9470823B31B89C BaseClass: NativeClass:/Script/Engine.StaticMeshActor Name:StaticMeshActor_15 Label:SM_Cube10 SpatiallyLoaded:1 Bounds:IsValid=true, Min=(X=2345.000 Y=1000.000 Z=100.000), Max=(X=2545.000 Y=1100.000 Z=200.000) RuntimeGrid:None EditorOnly:0 RuntimeOnly:0 HLODRelevant:1 FolderPath:Block01 FolderGuid:5710F1034B6DC7FBD588718E283EB93C
 |   |   |- [+] [  1]
 |   |   |   |- Guid:FB50356D43107EEA7DD0D793B4115DD1 BaseClass: NativeClass:/Script/Engine.StaticMeshActor Name:StaticMeshActor_19 Label:SM_Cube12 SpatiallyLoaded:1 Bounds:IsValid=true, Min=(X=1200.000 Y=1700.000 Z=0.000), Max=(X=1300.000 Y=1800.000 Z=200.000) RuntimeGrid:None EditorOnly:0 RuntimeOnly:0 HLODRelevant:1 FolderPath:Block04 FolderGuid:D00C3F324D055BED943FA6B0235C7FA2
 |   |   |- [+] [  2]
 |   |   |   |- Guid:4B43B9BB4C743E671498839578E37AB7 BaseClass: NativeClass:/Script/Engine.StaticMeshActor Name:StaticMeshActor_17 Label:SM_QuarterCylinder SpatiallyLoaded:1 Bounds:IsValid=true, Min=(X=1200.000 Y=1800.000 Z=0.000), Max=(X=1300.000 Y=1900.000 Z=200.000) RuntimeGrid:None EditorOnly:0 RuntimeOnly:0 HLODRelevant:1 FolderPath:Block04 FolderGuid:D00C3F324D055BED943FA6B0235C7FA2
 |   |   |- [+] [  3]
 |   |   |   |- Guid:5B5C3C6047B1E1AE8317409FE2791699 BaseClass: NativeClass:/Script/Engine.StaticMeshActor Name:StaticMeshActor_50 Label:SM_ChamferCube15 SpatiallyLoaded:1 Bounds:IsValid=true, Min=(X=2480.411 Y=2187.371 Z=0.013), Max=(X=2580.411 Y=2287.371 Z=100.013) RuntimeGrid:None EditorOnly:0 RuntimeOnly:0 HLODRelevant:0 FolderPath:SimulatedCubes FolderGuid:9AEEADCB4DC6C647D6E7C0B4EDA1744F
 |   |   |- [+] [  4]
 |   |   |   |- Guid:89759ADC459A04F2C7D720A021607A87 BaseClass: NativeClass:/Script/Engine.StaticMeshActor Name:StaticMeshActor_UAID_A4AE111137DC5EFB00_2001720423 Label:SM_SkySphere SpatiallyLoaded:0 Bounds:IsValid=true, Min=(X=-1638400.000 Y=-1638400.000 Z=-1638400.000), Max=(X=1638400.000 Y=1638400.000 Z=1638400.000) RuntimeGrid:None EditorOnly:0 RuntimeOnly:0 HLODRelevant:1 FolderPath:Lighting FolderGuid:0BA5F0A04EADB18E70D5B180D08FA34B
 |   |   |- [+] [  5]
 |   |   |   |- Guid:072CDDDA434F4F16DA07A1B957D51990 BaseClass: NativeClass:/Script/Engine.StaticMeshActor Name:StaticMeshActor_32 Label:SM_QuarterCylinder8 SpatiallyLoaded:1 Bounds:IsValid=true, Min=(X=1300.000 Y=2600.000 Z=0.000), Max=(X=1400.000 Y=2700.000 Z=200.000) RuntimeGrid:None EditorOnly:0 RuntimeOnly:0 HLODRelevant:1 FolderPath:Block03 FolderGuid:0C5AB36945998C19C9EA9283402A8E02
 |   |   |- [+] [  6]
 |   |   |   |- Guid:4CC8EF44417D346DF96A418B98C5326F BaseClass: NativeClass:/Script/Engine.StaticMeshActor Name:StaticMeshActor_28 Label:SM_QuarterCylinder14 SpatiallyLoaded:1 Bounds:IsValid=true, Min=(X=2300.000 Y=2550.000 Z=0.000), Max=(X=2500.000 Y=2750.000 Z=200.000) RuntimeGrid:None EditorOnly:0 RuntimeOnly:0 HLODRelevant:1 FolderPath:Cylinder FolderGuid:98EA6984416B46BD4E6349A7D9A13307
 |   |   |- [+] [  7]
 |   |   |   |- Guid:3D24A016401DE21AD3D0869B3630F0AE BaseClass:/Game/Objects/WB_Lamp.WB_Lamp_C NativeClass:/Script/Engine.Actor Name:WB_Lamp_C_UAID_C8D9D21886BE61C001_1925840989 Label:WB_Lamp SpatiallyLoaded:1 Bounds:IsValid=true, Min=(X=1508.640 Y=1397.264 Z=0.294), Max=(X=1561.167 Y=1449.791 Z=83.586) RuntimeGrid:None EditorOnly:0 RuntimeOnly:0 HLODRelevant:0
 |   |   |- [+] [  8]
 |   |   |   |- Guid:A96510824F62CC9E0EEB72B0BC25FB4D BaseClass: NativeClass:/Script/Engine.StaticMeshActor Name:StaticMeshActor_35 Label:SM_QuarterCylinder9 SpatiallyLoaded:1 Bounds:IsValid=true, Min=(X=1700.000 Y=1600.000 Z=0.000), Max=(X=1800.000 Y=1700.000 Z=200.000) RuntimeGrid:None EditorOnly:0 RuntimeOnly:0 HLODRelevant:1 FolderPath:Block02 FolderGuid:275232DB4A90E8B2799B29BD69C59B9E
 |   |   |- [+] [  9]
 |   |   |   |- Guid:31DF913B40292A62CA0103A322C5D509 BaseClass: NativeClass:/Script/Engine.PostProcessVolume Name:PostProcessVolume_0 Label:PostProcessVolume SpatiallyLoaded:0 Bounds:IsValid=true, Min=(X=0.000 Y=0.000 Z=400.000), Max=(X=200.000 Y=200.000 Z=600.000) RuntimeGrid:None EditorOnly:0 RuntimeOnly:0 HLODRelevant:0 FolderPath:Lighting FolderGuid:0BA5F0A04EADB18E70D5B180D08FA34B
 |   |   |- [+] [ 10]
 |   |   |   |- Guid:78895D054C41667CE9A1DC8A4E448A83 BaseClass: NativeClass:/Script/Engine.StaticMeshActor Name:StaticMeshActor_38 Label:SM_ChamferCube18 SpatiallyLoaded:1 Bounds:IsValid=true, Min=(X=343.798 Y=1188.520 Z=100.013), Max=(X=471.969 Y=1316.691 Z=200.013) RuntimeGrid:None EditorOnly:0 RuntimeOnly:0 HLODRelevant:0 FolderPath:SimulatedCubes FolderGuid:9AEEADCB4DC6C647D6E7C0B4EDA1744F
 |   |   |- [+] [ 11]
 |   |   |   |- Guid:043DD81F47484DDF8CD7CB8D71581929 BaseClass: NativeClass:/Script/Engine.StaticMeshActor Name:StaticMeshActor_36 Label:SM_QuarterCylinder10 SpatiallyLoaded:1 Bounds:IsValid=true, Min=(X=1700.000 Y=1800.000 Z=0.000), Max=(X=1800.000 Y=1900.000 Z=200.000) RuntimeGrid:None EditorOnly:0 RuntimeOnly:0 HLODRelevant:1 FolderPath:Block02 FolderGuid:275232DB4A90E8B2799B29BD69C59B9E
 |   |   |- [+] [ 12]
 |   |   |   |- Guid:F99A1B1F48F47BAE38DE41B2EF23D750 BaseClass: NativeClass:/Script/Engine.SkyLight Name:SkyLight_0 Label:SkyLight SpatiallyLoaded:0 Bounds:IsValid=true, Min=(X=0.000 Y=0.000 Z=690.000), Max=(X=0.000 Y=0.000 Z=690.000) RuntimeGrid:None EditorOnly:0 RuntimeOnly:0 HLODRelevant:0 FolderPath:Lighting FolderGuid:0BA5F0A04EADB18E70D5B180D08FA34B
 |   |   |- [+] [ 13]
 |   |   |   |- Guid:457B972F4613A72FF0CF61913C531DC9 BaseClass:/Game/Player/BP_Pickup_Rifle.BP_Pickup_Rifle_C NativeClass:/Script/Engine.Actor Name:BP_Rifle_C_1 Label:BP_Pickup_Rifle SpatiallyLoaded:1 Bounds:IsValid=true, Min=(X=1378.000 Y=658.000 Z=64.000), Max=(X=1442.000 Y=747.440 Z=128.000) RuntimeGrid:None EditorOnly:0 RuntimeOnly:0 HLODRelevant:0
 |   |   |- [+] [ 14]
 |   |   |   |- Guid:9E2C6418420A8DD24083E78746B66E25 BaseClass: NativeClass:/Script/Engine.StaticMeshActor Name:StaticMeshActor_45 Label:SM_ChamferCube11 SpatiallyLoaded:1 Bounds:IsValid=true, Min=(X=292.430 Y=3129.921 Z=0.013), Max=(X=433.313 Y=3270.804 Z=100.013) RuntimeGrid:None EditorOnly:0 RuntimeOnly:0 HLODRelevant:0 FolderPath:SimulatedCubes FolderGuid:9AEEADCB4DC6C647D6E7C0B4EDA1744F
 |   |   |- [+] [ 15]
 |   |   |   |- Guid:BF0C895549BAE54B2DBA53BBE94C428A BaseClass:/Game/Objects/BP_Object.BP_Object_C NativeClass:/Script/Engine.Actor Name:BP_Object_C_UAID_C8D9D21886BE60C001_1221764808 Label:BP_Object SpatiallyLoaded:1 Bounds:IsValid=true, Min=(X=1530.212 Y=970.000 Z=-0.000), Max=(X=1630.212 Y=1070.000 Z=100.000) RuntimeGrid:None EditorOnly:0 RuntimeOnly:0 HLODRelevant:0
 |   |   |- [+] [ 16]
 |   |   |   |- Guid:D31443F64F8CCE27AC4FDEA320F6565B BaseClass: NativeClass:/Script/Engine.StaticMeshActor Name:StaticMeshActor_41 Label:SM_Ramp4 SpatiallyLoaded:1 Bounds:IsValid=true, Min=(X=100.000 Y=1500.000 Z=0.000), Max=(X=1200.000 Y=1600.000 Z=200.000) RuntimeGrid:None EditorOnly:0 RuntimeOnly:0 HLODRelevant:1 FolderPath:Block04 FolderGuid:D00C3F324D055BED943FA6B0235C7FA2
 |   |   |- [+] [ 17]
 |   |   |   |- Guid:836E5AEC4DCAEDCEAF9791A66959D784 BaseClass: NativeClass:/Script/Engine.StaticMeshActor Name:StaticMeshActor_14 Label:SM_Ramp3 SpatiallyLoaded:1 Bounds:IsValid=true, Min=(X=2345.000 Y=600.000 Z=100.000), Max=(X=2545.000 Y=1000.000 Z=200.000) RuntimeGrid:None EditorOnly:0 RuntimeOnly:0 HLODRelevant:1 FolderPath:Block01 FolderGuid:5710F1034B6DC7FBD588718E283EB93C
 |   |   |- [+] [ 18]
 |   |   |   |- Guid:8E81C530442040E589CEC8B528F36351 BaseClass: NativeClass:/Script/Engine.TextRenderActor Name:TextRenderActor_1 Label:TextRenderActor SpatiallyLoaded:1 Bounds:IsValid=true, Min=(X=-0.100 Y=1100.000 Z=65.013), Max=(X=-0.100 Y=2363.461 Z=215.013) RuntimeGrid:None EditorOnly:0 RuntimeOnly:0 HLODRelevant:0
 |   |   |- [+] [ 19]
 |   |   |   |- Guid:90CC589F48F9555E641827B2528E60E7 BaseClass: NativeClass:/Script/Engine.StaticMeshActor Name:StaticMeshActor_16 Label:SM_Cube11 SpatiallyLoaded:1 Bounds:IsValid=true, Min=(X=700.000 Y=2600.000 Z=0.000), Max=(X=1300.000 Y=2900.000 Z=200.000) RuntimeGrid:None EditorOnly:0 RuntimeOnly:0 HLODRelevant:1 FolderPath:Block03 FolderGuid:0C5AB36945998C19C9EA9283402A8E02
 |   |   |- [+] [ 20]
 |   |   |   |- Guid:A990D03A4541A8BF3B25B6A9938F1EB3 BaseClass: NativeClass:/Script/Engine.StaticMeshActor Name:StaticMeshActor_23 Label:SM_Cube13 SpatiallyLoaded:1 Bounds:IsValid=true, Min=(X=600.000 Y=2700.000 Z=0.000), Max=(X=700.000 Y=2800.000 Z=200.000) RuntimeGrid:None EditorOnly:0 RuntimeOnly:0 HLODRelevant:1 FolderPath:Block03 FolderGuid:0C5AB36945998C19C9EA9283402A8E02
 |   |   |- [+] [ 21]
 |   |   |   |- Guid:2374A3024982E21B1567CE8E480BBB69 BaseClass: NativeClass:/Script/Engine.StaticMeshActor Name:StaticMeshActor_31 Label:SM_QuarterCylinder7 SpatiallyLoaded:1 Bounds:IsValid=true, Min=(X=1300.000 Y=2800.000 Z=0.000), Max=(X=1400.000 Y=2900.000 Z=200.000) RuntimeGrid:None EditorOnly:0 RuntimeOnly:0 HLODRelevant:1 FolderPath:Block03 FolderGuid:0C5AB36945998C19C9EA9283402A8E02
 |   |   |- [+] [ 22]
 |   |   |   |- Guid:3E36E7314A76EBB476CA50A90E5A0797 BaseClass: NativeClass:/Script/Engine.SkyAtmosphere Name:SkyAtmosphere_0 Label:SkyAtmosphere SpatiallyLoaded:0 Bounds:IsValid=true, Min=(X=0.000 Y=0.000 Z=1020.000), Max=(X=0.000 Y=0.000 Z=1020.000) RuntimeGrid:None EditorOnly:0 RuntimeOnly:0 HLODRelevant:0 FolderPath:Lighting FolderGuid:0BA5F0A04EADB18E70D5B180D08FA34B
 |   |   |- [+] [ 23]
 |   |   |   |- Guid:3891DBDC455ABC5D7FCF45AD70E4520D BaseClass: NativeClass:/Script/Engine.StaticMeshActor Name:StaticMeshActor_51 Label:SM_ChamferCube16 SpatiallyLoaded:1 Bounds:IsValid=true, Min=(X=2480.411 Y=2247.371 Z=100.013), Max=(X=2580.411 Y=2347.371 Z=200.013) RuntimeGrid:None EditorOnly:0 RuntimeOnly:0 HLODRelevant:0 FolderPath:SimulatedCubes FolderGuid:9AEEADCB4DC6C647D6E7C0B4EDA1744F
 |   |   |- [+] [ 24]
 |   |   |   |- Guid:4715897640D868B045A1A894A0ACAB70 BaseClass: NativeClass:/Script/Engine.StaticMeshActor Name:StaticMeshActor_49 Label:SM_ChamferCube14 SpatiallyLoaded:1 Bounds:IsValid=true, Min=(X=2480.411 Y=2302.371 Z=0.013), Max=(X=2580.411 Y=2402.371 Z=100.013) RuntimeGrid:None EditorOnly:0 RuntimeOnly:0 HLODRelevant:0 FolderPath:SimulatedCubes FolderGuid:9AEEADCB4DC6C647D6E7C0B4EDA1744F
 |   |   |- [+] [ 25]
 |   |   |   |- Guid:8378E9DB429C0EAB5A3F738CC81F1B0F BaseClass: NativeClass:/Script/Engine.StaticMeshActor Name:StaticMeshActor_34 Label:SM_Cube15 SpatiallyLoaded:1 Bounds:IsValid=true, Min=(X=1800.000 Y=1600.000 Z=0.000), Max=(X=2900.000 Y=1900.000 Z=200.000) RuntimeGrid:None EditorOnly:0 RuntimeOnly:0 HLODRelevant:1 FolderPath:Block02 FolderGuid:275232DB4A90E8B2799B29BD69C59B9E
 |   |   |- [+] [ 26]
 |   |   |   |- Guid:E40AA5784EDF2D784A90E2BC5E672398 BaseClass: NativeClass:/Script/Engine.StaticMeshActor Name:StaticMeshActor_13 Label:SM_Cube9 SpatiallyLoaded:1 Bounds:IsValid=true, Min=(X=2345.000 Y=400.000 Z=0.000), Max=(X=2545.000 Y=1100.000 Z=100.000) RuntimeGrid:None EditorOnly:0 RuntimeOnly:0 HLODRelevant:1 FolderPath:Block01 FolderGuid:5710F1034B6DC7FBD588718E283EB93C
 |   |   |- [+] [ 27]
 |   |   |   |- Guid:512E1E6645AD4E8CEA5DA0B251AAF543 BaseClass: NativeClass:/Script/Engine.StaticMeshActor Name:StaticMeshActor_18 Label:SM_QuarterCylinder2 SpatiallyLoaded:1 Bounds:IsValid=true, Min=(X=1200.000 Y=1600.000 Z=0.000), Max=(X=1300.000 Y=1700.000 Z=200.000) RuntimeGrid:None EditorOnly:0 RuntimeOnly:0 HLODRelevant:1 FolderPath:Block04 FolderGuid:D00C3F324D055BED943FA6B0235C7FA2
 |   |   |- [+] [ 28]
 |   |   |   |- Guid:E441AD4D435518DE2CE7C281481E3294 BaseClass: NativeClass:/Script/Engine.StaticMeshActor Name:StaticMeshActor_24 Label:SM_ChamferCube17 SpatiallyLoaded:1 Bounds:IsValid=true, Min=(X=364.319 Y=1244.901 Z=0.013), Max=(X=492.491 Y=1373.073 Z=100.013) RuntimeGrid:None EditorOnly:0 RuntimeOnly:0 HLODRelevant:0 FolderPath:SimulatedCubes FolderGuid:9AEEADCB4DC6C647D6E7C0B4EDA1744F
 |   |   |- [+] [ 29]
 |   |   |   |- Guid:C3C2DDC240732D96CBC7B2BDEC8DCA92 BaseClass: NativeClass:/Script/Engine.StaticMeshActor Name:StaticMeshActor_37 Label:SM_Cube16 SpatiallyLoaded:1 Bounds:IsValid=true, Min=(X=1700.000 Y=1700.000 Z=0.000), Max=(X=1800.000 Y=1800.000 Z=200.000) RuntimeGrid:None EditorOnly:0 RuntimeOnly:0 HLODRelevant:1 FolderPath:Block02 FolderGuid:275232DB4A90E8B2799B29BD69C59B9E
 |   |   |- [+] [ 30]
 |   |   |   |- Guid:DE2642B34BB7431A4939EDB997722C6C BaseClass: NativeClass:/Script/Engine.StaticMeshActor Name:StaticMeshActor_12 Label:SM_Cube8 SpatiallyLoaded:1 Bounds:IsValid=true, Min=(X=100.000 Y=1600.000 Z=0.000), Max=(X=1200.000 Y=1900.000 Z=200.000) RuntimeGrid:None EditorOnly:0 RuntimeOnly:0 HLODRelevant:1 FolderPath:Block04 FolderGuid:D00C3F324D055BED943FA6B0235C7FA2
 |   |   |- [+] [ 31]
 |   |   |   |- Guid:215C921341CDDEE24ABE6CADB8ABFC1A BaseClass: NativeClass:/Script/Engine.StaticMeshActor Name:StaticMeshActor_25 Label:SM_QuarterCylinder11 SpatiallyLoaded:1 Bounds:IsValid=true, Min=(X=2300.000 Y=2750.000 Z=0.000), Max=(X=2500.000 Y=2950.000 Z=200.000) RuntimeGrid:None EditorOnly:0 RuntimeOnly:0 HLODRelevant:1 FolderPath:Cylinder FolderGuid:98EA6984416B46BD4E6349A7D9A13307
 |   |   |- [+] [ 32]
 |   |   |   |- Guid:06FF9CDA4BD02075AAA875810854542E BaseClass: NativeClass:/Script/Engine.StaticMeshActor Name:StaticMeshActor_43 Label:SM_ChamferCube9 SpatiallyLoaded:1 Bounds:IsValid=true, Min=(X=1476.560 Y=289.790 Z=0.013), Max=(X=1613.162 Y=426.393 Z=100.013) RuntimeGrid:None EditorOnly:0 RuntimeOnly:0 HLODRelevant:0 FolderPath:SimulatedCubes FolderGuid:9AEEADCB4DC6C647D6E7C0B4EDA1744F
 |   |   |- [+] [ 33]
 |   |   |   |- Guid:C3D4A7984A3B76AE400E05A03984A8AC BaseClass:/Game/Objects/BP_Book.BP_Book_C NativeClass:/Script/Engine.Actor Name:BP_Book_C_UAID_C8D9D21886BE61C001_1105515986 Label:BP_Book2 SpatiallyLoaded:1 Bounds:IsValid=true, Min=(X=1634.758 Y=771.509 Z=1.791), Max=(X=1704.648 Y=832.402 Z=7.814) RuntimeGrid:None EditorOnly:0 RuntimeOnly:0 HLODRelevant:0
 |   |   |- [+] [ 34]
 |   |   |   |- Guid:CC60542848DD4659F3C635B423B1451E BaseClass: NativeClass:/Script/Engine.StaticMeshActor Name:StaticMeshActor_6 Label:SM_Ramp2 SpatiallyLoaded:1 Bounds:IsValid=true, Min=(X=1945.000 Y=400.000 Z=0.000), Max=(X=2345.000 Y=600.000 Z=100.000) RuntimeGrid:None EditorOnly:0 RuntimeOnly:0 HLODRelevant:1 FolderPath:Block01 FolderGuid:5710F1034B6DC7FBD588718E283EB93C
 |   |   |- [+] [ 35]
 |   |   |   |- Guid:CF43FD0D40EBADC0B178E490B0326D5A BaseClass: NativeClass:/Script/Engine.StaticMeshActor Name:StaticMeshActor_40 Label:SM_ChamferCube8 SpatiallyLoaded:1 Bounds:IsValid=true, Min=(X=2313.116 Y=1273.116 Z=0.063), Max=(X=2486.884 Y=1446.884 Z=150.063) RuntimeGrid:None EditorOnly:0 RuntimeOnly:0 HLODRelevant:0 FolderPath:SimulatedCubes FolderGuid:9AEEADCB4DC6C647D6E7C0B4EDA1744F
 |   |   |- [+] [ 36]
 |   |   |   |- Guid:7316D9B7462D96FA289CDEB455794F29 BaseClass: NativeClass:/Script/Engine.StaticMeshActor Name:StaticMeshActor_22 Label:SM_QuarterCylinder5 SpatiallyLoaded:1 Bounds:IsValid=true, Min=(X=600.000 Y=2800.000 Z=0.000), Max=(X=700.000 Y=2900.000 Z=200.000) RuntimeGrid:None EditorOnly:0 RuntimeOnly:0 HLODRelevant:1 FolderPath:Block03 FolderGuid:0C5AB36945998C19C9EA9283402A8E02
 |   |   |- [+] [ 37]
 |   |   |   |- Guid:8FA0F0634FEEBAAA7A315C98B490846A BaseClass: NativeClass:/Script/Engine.StaticMeshActor Name:StaticMeshActor_UAID_C8D9D21886BE60C001_1137173807 Label:SM_ChamferCube19 SpatiallyLoaded:1 Bounds:IsValid=true, Min=(X=1042.884 Y=1237.605 Z=135.013), Max=(X=1072.884 Y=1267.605 Z=165.013) RuntimeGrid:None EditorOnly:0 RuntimeOnly:0 HLODRelevant:0 FolderPath:SimulatedCubes FolderGuid:9AEEADCB4DC6C647D6E7C0B4EDA1744F
 |   |   |- [+] [ 38]
 |   |   |   |- Guid:E48A021046E06765769512843D8C7100 BaseClass: NativeClass:/Script/Engine.StaticMeshActor Name:StaticMeshActor_3 Label:SM_Cube2 SpatiallyLoaded:1 Bounds:IsValid=true, Min=(X=0.000 Y=0.000 Z=0.000), Max=(X=3000.000 Y=100.000 Z=400.000) RuntimeGrid:None EditorOnly:0 RuntimeOnly:0 HLODRelevant:1 FolderPath:Playground FolderGuid:6C02BB504B69D1F3D7A624B130C18E5B
 |   |   |- [+] [ 39]
 |   |   |   |- Guid:276A0D3843F93D08A8EA09842931F00D BaseClass: NativeClass:/Script/Engine.DirectionalLight Name:DirectionalLight_1 Label:DirectionalLight SpatiallyLoaded:0 Bounds:IsValid=true, Min=(X=-4398046511104.000 Y=-4398046511104.000 Z=-4398046511104.000), Max=(X=4398046511104.000 Y=4398046511104.000 Z=4398046511104.000) RuntimeGrid:None EditorOnly:0 RuntimeOnly:0 HLODRelevant:0 FolderPath:Lighting FolderGuid:0BA5F0A04EADB18E70D5B180D08FA34B
 |   |   |- [+] [ 40]
 |   |   |   |- Guid:D749481D42C9905E9E8607B8272D82C9 BaseClass: NativeClass:/Script/Engine.StaticMeshActor Name:StaticMeshActor_44 Label:SM_ChamferCube10 SpatiallyLoaded:1 Bounds:IsValid=true, Min=(X=1424.598 Y=259.790 Z=100.013), Max=(X=1561.201 Y=396.393 Z=200.013) RuntimeGrid:None EditorOnly:0 RuntimeOnly:0 HLODRelevant:0 FolderPath:SimulatedCubes FolderGuid:9AEEADCB4DC6C647D6E7C0B4EDA1744F
 |   |   |- [+] [ 41]
 |   |   |   |- Guid:8A7FFC3843CD52A213E2BAA2ABD56796 BaseClass:/Game/Player/BP_FirstPersonCharacter.BP_FirstPersonCharacter_C NativeClass:/Script/Engine.Character Name:BP_FirstPersonCharacter_C_UAID_C8D9D21886BE63C001_1576410335 Label:BP_FirstPersonCharacter SpatiallyLoaded:1 Bounds:IsValid=true, Min=(X=897.243 Y=942.712 Z=-3.128), Max=(X=1134.672 Y=1084.038 Z=192.000) RuntimeGrid:None EditorOnly:0 RuntimeOnly:0 HLODRelevant:0
 |   |   |- [+] [ 42]
 |   |   |   |- Guid:104B347C44D07C56FB5280A81BED3EC9 BaseClass: NativeClass:/Script/Engine.StaticMeshActor Name:StaticMeshActor_27 Label:SM_QuarterCylinder13 SpatiallyLoaded:1 Bounds:IsValid=true, Min=(X=2100.000 Y=2550.000 Z=0.000), Max=(X=2300.000 Y=2750.000 Z=200.000) RuntimeGrid:None EditorOnly:0 RuntimeOnly:0 HLODRelevant:1 FolderPath:Cylinder FolderGuid:98EA6984416B46BD4E6349A7D9A13307
 |   |   |- [+] [ 43]
 |   |   |   |- Guid:8591CDB34BA1AA2BA22F9EB6CDBEA067 BaseClass: NativeClass:/Script/Engine.StaticMeshActor Name:StaticMeshActor_42 Label:SM_Ramp5 SpatiallyLoaded:1 Bounds:IsValid=true, Min=(X=1800.000 Y=1900.000 Z=0.000), Max=(X=2900.000 Y=2000.000 Z=200.000) RuntimeGrid:None EditorOnly:0 RuntimeOnly:0 HLODRelevant:1 FolderPath:Block02 FolderGuid:275232DB4A90E8B2799B29BD69C59B9E
 |   |   |- [+] [ 44]
 |   |   |   |- Guid:B6BF6565464D618E98FE859815C86ABF BaseClass:/Game/Objects/WB_Lamp.WB_Lamp_C NativeClass:/Script/Engine.Actor Name:WB_Lamp_C_UAID_C8D9D21886BE61C001_2075184990 Label:WB_Lamp2 SpatiallyLoaded:1 Bounds:IsValid=true, Min=(X=1618.539 Y=1370.111 Z=0.294), Max=(X=1671.066 Y=1422.638 Z=83.586) RuntimeGrid:None EditorOnly:0 RuntimeOnly:0 HLODRelevant:0
 |   |   |- [+] [ 45]
 |   |   |   |- Guid:DE01F8AC46B060F61A13268C53CBAC5C BaseClass: NativeClass:/Script/Engine.StaticMeshActor Name:StaticMeshActor_4 Label:SM_Cube3 SpatiallyLoaded:1 Bounds:IsValid=true, Min=(X=0.000 Y=3400.000 Z=0.000), Max=(X=3000.000 Y=3500.000 Z=400.000) RuntimeGrid:None EditorOnly:0 RuntimeOnly:0 HLODRelevant:1 FolderPath:Playground FolderGuid:6C02BB504B69D1F3D7A624B130C18E5B
 |   |   |- [+] [ 46]
 |   |   |   |- Guid:0A4DE32D436A00DD6BFE2B9F4F589184 BaseClass: NativeClass:/Script/Engine.StaticMeshActor Name:StaticMeshActor_10 Label:SM_Cube6 SpatiallyLoaded:1 Bounds:IsValid=true, Min=(X=2900.000 Y=100.000 Z=0.000), Max=(X=3000.000 Y=3400.000 Z=400.000) RuntimeGrid:None EditorOnly:0 RuntimeOnly:0 HLODRelevant:1 FolderPath:Playground FolderGuid:6C02BB504B69D1F3D7A624B130C18E5B
 |   |   |- [+] [ 47]
 |   |   |   |- Guid:9E5BD484481294BA14DBC99526A8CFC7 BaseClass: NativeClass:/Script/Engine.StaticMeshActor Name:StaticMeshActor_26 Label:SM_QuarterCylinder12 SpatiallyLoaded:1 Bounds:IsValid=true, Min=(X=2100.000 Y=2750.000 Z=0.000), Max=(X=2300.000 Y=2950.000 Z=200.000) RuntimeGrid:None EditorOnly:0 RuntimeOnly:0 HLODRelevant:1 FolderPath:Cylinder FolderGuid:98EA6984416B46BD4E6349A7D9A13307
 |   |   |- [+] [ 48]
 |   |   |   |- Guid:E0556FC74A4E5F49D1F91B9194D80420 BaseClass: NativeClass:/Script/Engine.StaticMeshActor Name:StaticMeshActor_1 Label:SM_ChamferCube SpatiallyLoaded:1 Bounds:IsValid=true, Min=(X=1376.967 Y=232.290 Z=0.013), Max=(X=1513.569 Y=368.893 Z=100.013) RuntimeGrid:None EditorOnly:0 RuntimeOnly:0 HLODRelevant:0 FolderPath:SimulatedCubes FolderGuid:9AEEADCB4DC6C647D6E7C0B4EDA1744F
 |   |   |- [+] [ 49]
 |   |   |   |- Guid:E49AD31E4C3B484F49A8B792A8A2AB5A BaseClass: NativeClass:/Script/Engine.ExponentialHeightFog Name:ExponentialHeightFog_0 Label:ExponentialHeightFog SpatiallyLoaded:0 Bounds:IsValid=true, Min=(X=-5600.000 Y=-50.000 Z=-6850.000), Max=(X=-5600.000 Y=-50.000 Z=-6850.000) RuntimeGrid:None EditorOnly:0 RuntimeOnly:0 HLODRelevant:0 FolderPath:Lighting FolderGuid:0BA5F0A04EADB18E70D5B180D08FA34B
 |   |   |- [+] [ 50]
 |   |   |   |- Guid:5E91932740AF29845EAE83A266053C75 BaseClass: NativeClass:/Script/Engine.StaticMeshActor Name:StaticMeshActor_30 Label:SM_ChamferCube5 SpatiallyLoaded:1 Bounds:IsValid=true, Min=(X=1765.431 Y=2937.543 Z=0.063), Max=(X=1976.756 Y=3148.868 Z=150.063) RuntimeGrid:None EditorOnly:0 RuntimeOnly:0 HLODRelevant:0 FolderPath:SimulatedCubes FolderGuid:9AEEADCB4DC6C647D6E7C0B4EDA1744F
 |   |   |- [+] [ 51]
 |   |   |   |- Guid:CBCCCE0E48F73EA255F8DFBC783038AD BaseClass: NativeClass:/Script/Engine.StaticMeshActor Name:StaticMeshActor_9 Label:SM_Cube5 SpatiallyLoaded:1 Bounds:IsValid=true, Min=(X=-0.000 Y=100.000 Z=0.000), Max=(X=100.000 Y=3400.000 Z=400.000) RuntimeGrid:None EditorOnly:0 RuntimeOnly:0 HLODRelevant:1 FolderPath:Playground FolderGuid:6C02BB504B69D1F3D7A624B130C18E5B
 |   |   |- [+] [ 52]
 |   |   |   |- Guid:71DB2D4A4275A10B5DD9A7BC2756CB0E BaseClass: NativeClass:/Script/Engine.StaticMeshActor Name:StaticMeshActor_0 Label:SM_Cube SpatiallyLoaded:1 Bounds:IsValid=true, Min=(X=0.000 Y=0.000 Z=-50.000), Max=(X=3000.000 Y=3500.000 Z=0.000) RuntimeGrid:None EditorOnly:0 RuntimeOnly:0 HLODRelevant:1 FolderPath:Playground FolderGuid:6C02BB504B69D1F3D7A624B130C18E5B
 |   |   |- [+] [ 53]
 |   |   |   |- Guid:5AA6440B4219BB549629F281440CF74C BaseClass: NativeClass:/Script/Engine.StaticMeshActor Name:StaticMeshActor_33 Label:SM_Cube14 SpatiallyLoaded:1 Bounds:IsValid=true, Min=(X=1300.000 Y=2700.000 Z=0.000), Max=(X=1400.000 Y=2800.000 Z=200.000) RuntimeGrid:None EditorOnly:0 RuntimeOnly:0 HLODRelevant:1 FolderPath:Block03 FolderGuid:0C5AB36945998C19C9EA9283402A8E02
 |   |   |- [+] [ 54]
 |   |   |   |- Guid:AA42EF51496963070B8BA19DCBBED0E2 BaseClass: NativeClass:/Script/Engine.StaticMeshActor Name:StaticMeshActor_21 Label:SM_QuarterCylinder4 SpatiallyLoaded:1 Bounds:IsValid=true, Min=(X=600.000 Y=2600.000 Z=0.000), Max=(X=700.000 Y=2700.000 Z=200.000) RuntimeGrid:None EditorOnly:0 RuntimeOnly:0 HLODRelevant:1 FolderPath:Block03 FolderGuid:0C5AB36945998C19C9EA9283402A8E02
 |   |   |- [+] [ 55]
 |   |   |   |- Guid:3FF7708F490F4D8277F341A6845A6DD7 BaseClass: NativeClass:/Script/Engine.WorldDataLayers Name:WorldDataLayers Label:WorldDataLayers SpatiallyLoaded:0 Bounds:IsValid=true, Min=(X=0.000 Y=0.000 Z=0.000), Max=(X=0.000 Y=0.000 Z=0.000) RuntimeGrid:None EditorOnly:0 RuntimeOnly:0 HLODRelevant:0
 |   |   |- [+] [ 56]
 |   |   |   |- Guid:53E71DA84316BB7BF7D691970611730C BaseClass: NativeClass:/Script/Engine.StaticMeshActor Name:StaticMeshActor_8 Label:SM_ChamferCube3 SpatiallyLoaded:1 Bounds:IsValid=true, Min=(X=257.548 Y=2127.548 Z=0.063), Max=(X=462.452 Y=2332.452 Z=150.063) RuntimeGrid:None EditorOnly:0 RuntimeOnly:0 HLODRelevant:0 FolderPath:SimulatedCubes FolderGuid:9AEEADCB4DC6C647D6E7C0B4EDA1744F
 |   |   |- [+] [ 57]
 |   |   |   |- Guid:86A721EC49390EE7708B89ADED83F685 BaseClass: NativeClass:/Script/Engine.StaticMeshActor Name:StaticMeshActor_47 Label:SM_ChamferCube13 SpatiallyLoaded:1 Bounds:IsValid=true, Min=(X=250.297 Y=3094.568 Z=100.013), Max=(X=391.180 Y=3235.451 Z=200.013) RuntimeGrid:None EditorOnly:0 RuntimeOnly:0 HLODRelevant:0 FolderPath:SimulatedCubes FolderGuid:9AEEADCB4DC6C647D6E7C0B4EDA1744F
 |   |   |- [+] [ 58]
 |   |   |   |- Guid:614E276147EE50A9DBE7C4B8F46A18F3 BaseClass: NativeClass:/Script/Engine.StaticMeshActor Name:StaticMeshActor_29 Label:SM_ChamferCube4 SpatiallyLoaded:1 Bounds:IsValid=true, Min=(X=334.338 Y=334.338 Z=0.063), Max=(X=545.662 Y=545.662 Z=150.063) RuntimeGrid:None EditorOnly:0 RuntimeOnly:0 HLODRelevant:0 FolderPath:SimulatedCubes FolderGuid:9AEEADCB4DC6C647D6E7C0B4EDA1744F
 |   |   |- [+] [ 59]
 |   |   |   |- Guid:B614E17942D9A77BB2F53FBF04D3A2F0 BaseClass:/Game/Objects/BP_Book.BP_Book_C NativeClass:/Script/Engine.Actor Name:BP_Book_C_UAID_C8D9D21886BE61C001_1100923985 Label:BP_Book SpatiallyLoaded:1 Bounds:IsValid=true, Min=(X=1711.352 Y=721.758 Z=1.314), Max=(X=1727.730 Y=757.337 Z=61.606) RuntimeGrid:None EditorOnly:0 RuntimeOnly:0 HLODRelevant:0
 |   |   |- [+] [ 60]
 |   |   |   |- Guid:FE13CAAF46AC4BB0EADA9781E6373823 BaseClass: NativeClass:/Script/Engine.StaticMeshActor Name:StaticMeshActor_20 Label:SM_ChamferCube2 SpatiallyLoaded:1 Bounds:IsValid=true, Min=(X=324.987 Y=1136.837 Z=0.013), Max=(X=453.158 Y=1265.008 Z=100.013) RuntimeGrid:None EditorOnly:0 RuntimeOnly:0 HLODRelevant:0 FolderPath:SimulatedCubes FolderGuid:9AEEADCB4DC6C647D6E7C0B4EDA1744F
 |   |   |- [+] [ 61]
 |   |   |   |- Guid:8673598D4D69775FFDF594BC3724F4BE BaseClass: NativeClass:/Script/Engine.StaticMeshActor Name:StaticMeshActor_46 Label:SM_ChamferCube12 SpatiallyLoaded:1 Bounds:IsValid=true, Min=(X=204.335 Y=3056.000 Z=0.013), Max=(X=345.218 Y=3196.884 Z=100.013) RuntimeGrid:None EditorOnly:0 RuntimeOnly:0 HLODRelevant:0 FolderPath:SimulatedCubes FolderGuid:9AEEADCB4DC6C647D6E7C0B4EDA1744F
 |   |   |- [+] [ 62]
 |   |   |   |- Guid:A901E4E74A502C7FC2908ABC899CC79B BaseClass:/Game/Objects/BP_Book.BP_Book_C NativeClass:/Script/Engine.Actor Name:BP_Book_C_UAID_C8D9D21886BE61C001_1111263987 Label:BP_Book3 SpatiallyLoaded:1 Bounds:IsValid=true, Min=(X=1573.956 Y=851.164 Z=1.367), Max=(X=1634.116 Y=886.743 Z=7.390) RuntimeGrid:None EditorOnly:0 RuntimeOnly:0 HLODRelevant:0
 |   |   |- [+] [ 63]
 |   |   |   |- Guid:A2AC53C0496CA3EC7C25EEA3BCE295ED BaseClass: NativeClass:/Script/Engine.StaticMeshActor Name:StaticMeshActor_5 Label:SM_Cube4 SpatiallyLoaded:1 Bounds:IsValid=true, Min=(X=1745.000 Y=600.000 Z=0.000), Max=(X=2345.000 Y=1100.000 Z=200.000) RuntimeGrid:None EditorOnly:0 RuntimeOnly:0 HLODRelevant:1 FolderPath:Block01 FolderGuid:5710F1034B6DC7FBD588718E283EB93C
 |   |   |- [+] [ 64]
 |   |   |   |- Guid:6308040244008B0856D2CAAFC7492995 BaseClass: NativeClass:/Script/Engine.VolumetricCloud Name:VolumetricCloud_0 Label:VolumetricCloud SpatiallyLoaded:0 Bounds:IsValid=true, Min=(X=0.000 Y=0.000 Z=820.000), Max=(X=0.000 Y=0.000 Z=820.000) RuntimeGrid:None EditorOnly:0 RuntimeOnly:0 HLODRelevant:0 FolderPath:Lighting FolderGuid:0BA5F0A04EADB18E70D5B180D08FA34B
 |   |   |- [+] [ 65]
 |   |   |   |- Guid:B2EF463D42668B9C575876BD253932FE BaseClass:/Game/Objects/BP_Blob.BP_Blob_C NativeClass:/Script/Engine.Actor Name:BP_Blob_C_UAID_C8D9D21886BE64C001_1461052531 Label:BP_Blob SpatiallyLoaded:1 Bounds:IsValid=true, Min=(X=868.897 Y=284.769 Z=-160.000), Max=(X=1188.897 Y=604.769 Z=254.385) RuntimeGrid:None EditorOnly:0 RuntimeOnly:0 HLODRelevant:0
 |   |   |- [+] [ 66]
 |   |   |   |- Guid:24FCAD3A4C23676610C25CA9EE6F60CB BaseClass:/Game/Objects/BP_WeldingTorch.BP_WeldingTorch_C NativeClass:/Script/Engine.Actor Name:BP_WeldingTorch_C_UAID_C8D9D21886BE66C001_1158587863 Label:BP_WeldingTorch SpatiallyLoaded:1 Bounds:IsValid=true, Min=(X=838.710 Y=564.381 Z=-1116.567), Max=(X=2694.706 Y=1044.963 Z=742.393) RuntimeGrid:None EditorOnly:0 RuntimeOnly:0 HLODRelevant:0
 |- ContainerInstances:
 |- [+] MainContainer:
 |   |-        ID: 0x0000000000000000
 |   |-    Bounds: IsValid=false, Min=(X=0.000 Y=0.000 Z=0.000), Max=(X=0.000 Y=0.000 Z=0.000)
 |   |- Transform: 0.000000,0.000000,0.000000|0.000000,0.000000,-0.000000|1.000000,1.000000,1.000000
 |   |- Container: /Game/Maps/TestingMap
----------------------------------------------------------------------------------------------------------------
TestingMap - Persistent Level
----------------------------------------------------------------------------------------------------------------
Always loaded Actor Count: 87 

----------------------------------------------------------------------------------------------------------------
TestingMap - Runtime Spatial Hash - Streaming Grid - MainGrid
----------------------------------------------------------------------------------------------------------------
            Origin: X=0.000 Y=0.000 Z=0.000
         Cell Size: 12800
      World Bounds: IsValid=false, Min=(X=0.000 Y=0.000 Z=0.000), Max=(X=0.000 Y=0.000 Z=0.000)
     Loading Range: 25600.00
Block Slow Loading: No
 ClientOnlyVisible: No

[+] Grid Levels: 1
 |- Level  0: Cell Count    0 | Cell Size   12800 | Actor Count    0 (0.0%)

[+] Content of Grid Level 0

