[+] Containers:
 |- [+] Container: /Game/Maps/TestingMap
 |   |- [+] ActorDescs:
 |   |   |- Guid:0A224C374408230E944B5C9329726727 BaseClass:/Game/Objects/BP_Battery.BP_Battery_C NativeClass:/Script/Engine.Actor Name:BP_Battery_C_UAID_C8D9D21886BE73C001_1248544174 Label:BP_Battery3 SpatiallyLoaded:1 Bounds:IsValid=true, Min=(X=1413.251 Y=897.585 Z=-0.000), Max=(X=1443.250 Y=927.585 Z=30.000) RuntimeGrid:None EditorOnly:0 RuntimeOnly:0 HLODRelevant:0
 |   |   |- Guid:0A4DE32D436A00DD6BFE2B9F4F589184 BaseClass: NativeClass:/Script/Engine.StaticMeshActor Name:StaticMeshActor_10 Label:SM_Cube6 SpatiallyLoaded:1 Bounds:IsValid=true, Min=(X=1570.928 Y=100.000 Z=-0.000), Max=(X=1670.928 Y=1725.465 Z=400.000) RuntimeGrid:None EditorOnly:0 RuntimeOnly:0 HLODRelevant:1 FolderPath:Playground FolderGuid:6C02BB504B69D1F3D7A624B130C18E5B
 |   |   |- Guid:0A5EF5A24C424FFAA4E56B940C9753E4 BaseClass: NativeClass:/Script/Engine.StaticMeshActor Name:StaticMeshActor_UAID_C8D9D21886BE6FC001_1598610451 Label:SM_Computer SpatiallyLoaded:1 Bounds:IsValid=true, Min=(X=1278.164 Y=123.272 Z=119.467), Max=(X=1421.211 Y=261.528 Z=235.624) RuntimeGrid:None EditorOnly:0 RuntimeOnly:0 HLODRelevant:1
 |   |   |- Guid:0E301CCB40F4E016BB8C98A9DD57D8FD BaseClass: NativeClass:/Script/Engine.StaticMeshActor Name:StaticMeshActor_UAID_C8D9D21886BE6FC001_1616244452 Label:SM_Computer2 SpatiallyLoaded:1 Bounds:IsValid=true, Min=(X=1438.096 Y=108.957 Z=119.467), Max=(X=1547.604 Y=205.377 Z=235.624) RuntimeGrid:None EditorOnly:0 RuntimeOnly:0 HLODRelevant:1
 |   |   |- Guid:119E57874C45E8AF12A492B2A38892E5 BaseClass: NativeClass:/Script/Engine.StaticMeshActor Name:StaticMeshActor_UAID_C8D9D21886BE68C001_2091195219 Label:SM_Cube8 SpatiallyLoaded:1 Bounds:IsValid=true, Min=(X=1249.595 Y=36.780 Z=-68.369), Max=(X=1266.187 Y=386.429 Z=329.919) RuntimeGrid:None EditorOnly:0 RuntimeOnly:0 HLODRelevant:1 FolderPath:Block01 FolderGuid:5710F1034B6DC7FBD588718E283EB93C
 |   |   |- Guid:24FCAD3A4C23676610C25CA9EE6F60CB BaseClass:/Game/Objects/BP_WeldingTorch.BP_WeldingTorch_C NativeClass:/Script/Engine.Actor Name:BP_WeldingTorch_C_UAID_C8D9D21886BE66C001_1158587863 Label:BP_WeldingTorch SpatiallyLoaded:1 Bounds:IsValid=true, Min=(X=1390.295 Y=781.480 Z=-0.000), Max=(X=1400.565 Y=791.750 Z=83.756) RuntimeGrid:None EditorOnly:0 RuntimeOnly:0 HLODRelevant:0
 |   |   |- Guid:25F23E6F458D491704F700A3A34EF4EF BaseClass: NativeClass:/Script/Engine.StaticMeshActor Name:StaticMeshActor_UAID_C8D9D21886BE6FC001_1359215449 Label:SM_Microphone2 SpatiallyLoaded:1 Bounds:IsValid=true, Min=(X=1133.477 Y=205.526 Z=-39.818), Max=(X=1284.354 Y=341.522 Z=118.248) RuntimeGrid:None EditorOnly:0 RuntimeOnly:0 HLODRelevant:1
 |   |   |- Guid:276A0D3843F93D08A8EA09842931F00D BaseClass: NativeClass:/Script/Engine.DirectionalLight Name:DirectionalLight_1 Label:DirectionalLight SpatiallyLoaded:0 Bounds:IsValid=true, Min=(X=-4398046511104.000 Y=-4398046511104.000 Z=-4398046511104.000), Max=(X=4398046511104.000 Y=4398046511104.000 Z=4398046511104.000) RuntimeGrid:None EditorOnly:0 RuntimeOnly:0 HLODRelevant:0 FolderPath:Lighting FolderGuid:0BA5F0A04EADB18E70D5B180D08FA34B
 |   |   |- Guid:2989C20D4C4E17EC307CD0901D1311CE BaseClass:/Game/Objects/BP_CameraTripod.BP_CameraTripod_C NativeClass:/Script/Engine.Actor Name:BP_CameraTripod_C_UAID_C8D9D21886BE71C001_1683895815 Label:BP_CameraTripod SpatiallyLoaded:1 Bounds:IsValid=true, Min=(X=1173.230 Y=405.524 Z=0.884), Max=(X=1288.848 Y=538.265 Z=170.645) RuntimeGrid:None EditorOnly:0 RuntimeOnly:0 HLODRelevant:0
 |   |   |- Guid:31DF913B40292A62CA0103A322C5D509 BaseClass: NativeClass:/Script/Engine.PostProcessVolume Name:PostProcessVolume_0 Label:PostProcessVolume SpatiallyLoaded:0 Bounds:IsValid=true, Min=(X=0.000 Y=0.000 Z=400.000), Max=(X=200.000 Y=200.000 Z=600.000) RuntimeGrid:None EditorOnly:0 RuntimeOnly:0 HLODRelevant:0 FolderPath:Lighting FolderGuid:0BA5F0A04EADB18E70D5B180D08FA34B
 |   |   |- Guid:357739D54D1E1CF790FF708BEE9ED738 BaseClass: NativeClass:/Script/Engine.PointLight Name:PointLight_UAID_C8D9D21886BE69C001_1101277403 Label:PointLight3 SpatiallyLoaded:1 Bounds:IsValid=true, Min=(X=377.880 Y=-44.518 Z=-584.712), Max=(X=2274.760 Y=1852.362 Z=1312.168) RuntimeGrid:None EditorOnly:0 RuntimeOnly:0 HLODRelevant:0
 |   |   |- Guid:38554E1C4C2A38EEAE8B1C8D13BE17EC BaseClass: NativeClass:/Script/Engine.StaticMeshActor Name:StaticMeshActor_UAID_C8D9D21886BE6FC001_1700429456 Label:SM_Microphone4 SpatiallyLoaded:1 Bounds:IsValid=true, Min=(X=889.662 Y=694.258 Z=-24.224), Max=(X=1056.574 Y=763.237 Z=133.842) RuntimeGrid:None EditorOnly:0 RuntimeOnly:0 HLODRelevant:1
 |   |   |- Guid:3D24A016401DE21AD3D0869B3630F0AE BaseClass:/Game/Objects/BP_Lamp.BP_Lamp_C NativeClass:/Script/Engine.Actor Name:WB_Lamp_C_UAID_C8D9D21886BE61C001_1925840989 Label:WB_Lamp SpatiallyLoaded:1 Bounds:IsValid=true, Min=(X=1342.687 Y=1083.641 Z=0.294), Max=(X=1475.953 Y=1167.684 Z=147.751) RuntimeGrid:None EditorOnly:0 RuntimeOnly:0 HLODRelevant:0
 |   |   |- Guid:3E36E7314A76EBB476CA50A90E5A0797 BaseClass: NativeClass:/Script/Engine.SkyAtmosphere Name:SkyAtmosphere_0 Label:SkyAtmosphere SpatiallyLoaded:0 Bounds:IsValid=true, Min=(X=0.000 Y=0.000 Z=1020.000), Max=(X=0.000 Y=0.000 Z=1020.000) RuntimeGrid:None EditorOnly:0 RuntimeOnly:0 HLODRelevant:0 FolderPath:Lighting FolderGuid:0BA5F0A04EADB18E70D5B180D08FA34B
 |   |   |- Guid:3E61C29C41372ED23F9470823B31B89C BaseClass: NativeClass:/Script/Engine.StaticMeshActor Name:StaticMeshActor_15 Label:SM_Cube10 SpatiallyLoaded:1 Bounds:IsValid=true, Min=(X=2345.000 Y=1000.000 Z=100.000), Max=(X=2545.000 Y=1100.000 Z=200.000) RuntimeGrid:None EditorOnly:0 RuntimeOnly:0 HLODRelevant:1 FolderPath:Block01 FolderGuid:5710F1034B6DC7FBD588718E283EB93C
 |   |   |- Guid:3FF7708F490F4D8277F341A6845A6DD7 BaseClass: NativeClass:/Script/Engine.WorldDataLayers Name:WorldDataLayers Label:WorldDataLayers SpatiallyLoaded:0 Bounds:IsValid=true, Min=(X=0.000 Y=0.000 Z=0.000), Max=(X=0.000 Y=0.000 Z=0.000) RuntimeGrid:None EditorOnly:0 RuntimeOnly:0 HLODRelevant:0
 |   |   |- Guid:49CDF6FB4390D772EA8ABB999F3DA2C7 BaseClass: NativeClass:/Script/Engine.StaticMeshActor Name:StaticMeshActor_UAID_C8D9D21886BE6FC001_1652997454 Label:SM_Computer4 SpatiallyLoaded:1 Bounds:IsValid=true, Min=(X=1019.451 Y=254.366 Z=232.795), Max=(X=1144.038 Y=368.337 Z=348.951) RuntimeGrid:None EditorOnly:0 RuntimeOnly:0 HLODRelevant:1
 |   |   |- Guid:546888C04ED3C473BA5AED9E5389A6B7 BaseClass: NativeClass:/Script/Engine.StaticMeshActor Name:StaticMeshActor_UAID_C8D9D21886BE68C001_2118823221 Label:SM_Cube12 SpatiallyLoaded:1 Bounds:IsValid=true, Min=(X=0.000 Y=-0.000 Z=391.762), Max=(X=3000.000 Y=1584.465 Z=441.762) RuntimeGrid:None EditorOnly:0 RuntimeOnly:0 HLODRelevant:1 FolderPath:Playground FolderGuid:6C02BB504B69D1F3D7A624B130C18E5B
 |   |   |- Guid:5BB213644E8611289C0E5B89F91414A0 BaseClass:/Game/Objects/BP_Battery.BP_Battery_C NativeClass:/Script/Engine.Actor Name:BP_Battery_C_UAID_C8D9D21886BE66C001_2143973865 Label:BP_Battery SpatiallyLoaded:1 Bounds:IsValid=true, Min=(X=1413.251 Y=992.921 Z=-0.000), Max=(X=1443.250 Y=1022.921 Z=30.000) RuntimeGrid:None EditorOnly:0 RuntimeOnly:0 HLODRelevant:0
 |   |   |- Guid:6308040244008B0856D2CAAFC7492995 BaseClass: NativeClass:/Script/Engine.VolumetricCloud Name:VolumetricCloud_0 Label:VolumetricCloud SpatiallyLoaded:0 Bounds:IsValid=true, Min=(X=0.000 Y=0.000 Z=820.000), Max=(X=0.000 Y=0.000 Z=820.000) RuntimeGrid:None EditorOnly:0 RuntimeOnly:0 HLODRelevant:0 FolderPath:Lighting FolderGuid:0BA5F0A04EADB18E70D5B180D08FA34B
 |   |   |- Guid:6B5C877849E34D04CD5C31BA53533A5C BaseClass:/Game/Objects/BP_Plant.BP_Plant_C NativeClass:/Script/Engine.Actor Name:BP_Plant_C_UAID_C8D9D21886BE73C001_1113517168 Label:BP_Plant SpatiallyLoaded:1 Bounds:IsValid=true, Min=(X=916.344 Y=1140.356 Z=45.248), Max=(X=1016.046 Y=1245.389 Z=176.151) RuntimeGrid:None EditorOnly:0 RuntimeOnly:0 HLODRelevant:0
 |   |   |- Guid:71DB2D4A4275A10B5DD9A7BC2756CB0E BaseClass: NativeClass:/Script/Engine.StaticMeshActor Name:StaticMeshActor_0 Label:SM_Cube SpatiallyLoaded:1 Bounds:IsValid=true, Min=(X=0.000 Y=0.000 Z=-50.000), Max=(X=3000.000 Y=1584.465 Z=0.000) RuntimeGrid:None EditorOnly:0 RuntimeOnly:0 HLODRelevant:1 FolderPath:Playground FolderGuid:6C02BB504B69D1F3D7A624B130C18E5B
 |   |   |- Guid:792068EE46F0B9077B3A34A4C14CBD53 BaseClass: NativeClass:/Script/Engine.StaticMeshActor Name:StaticMeshActor_UAID_C8D9D21886BE69C001_1089178401 Label:SM_Cube14 SpatiallyLoaded:1 Bounds:IsValid=true, Min=(X=-187.607 Y=0.000 Z=18.291), Max=(X=161.134 Y=100.000 Z=373.194) RuntimeGrid:None EditorOnly:0 RuntimeOnly:0 HLODRelevant:1 FolderPath:Playground FolderGuid:6C02BB504B69D1F3D7A624B130C18E5B
 |   |   |- Guid:7C3F53B04AAC776988D3E7B1B930F528 BaseClass: NativeClass:/Script/Engine.StaticMeshActor Name:StaticMeshActor_UAID_C8D9D21886BE68C001_2143821223 Label:SM_Cube3 SpatiallyLoaded:1 Bounds:IsValid=true, Min=(X=0.000 Y=-0.000 Z=328.500), Max=(X=3000.000 Y=100.000 Z=552.314) RuntimeGrid:None EditorOnly:0 RuntimeOnly:0 HLODRelevant:1 FolderPath:Playground FolderGuid:6C02BB504B69D1F3D7A624B130C18E5B
 |   |   |- Guid:7DF3576941CE073B3860F79D81DF7A2F BaseClass: NativeClass:/Script/Engine.StaticMeshActor Name:StaticMeshActor_UAID_C8D9D21886BE70C001_1433162638 Label:SM_Bars SpatiallyLoaded:1 Bounds:IsValid=true, Min=(X=901.888 Y=313.569 Z=-89.139), Max=(X=949.628 Y=627.688 Z=223.819) RuntimeGrid:None EditorOnly:0 RuntimeOnly:0 HLODRelevant:1
 |   |   |- Guid:836E5AEC4DCAEDCEAF9791A66959D784 BaseClass: NativeClass:/Script/Engine.StaticMeshActor Name:StaticMeshActor_14 Label:SM_Ramp3 SpatiallyLoaded:1 Bounds:IsValid=true, Min=(X=2345.000 Y=600.000 Z=100.000), Max=(X=2545.000 Y=1000.000 Z=200.000) RuntimeGrid:None EditorOnly:0 RuntimeOnly:0 HLODRelevant:1 FolderPath:Block01 FolderGuid:5710F1034B6DC7FBD588718E283EB93C
 |   |   |- Guid:84848AAC42BF72E6FDF6DEAEF5C68365 BaseClass: NativeClass:/Script/Engine.StaticMeshActor Name:StaticMeshActor_UAID_C8D9D21886BE69C001_1195451404 Label:SM_Cube15 SpatiallyLoaded:1 Bounds:IsValid=true, Min=(X=870.578 Y=100.000 Z=0.000), Max=(X=907.514 Y=877.779 Z=400.000) RuntimeGrid:None EditorOnly:0 RuntimeOnly:0 HLODRelevant:1 FolderPath:Playground FolderGuid:6C02BB504B69D1F3D7A624B130C18E5B
 |   |   |- Guid:850CF012415DC701B272159FF35C4904 BaseClass: NativeClass:/Script/Engine.StaticMeshActor Name:StaticMeshActor_UAID_C8D9D21886BE69C001_1227057406 Label:SM_Cube16 SpatiallyLoaded:1 Bounds:IsValid=true, Min=(X=-5.783 Y=1243.845 Z=-32.479), Max=(X=1894.374 Y=1309.983 Z=427.146) RuntimeGrid:None EditorOnly:0 RuntimeOnly:0 HLODRelevant:1 FolderPath:Playground FolderGuid:6C02BB504B69D1F3D7A624B130C18E5B
 |   |   |- Guid:89759ADC459A04F2C7D720A021607A87 BaseClass: NativeClass:/Script/Engine.StaticMeshActor Name:StaticMeshActor_UAID_A4AE111137DC5EFB00_2001720423 Label:SM_SkySphere SpatiallyLoaded:0 Bounds:IsValid=true, Min=(X=-1638400.000 Y=-1638400.000 Z=-1638400.000), Max=(X=1638400.000 Y=1638400.000 Z=1638400.000) RuntimeGrid:None EditorOnly:0 RuntimeOnly:0 HLODRelevant:1 FolderPath:Lighting FolderGuid:0BA5F0A04EADB18E70D5B180D08FA34B
 |   |   |- Guid:8A7FFC3843CD52A213E2BAA2ABD56796 BaseClass:/Game/Player/BP_FirstPersonCharacter.BP_FirstPersonCharacter_C NativeClass:/Script/Engine.Character Name:BP_FirstPersonCharacter_C_UAID_C8D9D21886BE63C001_1576410335 Label:BP_FirstPersonCharacter SpatiallyLoaded:1 Bounds:IsValid=true, Min=(X=1038.010 Y=902.722 Z=-0.000), Max=(X=1299.471 Y=1044.048 Z=192.000) RuntimeGrid:None EditorOnly:0 RuntimeOnly:0 HLODRelevant:0
 |   |   |- Guid:917D1CB7445D24703E3F9A90F0A735FB BaseClass:/Game/Objects/BP_Camera.BP_Camera_C NativeClass:/Script/Engine.Actor Name:BP_Camera_C_UAID_C8D9D21886BE6BC001_1728738765 Label:BP_Camera SpatiallyLoaded:1 Bounds:IsValid=true, Min=(X=1277.257 Y=617.737 Z=-44.995), Max=(X=1445.968 Y=668.824 Z=44.995) RuntimeGrid:None EditorOnly:0 RuntimeOnly:0 HLODRelevant:0
 |   |   |- Guid:9BD21FFA4E0C32B5C96D28A5525EF48C BaseClass:/Game/Objects/BP_Plant.BP_Plant_C NativeClass:/Script/Engine.Actor Name:BP_Plant_C_UAID_C8D9D21886BE73C001_1160893172 Label:BP_Plant4 SpatiallyLoaded:1 Bounds:IsValid=true, Min=(X=788.073 Y=1161.877 Z=45.248), Max=(X=887.775 Y=1266.911 Z=176.151) RuntimeGrid:None EditorOnly:0 RuntimeOnly:0 HLODRelevant:0
 |   |   |- Guid:9C76AB8E4F97BC986E796C9007C90ABE BaseClass: NativeClass:/Script/Engine.StaticMeshActor Name:StaticMeshActor_UAID_C8D9D21886BE69C001_1543562412 Label:SM_Cube18 SpatiallyLoaded:1 Bounds:IsValid=true, Min=(X=424.193 Y=852.257 Z=0.000), Max=(X=907.514 Y=889.194 Z=400.000) RuntimeGrid:None EditorOnly:0 RuntimeOnly:0 HLODRelevant:1 FolderPath:Playground FolderGuid:6C02BB504B69D1F3D7A624B130C18E5B
 |   |   |- Guid:A6D8082144D5D0920C4EBCB45D0B251B BaseClass: NativeClass:/Script/Engine.StaticMeshActor Name:StaticMeshActor_UAID_C8D9D21886BE6FC001_1630003453 Label:SM_Computer3 SpatiallyLoaded:1 Bounds:IsValid=true, Min=(X=1438.096 Y=126.600 Z=242.683), Max=(X=1547.604 Y=275.127 Z=393.642) RuntimeGrid:None EditorOnly:0 RuntimeOnly:0 HLODRelevant:1
 |   |   |- Guid:A901E4E74A502C7FC2908ABC899CC79B BaseClass:/Game/Objects/BP_Book.BP_Book_C NativeClass:/Script/Engine.Actor Name:BP_Book_C_UAID_C8D9D21886BE61C001_1111263987 Label:BP_Book3 SpatiallyLoaded:1 Bounds:IsValid=true, Min=(X=1403.825 Y=851.164 Z=1.367), Max=(X=1463.985 Y=886.743 Z=7.390) RuntimeGrid:None EditorOnly:0 RuntimeOnly:0 HLODRelevant:0
 |   |   |- Guid:AE1243EE4571B3978D55DCA217439323 BaseClass: NativeClass:/Script/Engine.StaticMeshActor Name:StaticMeshActor_UAID_C8D9D21886BE69C001_1076591400 Label:SM_Cube13 SpatiallyLoaded:1 Bounds:IsValid=true, Min=(X=516.631 Y=0.000 Z=18.291), Max=(X=1305.987 Y=100.000 Z=373.194) RuntimeGrid:None EditorOnly:0 RuntimeOnly:0 HLODRelevant:1 FolderPath:Playground FolderGuid:6C02BB504B69D1F3D7A624B130C18E5B
 |   |   |- Guid:B2EF463D42668B9C575876BD253932FE BaseClass:/Game/Blob/BP_Blob.BP_Blob_C NativeClass:/Script/Engine.Actor Name:BP_Blob_C_UAID_C8D9D21886BE64C001_1461052531 Label:BP_Blob SpatiallyLoaded:1 Bounds:IsValid=true, Min=(X=1033.123 Y=149.230 Z=-75.386), Max=(X=1193.123 Y=754.292 Z=84.614) RuntimeGrid:None EditorOnly:0 RuntimeOnly:0 HLODRelevant:0
 |   |   |- Guid:B53CD2F846CC056A80980A8E886F87A9 BaseClass: NativeClass:/Script/Engine.StaticMeshActor Name:StaticMeshActor_UAID_C8D9D21886BE69C001_1515741411 Label:SM_Cube19 SpatiallyLoaded:1 Bounds:IsValid=true, Min=(X=662.927 Y=-88.887 Z=-7.762), Max=(X=830.892 Y=129.046 Z=275.623) RuntimeGrid:None EditorOnly:0 RuntimeOnly:0 HLODRelevant:1 FolderPath:Playground FolderGuid:6C02BB504B69D1F3D7A624B130C18E5B
 |   |   |- Guid:B614E17942D9A77BB2F53FBF04D3A2F0 BaseClass:/Game/Objects/BP_Book.BP_Book_C NativeClass:/Script/Engine.Actor Name:BP_Book_C_UAID_C8D9D21886BE61C001_1100923985 Label:BP_Book SpatiallyLoaded:1 Bounds:IsValid=true, Min=(X=1541.221 Y=721.758 Z=1.314), Max=(X=1557.599 Y=757.337 Z=61.606) RuntimeGrid:None EditorOnly:0 RuntimeOnly:0 HLODRelevant:0
 |   |   |- Guid:B6BF6565464D618E98FE859815C86ABF BaseClass:/Game/Objects/BP_Lamp.BP_Lamp_C NativeClass:/Script/Engine.Actor Name:WB_Lamp_C_UAID_C8D9D21886BE61C001_2075184990 Label:WB_Lamp2 SpatiallyLoaded:1 Bounds:IsValid=true, Min=(X=1377.979 Y=1013.867 Z=0.294), Max=(X=1511.246 Y=1097.910 Z=147.751) RuntimeGrid:None EditorOnly:0 RuntimeOnly:0 HLODRelevant:0
 |   |   |- Guid:BD0CD33D46DBA27A7CB25094488B9031 BaseClass: NativeClass:/Script/Engine.StaticMeshActor Name:StaticMeshActor_UAID_C8D9D21886BE69C001_1286317407 Label:SM_Cube17 SpatiallyLoaded:1 Bounds:IsValid=true, Min=(X=1275.547 Y=102.784 Z=101.199), Max=(X=1680.599 Y=345.123 Z=117.801) RuntimeGrid:None EditorOnly:0 RuntimeOnly:0 HLODRelevant:1 FolderPath:Block01 FolderGuid:5710F1034B6DC7FBD588718E283EB93C
 |   |   |- Guid:C2038A1846743135A4BD8CAFC33EBC0B BaseClass: NativeClass:/Script/Engine.StaticMeshActor Name:StaticMeshActor_UAID_C8D9D21886BE69C001_1440932408 Label:SM_Cube4 SpatiallyLoaded:1 Bounds:IsValid=true, Min=(X=110.196 Y=136.822 Z=-7.762), Max=(X=325.979 Y=556.210 Z=79.008) RuntimeGrid:None EditorOnly:0 RuntimeOnly:0 HLODRelevant:1 FolderPath:Playground FolderGuid:6C02BB504B69D1F3D7A624B130C18E5B
 |   |   |- Guid:C3D4A7984A3B76AE400E05A03984A8AC BaseClass:/Game/Objects/BP_Book.BP_Book_C NativeClass:/Script/Engine.Actor Name:BP_Book_C_UAID_C8D9D21886BE61C001_1105515986 Label:BP_Book2 SpatiallyLoaded:1 Bounds:IsValid=true, Min=(X=1464.627 Y=771.509 Z=1.791), Max=(X=1534.517 Y=832.402 Z=7.814) RuntimeGrid:None EditorOnly:0 RuntimeOnly:0 HLODRelevant:0
 |   |   |- Guid:C421052C466F87F63191EE8D1AAD6AAD BaseClass: NativeClass:/Script/Engine.StaticMeshActor Name:StaticMeshActor_UAID_C8D9D21886BE6FC001_1327438448 Label:SM_Microphone SpatiallyLoaded:1 Bounds:IsValid=true, Min=(X=965.007 Y=261.628 Z=-24.224), Max=(X=1115.885 Y=397.624 Z=133.842) RuntimeGrid:None EditorOnly:0 RuntimeOnly:0 HLODRelevant:1
 |   |   |- Guid:C4BC2F1D45201B7E44FC64BDE6531EDC BaseClass:/Game/Objects/BP_Shelf.BP_Shelf_C NativeClass:/Script/Engine.Actor Name:BP_Bookshelf_C_UAID_C8D9D21886BE66C001_2030682864 Label:BP_Bookshelf SpatiallyLoaded:1 Bounds:IsValid=true, Min=(X=1541.562 Y=856.949 Z=96.655), Max=(X=1592.953 Y=1006.567 Z=153.059) RuntimeGrid:None EditorOnly:0 RuntimeOnly:0 HLODRelevant:0
 |   |   |- Guid:CB32927B4059705EAB1C9790102E06E1 BaseClass: NativeClass:/Script/Engine.StaticMeshActor Name:StaticMeshActor_UAID_C8D9D21886BE73C001_1133827171 Label:SM_Cube20 SpatiallyLoaded:1 Bounds:IsValid=true, Min=(X=601.054 Y=1128.106 Z=-11.528), Max=(X=1039.917 Y=1271.554 Z=83.088) RuntimeGrid:None EditorOnly:0 RuntimeOnly:0 HLODRelevant:1 FolderPath:Playground FolderGuid:6C02BB504B69D1F3D7A624B130C18E5B
 |   |   |- Guid:CBCCCE0E48F73EA255F8DFBC783038AD BaseClass: NativeClass:/Script/Engine.StaticMeshActor Name:StaticMeshActor_9 Label:SM_Cube5 SpatiallyLoaded:1 Bounds:IsValid=true, Min=(X=-0.000 Y=100.000 Z=0.000), Max=(X=100.000 Y=3400.000 Z=400.000) RuntimeGrid:None EditorOnly:0 RuntimeOnly:0 HLODRelevant:1 FolderPath:Playground FolderGuid:6C02BB504B69D1F3D7A624B130C18E5B
 |   |   |- Guid:CC60542848DD4659F3C635B423B1451E BaseClass: NativeClass:/Script/Engine.StaticMeshActor Name:StaticMeshActor_6 Label:SM_Ramp2 SpatiallyLoaded:1 Bounds:IsValid=true, Min=(X=1945.000 Y=400.000 Z=0.000), Max=(X=2345.000 Y=600.000 Z=100.000) RuntimeGrid:None EditorOnly:0 RuntimeOnly:0 HLODRelevant:1 FolderPath:Block01 FolderGuid:5710F1034B6DC7FBD588718E283EB93C
 |   |   |- Guid:CF293573413DD587F481E6A48BA81A6E BaseClass: NativeClass:/Script/Engine.StaticMeshActor Name:StaticMeshActor_UAID_C8D9D21886BE6FC001_1370690450 Label:SM_Microphone3 SpatiallyLoaded:1 Bounds:IsValid=true, Min=(X=941.875 Y=103.080 Z=-24.224), Max=(X=1108.449 Y=197.495 Z=133.842) RuntimeGrid:None EditorOnly:0 RuntimeOnly:0 HLODRelevant:1
 |   |   |- Guid:D30E6BDA41EA6C977A0789ADF0A96A64 BaseClass:/Game/Objects/BP_Plant.BP_Plant_C NativeClass:/Script/Engine.Actor Name:BP_Plant_C_UAID_C8D9D21886BE73C001_1114874169 Label:BP_Plant2 SpatiallyLoaded:1 Bounds:IsValid=true, Min=(X=841.488 Y=1154.630 Z=45.248), Max=(X=925.600 Y=1217.659 Z=176.151) RuntimeGrid:None EditorOnly:0 RuntimeOnly:0 HLODRelevant:0
 |   |   |- Guid:D3ABC00F4C3A4A408EA4BC9AA982F5A0 BaseClass: NativeClass:/Script/Engine.StaticMeshActor Name:StaticMeshActor_UAID_C8D9D21886BE6FC001_1930754458 Label:SM_Camera2 SpatiallyLoaded:1 Bounds:IsValid=true, Min=(X=870.221 Y=805.118 Z=248.790), Max=(X=1069.374 Y=939.432 Z=456.871) RuntimeGrid:None EditorOnly:0 RuntimeOnly:0 HLODRelevant:1
 |   |   |- Guid:D3C0244A4E524C81A922579952D1E041 BaseClass: NativeClass:/Script/Engine.StaticMeshActor Name:StaticMeshActor_UAID_C8D9D21886BE68C001_2077928218 Label:SM_Cube7 SpatiallyLoaded:1 Bounds:IsValid=true, Min=(X=956.523 Y=36.780 Z=-68.369), Max=(X=968.201 Y=386.429 Z=329.919) RuntimeGrid:None EditorOnly:0 RuntimeOnly:0 HLODRelevant:1 FolderPath:Block01 FolderGuid:5710F1034B6DC7FBD588718E283EB93C
 |   |   |- Guid:D40EF50942698057E675489EFADEBA0F BaseClass:/Game/Objects/BP_Plant.BP_Plant_C NativeClass:/Script/Engine.Actor Name:BP_Plant_C_UAID_C8D9D21886BE73C001_1116382170 Label:BP_Plant3 SpatiallyLoaded:1 Bounds:IsValid=true, Min=(X=723.976 Y=1146.427 Z=45.248), Max=(X=808.088 Y=1209.456 Z=176.151) RuntimeGrid:None EditorOnly:0 RuntimeOnly:0 HLODRelevant:0
 |   |   |- Guid:D6E7880F40F329664CCFBDB0F9282717 BaseClass: NativeClass:/Script/Engine.PointLight Name:PointLight_UAID_C8D9D21886BE68C001_2125875222 Label:PointLight SpatiallyLoaded:1 Bounds:IsValid=true, Min=(X=17.384 Y=-851.563 Z=-807.909), Max=(X=2017.384 Y=1148.437 Z=1192.091) RuntimeGrid:None EditorOnly:0 RuntimeOnly:0 HLODRelevant:0
 |   |   |- Guid:E40AA5784EDF2D784A90E2BC5E672398 BaseClass: NativeClass:/Script/Engine.StaticMeshActor Name:StaticMeshActor_13 Label:SM_Cube9 SpatiallyLoaded:1 Bounds:IsValid=true, Min=(X=2345.000 Y=400.000 Z=0.000), Max=(X=2545.000 Y=1100.000 Z=100.000) RuntimeGrid:None EditorOnly:0 RuntimeOnly:0 HLODRelevant:1 FolderPath:Block01 FolderGuid:5710F1034B6DC7FBD588718E283EB93C
 |   |   |- Guid:E48A021046E06765769512843D8C7100 BaseClass: NativeClass:/Script/Engine.StaticMeshActor Name:StaticMeshActor_3 Label:SM_Cube2 SpatiallyLoaded:1 Bounds:IsValid=true, Min=(X=0.000 Y=0.000 Z=0.000), Max=(X=3000.000 Y=100.000 Z=74.570) RuntimeGrid:None EditorOnly:0 RuntimeOnly:0 HLODRelevant:1 FolderPath:Playground FolderGuid:6C02BB504B69D1F3D7A624B130C18E5B
 |   |   |- Guid:E49AD31E4C3B484F49A8B792A8A2AB5A BaseClass: NativeClass:/Script/Engine.ExponentialHeightFog Name:ExponentialHeightFog_0 Label:ExponentialHeightFog SpatiallyLoaded:0 Bounds:IsValid=true, Min=(X=-5600.000 Y=-50.000 Z=-6850.000), Max=(X=-5600.000 Y=-50.000 Z=-6850.000) RuntimeGrid:None EditorOnly:0 RuntimeOnly:0 HLODRelevant:0 FolderPath:Lighting FolderGuid:0BA5F0A04EADB18E70D5B180D08FA34B
 |   |   |- Guid:EC9689AA4771B1FD3891689C5CB6E9DB BaseClass: NativeClass:/Script/Engine.PointLight Name:PointLight_UAID_C8D9D21886BE69C001_1093592402 Label:PointLight2 SpatiallyLoaded:1 Bounds:IsValid=true, Min=(X=-513.134 Y=18.213 Z=-633.202), Max=(X=1486.866 Y=2018.213 Z=1366.798) RuntimeGrid:None EditorOnly:0 RuntimeOnly:0 HLODRelevant:0
 |   |   |- Guid:F06E76CD408F7BAC906BA9B3AE7CE6D1 BaseClass:/Game/Objects/BP_Battery.BP_Battery_C NativeClass:/Script/Engine.Actor Name:BP_Battery_C_UAID_C8D9D21886BE73C001_1247645173 Label:BP_Battery2 SpatiallyLoaded:1 Bounds:IsValid=true, Min=(X=1413.251 Y=938.693 Z=-0.000), Max=(X=1443.250 Y=968.693 Z=30.000) RuntimeGrid:None EditorOnly:0 RuntimeOnly:0 HLODRelevant:0
 |   |   |- Guid:F1D7D6144ACD82A0C18E1BA7C3A7C336 BaseClass: NativeClass:/Script/Engine.PointLight Name:PointLight_UAID_C8D9D21886BE70C001_1082610636 Label:PointLight5 SpatiallyLoaded:1 Bounds:IsValid=true, Min=(X=213.747 Y=-672.605 Z=-807.909), Max=(X=2213.747 Y=1327.395 Z=1192.091) RuntimeGrid:None EditorOnly:0 RuntimeOnly:0 HLODRelevant:0
 |   |   |- Guid:F52FD2D242BA9296F0F567BB68A1097C BaseClass: NativeClass:/Script/Engine.PointLight Name:PointLight_UAID_C8D9D21886BE69C001_1504096410 Label:PointLight4 SpatiallyLoaded:1 Bounds:IsValid=true, Min=(X=-432.036 Y=-568.993 Z=-647.010), Max=(X=1567.964 Y=1431.007 Z=1352.990) RuntimeGrid:None EditorOnly:0 RuntimeOnly:0 HLODRelevant:0
 |   |   |- Guid:F577A41E4FEBF0EEDD4F5C8811306734 BaseClass: NativeClass:/Script/Engine.StaticMeshActor Name:StaticMeshActor_UAID_C8D9D21886BE68C001_2094806220 Label:SM_Cube11 SpatiallyLoaded:1 Bounds:IsValid=true, Min=(X=806.228 Y=36.780 Z=214.351), Max=(X=1289.441 Y=386.429 Z=230.952) RuntimeGrid:None EditorOnly:0 RuntimeOnly:0 HLODRelevant:1 FolderPath:Block01 FolderGuid:5710F1034B6DC7FBD588718E283EB93C
 |   |   |- Guid:F99A1B1F48F47BAE38DE41B2EF23D750 BaseClass: NativeClass:/Script/Engine.SkyLight Name:SkyLight_0 Label:SkyLight SpatiallyLoaded:0 Bounds:IsValid=true, Min=(X=0.000 Y=0.000 Z=690.000), Max=(X=0.000 Y=0.000 Z=690.000) RuntimeGrid:None EditorOnly:0 RuntimeOnly:0 HLODRelevant:0 FolderPath:Lighting FolderGuid:0BA5F0A04EADB18E70D5B180D08FA34B
 |   |   |- Guid:FE13CAAF46AC4BB0EADA9781E6373823 BaseClass: NativeClass:/Script/Engine.StaticMeshActor Name:StaticMeshActor_20 Label:SM_ChamferCube2 SpatiallyLoaded:1 Bounds:IsValid=true, Min=(X=324.987 Y=993.471 Z=0.013), Max=(X=453.158 Y=1121.642 Z=100.013) RuntimeGrid:None EditorOnly:0 RuntimeOnly:0 HLODRelevant:0 FolderPath:SimulatedCubes FolderGuid:9AEEADCB4DC6C647D6E7C0B4EDA1744F
 |   |- [+] Clusters:
 |   |   |- [+] [  0]
 |   |   |   |- Guid:3E61C29C41372ED23F9470823B31B89C BaseClass: NativeClass:/Script/Engine.StaticMeshActor Name:StaticMeshActor_15 Label:SM_Cube10 SpatiallyLoaded:1 Bounds:IsValid=true, Min=(X=2345.000 Y=1000.000 Z=100.000), Max=(X=2545.000 Y=1100.000 Z=200.000) RuntimeGrid:None EditorOnly:0 RuntimeOnly:0 HLODRelevant:1 FolderPath:Block01 FolderGuid:5710F1034B6DC7FBD588718E283EB93C
 |   |   |- [+] [  1]
 |   |   |   |- Guid:89759ADC459A04F2C7D720A021607A87 BaseClass: NativeClass:/Script/Engine.StaticMeshActor Name:StaticMeshActor_UAID_A4AE111137DC5EFB00_2001720423 Label:SM_SkySphere SpatiallyLoaded:0 Bounds:IsValid=true, Min=(X=-1638400.000 Y=-1638400.000 Z=-1638400.000), Max=(X=1638400.000 Y=1638400.000 Z=1638400.000) RuntimeGrid:None EditorOnly:0 RuntimeOnly:0 HLODRelevant:1 FolderPath:Lighting FolderGuid:0BA5F0A04EADB18E70D5B180D08FA34B
 |   |   |- [+] [  2]
 |   |   |   |- Guid:3D24A016401DE21AD3D0869B3630F0AE BaseClass:/Game/Objects/BP_Lamp.BP_Lamp_C NativeClass:/Script/Engine.Actor Name:WB_Lamp_C_UAID_C8D9D21886BE61C001_1925840989 Label:WB_Lamp SpatiallyLoaded:1 Bounds:IsValid=true, Min=(X=1342.687 Y=1083.641 Z=0.294), Max=(X=1475.953 Y=1167.684 Z=147.751) RuntimeGrid:None EditorOnly:0 RuntimeOnly:0 HLODRelevant:0
 |   |   |- [+] [  3]
 |   |   |   |- Guid:31DF913B40292A62CA0103A322C5D509 BaseClass: NativeClass:/Script/Engine.PostProcessVolume Name:PostProcessVolume_0 Label:PostProcessVolume SpatiallyLoaded:0 Bounds:IsValid=true, Min=(X=0.000 Y=0.000 Z=400.000), Max=(X=200.000 Y=200.000 Z=600.000) RuntimeGrid:None EditorOnly:0 RuntimeOnly:0 HLODRelevant:0 FolderPath:Lighting FolderGuid:0BA5F0A04EADB18E70D5B180D08FA34B
 |   |   |- [+] [  4]
 |   |   |   |- Guid:F99A1B1F48F47BAE38DE41B2EF23D750 BaseClass: NativeClass:/Script/Engine.SkyLight Name:SkyLight_0 Label:SkyLight SpatiallyLoaded:0 Bounds:IsValid=true, Min=(X=0.000 Y=0.000 Z=690.000), Max=(X=0.000 Y=0.000 Z=690.000) RuntimeGrid:None EditorOnly:0 RuntimeOnly:0 HLODRelevant:0 FolderPath:Lighting FolderGuid:0BA5F0A04EADB18E70D5B180D08FA34B
 |   |   |- [+] [  5]
 |   |   |   |- Guid:B53CD2F846CC056A80980A8E886F87A9 BaseClass: NativeClass:/Script/Engine.StaticMeshActor Name:StaticMeshActor_UAID_C8D9D21886BE69C001_1515741411 Label:SM_Cube19 SpatiallyLoaded:1 Bounds:IsValid=true, Min=(X=662.927 Y=-88.887 Z=-7.762), Max=(X=830.892 Y=129.046 Z=275.623) RuntimeGrid:None EditorOnly:0 RuntimeOnly:0 HLODRelevant:1 FolderPath:Playground FolderGuid:6C02BB504B69D1F3D7A624B130C18E5B
 |   |   |- [+] [  6]
 |   |   |   |- Guid:D3C0244A4E524C81A922579952D1E041 BaseClass: NativeClass:/Script/Engine.StaticMeshActor Name:StaticMeshActor_UAID_C8D9D21886BE68C001_2077928218 Label:SM_Cube7 SpatiallyLoaded:1 Bounds:IsValid=true, Min=(X=956.523 Y=36.780 Z=-68.369), Max=(X=968.201 Y=386.429 Z=329.919) RuntimeGrid:None EditorOnly:0 RuntimeOnly:0 HLODRelevant:1 FolderPath:Block01 FolderGuid:5710F1034B6DC7FBD588718E283EB93C
 |   |   |- [+] [  7]
 |   |   |   |- Guid:836E5AEC4DCAEDCEAF9791A66959D784 BaseClass: NativeClass:/Script/Engine.StaticMeshActor Name:StaticMeshActor_14 Label:SM_Ramp3 SpatiallyLoaded:1 Bounds:IsValid=true, Min=(X=2345.000 Y=600.000 Z=100.000), Max=(X=2545.000 Y=1000.000 Z=200.000) RuntimeGrid:None EditorOnly:0 RuntimeOnly:0 HLODRelevant:1 FolderPath:Block01 FolderGuid:5710F1034B6DC7FBD588718E283EB93C
 |   |   |- [+] [  8]
 |   |   |   |- Guid:9C76AB8E4F97BC986E796C9007C90ABE BaseClass: NativeClass:/Script/Engine.StaticMeshActor Name:StaticMeshActor_UAID_C8D9D21886BE69C001_1543562412 Label:SM_Cube18 SpatiallyLoaded:1 Bounds:IsValid=true, Min=(X=424.193 Y=852.257 Z=0.000), Max=(X=907.514 Y=889.194 Z=400.000) RuntimeGrid:None EditorOnly:0 RuntimeOnly:0 HLODRelevant:1 FolderPath:Playground FolderGuid:6C02BB504B69D1F3D7A624B130C18E5B
 |   |   |- [+] [  9]
 |   |   |   |- Guid:5BB213644E8611289C0E5B89F91414A0 BaseClass:/Game/Objects/BP_Battery.BP_Battery_C NativeClass:/Script/Engine.Actor Name:BP_Battery_C_UAID_C8D9D21886BE66C001_2143973865 Label:BP_Battery SpatiallyLoaded:1 Bounds:IsValid=true, Min=(X=1413.251 Y=992.921 Z=-0.000), Max=(X=1443.250 Y=1022.921 Z=30.000) RuntimeGrid:None EditorOnly:0 RuntimeOnly:0 HLODRelevant:0
 |   |   |- [+] [ 10]
 |   |   |   |- Guid:3E36E7314A76EBB476CA50A90E5A0797 BaseClass: NativeClass:/Script/Engine.SkyAtmosphere Name:SkyAtmosphere_0 Label:SkyAtmosphere SpatiallyLoaded:0 Bounds:IsValid=true, Min=(X=0.000 Y=0.000 Z=1020.000), Max=(X=0.000 Y=0.000 Z=1020.000) RuntimeGrid:None EditorOnly:0 RuntimeOnly:0 HLODRelevant:0 FolderPath:Lighting FolderGuid:0BA5F0A04EADB18E70D5B180D08FA34B
 |   |   |- [+] [ 11]
 |   |   |   |- Guid:EC9689AA4771B1FD3891689C5CB6E9DB BaseClass: NativeClass:/Script/Engine.PointLight Name:PointLight_UAID_C8D9D21886BE69C001_1093592402 Label:PointLight2 SpatiallyLoaded:1 Bounds:IsValid=true, Min=(X=-513.134 Y=18.213 Z=-633.202), Max=(X=1486.866 Y=2018.213 Z=1366.798) RuntimeGrid:None EditorOnly:0 RuntimeOnly:0 HLODRelevant:0
 |   |   |- [+] [ 12]
 |   |   |   |- Guid:84848AAC42BF72E6FDF6DEAEF5C68365 BaseClass: NativeClass:/Script/Engine.StaticMeshActor Name:StaticMeshActor_UAID_C8D9D21886BE69C001_1195451404 Label:SM_Cube15 SpatiallyLoaded:1 Bounds:IsValid=true, Min=(X=870.578 Y=100.000 Z=0.000), Max=(X=907.514 Y=877.779 Z=400.000) RuntimeGrid:None EditorOnly:0 RuntimeOnly:0 HLODRelevant:1 FolderPath:Playground FolderGuid:6C02BB504B69D1F3D7A624B130C18E5B
 |   |   |- [+] [ 13]
 |   |   |   |- Guid:546888C04ED3C473BA5AED9E5389A6B7 BaseClass: NativeClass:/Script/Engine.StaticMeshActor Name:StaticMeshActor_UAID_C8D9D21886BE68C001_2118823221 Label:SM_Cube12 SpatiallyLoaded:1 Bounds:IsValid=true, Min=(X=0.000 Y=-0.000 Z=391.762), Max=(X=3000.000 Y=1584.465 Z=441.762) RuntimeGrid:None EditorOnly:0 RuntimeOnly:0 HLODRelevant:1 FolderPath:Playground FolderGuid:6C02BB504B69D1F3D7A624B130C18E5B
 |   |   |- [+] [ 14]
 |   |   |   |- Guid:E40AA5784EDF2D784A90E2BC5E672398 BaseClass: NativeClass:/Script/Engine.StaticMeshActor Name:StaticMeshActor_13 Label:SM_Cube9 SpatiallyLoaded:1 Bounds:IsValid=true, Min=(X=2345.000 Y=400.000 Z=0.000), Max=(X=2545.000 Y=1100.000 Z=100.000) RuntimeGrid:None EditorOnly:0 RuntimeOnly:0 HLODRelevant:1 FolderPath:Block01 FolderGuid:5710F1034B6DC7FBD588718E283EB93C
 |   |   |- [+] [ 15]
 |   |   |   |- Guid:D6E7880F40F329664CCFBDB0F9282717 BaseClass: NativeClass:/Script/Engine.PointLight Name:PointLight_UAID_C8D9D21886BE68C001_2125875222 Label:PointLight SpatiallyLoaded:1 Bounds:IsValid=true, Min=(X=17.384 Y=-851.563 Z=-807.909), Max=(X=2017.384 Y=1148.437 Z=1192.091) RuntimeGrid:None EditorOnly:0 RuntimeOnly:0 HLODRelevant:0
 |   |   |- [+] [ 16]
 |   |   |   |- Guid:119E57874C45E8AF12A492B2A38892E5 BaseClass: NativeClass:/Script/Engine.StaticMeshActor Name:StaticMeshActor_UAID_C8D9D21886BE68C001_2091195219 Label:SM_Cube8 SpatiallyLoaded:1 Bounds:IsValid=true, Min=(X=1249.595 Y=36.780 Z=-68.369), Max=(X=1266.187 Y=386.429 Z=329.919) RuntimeGrid:None EditorOnly:0 RuntimeOnly:0 HLODRelevant:1 FolderPath:Block01 FolderGuid:5710F1034B6DC7FBD588718E283EB93C
 |   |   |- [+] [ 17]
 |   |   |   |- Guid:AE1243EE4571B3978D55DCA217439323 BaseClass: NativeClass:/Script/Engine.StaticMeshActor Name:StaticMeshActor_UAID_C8D9D21886BE69C001_1076591400 Label:SM_Cube13 SpatiallyLoaded:1 Bounds:IsValid=true, Min=(X=516.631 Y=0.000 Z=18.291), Max=(X=1305.987 Y=100.000 Z=373.194) RuntimeGrid:None EditorOnly:0 RuntimeOnly:0 HLODRelevant:1 FolderPath:Playground FolderGuid:6C02BB504B69D1F3D7A624B130C18E5B
 |   |   |- [+] [ 18]
 |   |   |   |- Guid:C3D4A7984A3B76AE400E05A03984A8AC BaseClass:/Game/Objects/BP_Book.BP_Book_C NativeClass:/Script/Engine.Actor Name:BP_Book_C_UAID_C8D9D21886BE61C001_1105515986 Label:BP_Book2 SpatiallyLoaded:1 Bounds:IsValid=true, Min=(X=1464.627 Y=771.509 Z=1.791), Max=(X=1534.517 Y=832.402 Z=7.814) RuntimeGrid:None EditorOnly:0 RuntimeOnly:0 HLODRelevant:0
 |   |   |- [+] [ 19]
 |   |   |   |- Guid:CC60542848DD4659F3C635B423B1451E BaseClass: NativeClass:/Script/Engine.StaticMeshActor Name:StaticMeshActor_6 Label:SM_Ramp2 SpatiallyLoaded:1 Bounds:IsValid=true, Min=(X=1945.000 Y=400.000 Z=0.000), Max=(X=2345.000 Y=600.000 Z=100.000) RuntimeGrid:None EditorOnly:0 RuntimeOnly:0 HLODRelevant:1 FolderPath:Block01 FolderGuid:5710F1034B6DC7FBD588718E283EB93C
 |   |   |- [+] [ 20]
 |   |   |   |- Guid:F577A41E4FEBF0EEDD4F5C8811306734 BaseClass: NativeClass:/Script/Engine.StaticMeshActor Name:StaticMeshActor_UAID_C8D9D21886BE68C001_2094806220 Label:SM_Cube11 SpatiallyLoaded:1 Bounds:IsValid=true, Min=(X=806.228 Y=36.780 Z=214.351), Max=(X=1289.441 Y=386.429 Z=230.952) RuntimeGrid:None EditorOnly:0 RuntimeOnly:0 HLODRelevant:1 FolderPath:Block01 FolderGuid:5710F1034B6DC7FBD588718E283EB93C
 |   |   |- [+] [ 21]
 |   |   |   |- Guid:E48A021046E06765769512843D8C7100 BaseClass: NativeClass:/Script/Engine.StaticMeshActor Name:StaticMeshActor_3 Label:SM_Cube2 SpatiallyLoaded:1 Bounds:IsValid=true, Min=(X=0.000 Y=0.000 Z=0.000), Max=(X=3000.000 Y=100.000 Z=74.570) RuntimeGrid:None EditorOnly:0 RuntimeOnly:0 HLODRelevant:1 FolderPath:Playground FolderGuid:6C02BB504B69D1F3D7A624B130C18E5B
 |   |   |- [+] [ 22]
 |   |   |   |- Guid:276A0D3843F93D08A8EA09842931F00D BaseClass: NativeClass:/Script/Engine.DirectionalLight Name:DirectionalLight_1 Label:DirectionalLight SpatiallyLoaded:0 Bounds:IsValid=true, Min=(X=-4398046511104.000 Y=-4398046511104.000 Z=-4398046511104.000), Max=(X=4398046511104.000 Y=4398046511104.000 Z=4398046511104.000) RuntimeGrid:None EditorOnly:0 RuntimeOnly:0 HLODRelevant:0 FolderPath:Lighting FolderGuid:0BA5F0A04EADB18E70D5B180D08FA34B
 |   |   |- [+] [ 23]
 |   |   |   |- Guid:8A7FFC3843CD52A213E2BAA2ABD56796 BaseClass:/Game/Player/BP_FirstPersonCharacter.BP_FirstPersonCharacter_C NativeClass:/Script/Engine.Character Name:BP_FirstPersonCharacter_C_UAID_C8D9D21886BE63C001_1576410335 Label:BP_FirstPersonCharacter SpatiallyLoaded:1 Bounds:IsValid=true, Min=(X=1038.010 Y=902.722 Z=-0.000), Max=(X=1299.471 Y=1044.048 Z=192.000) RuntimeGrid:None EditorOnly:0 RuntimeOnly:0 HLODRelevant:0
 |   |   |- [+] [ 24]
 |   |   |   |- Guid:B6BF6565464D618E98FE859815C86ABF BaseClass:/Game/Objects/BP_Lamp.BP_Lamp_C NativeClass:/Script/Engine.Actor Name:WB_Lamp_C_UAID_C8D9D21886BE61C001_2075184990 Label:WB_Lamp2 SpatiallyLoaded:1 Bounds:IsValid=true, Min=(X=1377.979 Y=1013.867 Z=0.294), Max=(X=1511.246 Y=1097.910 Z=147.751) RuntimeGrid:None EditorOnly:0 RuntimeOnly:0 HLODRelevant:0
 |   |   |- [+] [ 25]
 |   |   |   |- Guid:C2038A1846743135A4BD8CAFC33EBC0B BaseClass: NativeClass:/Script/Engine.StaticMeshActor Name:StaticMeshActor_UAID_C8D9D21886BE69C001_1440932408 Label:SM_Cube4 SpatiallyLoaded:1 Bounds:IsValid=true, Min=(X=110.196 Y=136.822 Z=-7.762), Max=(X=325.979 Y=556.210 Z=79.008) RuntimeGrid:None EditorOnly:0 RuntimeOnly:0 HLODRelevant:1 FolderPath:Playground FolderGuid:6C02BB504B69D1F3D7A624B130C18E5B
 |   |   |- [+] [ 26]
 |   |   |   |- Guid:792068EE46F0B9077B3A34A4C14CBD53 BaseClass: NativeClass:/Script/Engine.StaticMeshActor Name:StaticMeshActor_UAID_C8D9D21886BE69C001_1089178401 Label:SM_Cube14 SpatiallyLoaded:1 Bounds:IsValid=true, Min=(X=-187.607 Y=0.000 Z=18.291), Max=(X=161.134 Y=100.000 Z=373.194) RuntimeGrid:None EditorOnly:0 RuntimeOnly:0 HLODRelevant:1 FolderPath:Playground FolderGuid:6C02BB504B69D1F3D7A624B130C18E5B
 |   |   |- [+] [ 27]
 |   |   |   |- Guid:0A4DE32D436A00DD6BFE2B9F4F589184 BaseClass: NativeClass:/Script/Engine.StaticMeshActor Name:StaticMeshActor_10 Label:SM_Cube6 SpatiallyLoaded:1 Bounds:IsValid=true, Min=(X=1570.928 Y=100.000 Z=-0.000), Max=(X=1670.928 Y=1725.465 Z=400.000) RuntimeGrid:None EditorOnly:0 RuntimeOnly:0 HLODRelevant:1 FolderPath:Playground FolderGuid:6C02BB504B69D1F3D7A624B130C18E5B
 |   |   |- [+] [ 28]
 |   |   |   |- Guid:C4BC2F1D45201B7E44FC64BDE6531EDC BaseClass:/Game/Objects/BP_Shelf.BP_Shelf_C NativeClass:/Script/Engine.Actor Name:BP_Bookshelf_C_UAID_C8D9D21886BE66C001_2030682864 Label:BP_Bookshelf SpatiallyLoaded:1 Bounds:IsValid=true, Min=(X=1541.562 Y=856.949 Z=96.655), Max=(X=1592.953 Y=1006.567 Z=153.059) RuntimeGrid:None EditorOnly:0 RuntimeOnly:0 HLODRelevant:0
 |   |   |- [+] [ 29]
 |   |   |   |- Guid:850CF012415DC701B272159FF35C4904 BaseClass: NativeClass:/Script/Engine.StaticMeshActor Name:StaticMeshActor_UAID_C8D9D21886BE69C001_1227057406 Label:SM_Cube16 SpatiallyLoaded:1 Bounds:IsValid=true, Min=(X=-5.783 Y=1243.845 Z=-32.479), Max=(X=1894.374 Y=1309.983 Z=427.146) RuntimeGrid:None EditorOnly:0 RuntimeOnly:0 HLODRelevant:1 FolderPath:Playground FolderGuid:6C02BB504B69D1F3D7A624B130C18E5B
 |   |   |- [+] [ 30]
 |   |   |   |- Guid:24FCAD3A4C23676610C25CA9EE6F60CB BaseClass:/Game/Objects/BP_WeldingTorch.BP_WeldingTorch_C NativeClass:/Script/Engine.Actor Name:BP_WeldingTorch_C_UAID_C8D9D21886BE66C001_1158587863 Label:BP_WeldingTorch SpatiallyLoaded:1 Bounds:IsValid=true, Min=(X=1390.295 Y=781.480 Z=-0.000), Max=(X=1400.565 Y=791.750 Z=83.756) RuntimeGrid:None EditorOnly:0 RuntimeOnly:0 HLODRelevant:0
 |   |   |- [+] [ 31]
 |   |   |   |- Guid:E49AD31E4C3B484F49A8B792A8A2AB5A BaseClass: NativeClass:/Script/Engine.ExponentialHeightFog Name:ExponentialHeightFog_0 Label:ExponentialHeightFog SpatiallyLoaded:0 Bounds:IsValid=true, Min=(X=-5600.000 Y=-50.000 Z=-6850.000), Max=(X=-5600.000 Y=-50.000 Z=-6850.000) RuntimeGrid:None EditorOnly:0 RuntimeOnly:0 HLODRelevant:0 FolderPath:Lighting FolderGuid:0BA5F0A04EADB18E70D5B180D08FA34B
 |   |   |- [+] [ 32]
 |   |   |   |- Guid:CBCCCE0E48F73EA255F8DFBC783038AD BaseClass: NativeClass:/Script/Engine.StaticMeshActor Name:StaticMeshActor_9 Label:SM_Cube5 SpatiallyLoaded:1 Bounds:IsValid=true, Min=(X=-0.000 Y=100.000 Z=0.000), Max=(X=100.000 Y=3400.000 Z=400.000) RuntimeGrid:None EditorOnly:0 RuntimeOnly:0 HLODRelevant:1 FolderPath:Playground FolderGuid:6C02BB504B69D1F3D7A624B130C18E5B
 |   |   |- [+] [ 33]
 |   |   |   |- Guid:71DB2D4A4275A10B5DD9A7BC2756CB0E BaseClass: NativeClass:/Script/Engine.StaticMeshActor Name:StaticMeshActor_0 Label:SM_Cube SpatiallyLoaded:1 Bounds:IsValid=true, Min=(X=0.000 Y=0.000 Z=-50.000), Max=(X=3000.000 Y=1584.465 Z=0.000) RuntimeGrid:None EditorOnly:0 RuntimeOnly:0 HLODRelevant:1 FolderPath:Playground FolderGuid:6C02BB504B69D1F3D7A624B130C18E5B
 |   |   |- [+] [ 34]
 |   |   |   |- Guid:357739D54D1E1CF790FF708BEE9ED738 BaseClass: NativeClass:/Script/Engine.PointLight Name:PointLight_UAID_C8D9D21886BE69C001_1101277403 Label:PointLight3 SpatiallyLoaded:1 Bounds:IsValid=true, Min=(X=377.880 Y=-44.518 Z=-584.712), Max=(X=2274.760 Y=1852.362 Z=1312.168) RuntimeGrid:None EditorOnly:0 RuntimeOnly:0 HLODRelevant:0
 |   |   |- [+] [ 35]
 |   |   |   |- Guid:917D1CB7445D24703E3F9A90F0A735FB BaseClass:/Game/Objects/BP_Camera.BP_Camera_C NativeClass:/Script/Engine.Actor Name:BP_Camera_C_UAID_C8D9D21886BE6BC001_1728738765 Label:BP_Camera SpatiallyLoaded:1 Bounds:IsValid=true, Min=(X=1277.257 Y=617.737 Z=-44.995), Max=(X=1445.968 Y=668.824 Z=44.995) RuntimeGrid:None EditorOnly:0 RuntimeOnly:0 HLODRelevant:0
 |   |   |- [+] [ 36]
 |   |   |   |- Guid:F52FD2D242BA9296F0F567BB68A1097C BaseClass: NativeClass:/Script/Engine.PointLight Name:PointLight_UAID_C8D9D21886BE69C001_1504096410 Label:PointLight4 SpatiallyLoaded:1 Bounds:IsValid=true, Min=(X=-432.036 Y=-568.993 Z=-647.010), Max=(X=1567.964 Y=1431.007 Z=1352.990) RuntimeGrid:None EditorOnly:0 RuntimeOnly:0 HLODRelevant:0
 |   |   |- [+] [ 37]
 |   |   |   |- Guid:BD0CD33D46DBA27A7CB25094488B9031 BaseClass: NativeClass:/Script/Engine.StaticMeshActor Name:StaticMeshActor_UAID_C8D9D21886BE69C001_1286317407 Label:SM_Cube17 SpatiallyLoaded:1 Bounds:IsValid=true, Min=(X=1275.547 Y=102.784 Z=101.199), Max=(X=1680.599 Y=345.123 Z=117.801) RuntimeGrid:None EditorOnly:0 RuntimeOnly:0 HLODRelevant:1 FolderPath:Block01 FolderGuid:5710F1034B6DC7FBD588718E283EB93C
 |   |   |- [+] [ 38]
 |   |   |   |- Guid:3FF7708F490F4D8277F341A6845A6DD7 BaseClass: NativeClass:/Script/Engine.WorldDataLayers Name:WorldDataLayers Label:WorldDataLayers SpatiallyLoaded:0 Bounds:IsValid=true, Min=(X=0.000 Y=0.000 Z=0.000), Max=(X=0.000 Y=0.000 Z=0.000) RuntimeGrid:None EditorOnly:0 RuntimeOnly:0 HLODRelevant:0
 |   |   |- [+] [ 39]
 |   |   |   |- Guid:7C3F53B04AAC776988D3E7B1B930F528 BaseClass: NativeClass:/Script/Engine.StaticMeshActor Name:StaticMeshActor_UAID_C8D9D21886BE68C001_2143821223 Label:SM_Cube3 SpatiallyLoaded:1 Bounds:IsValid=true, Min=(X=0.000 Y=-0.000 Z=328.500), Max=(X=3000.000 Y=100.000 Z=552.314) RuntimeGrid:None EditorOnly:0 RuntimeOnly:0 HLODRelevant:1 FolderPath:Playground FolderGuid:6C02BB504B69D1F3D7A624B130C18E5B
 |   |   |- [+] [ 40]
 |   |   |   |- Guid:B614E17942D9A77BB2F53FBF04D3A2F0 BaseClass:/Game/Objects/BP_Book.BP_Book_C NativeClass:/Script/Engine.Actor Name:BP_Book_C_UAID_C8D9D21886BE61C001_1100923985 Label:BP_Book SpatiallyLoaded:1 Bounds:IsValid=true, Min=(X=1541.221 Y=721.758 Z=1.314), Max=(X=1557.599 Y=757.337 Z=61.606) RuntimeGrid:None EditorOnly:0 RuntimeOnly:0 HLODRelevant:0
 |   |   |- [+] [ 41]
 |   |   |   |- Guid:FE13CAAF46AC4BB0EADA9781E6373823 BaseClass: NativeClass:/Script/Engine.StaticMeshActor Name:StaticMeshActor_20 Label:SM_ChamferCube2 SpatiallyLoaded:1 Bounds:IsValid=true, Min=(X=324.987 Y=993.471 Z=0.013), Max=(X=453.158 Y=1121.642 Z=100.013) RuntimeGrid:None EditorOnly:0 RuntimeOnly:0 HLODRelevant:0 FolderPath:SimulatedCubes FolderGuid:9AEEADCB4DC6C647D6E7C0B4EDA1744F
 |   |   |- [+] [ 42]
 |   |   |   |- Guid:A901E4E74A502C7FC2908ABC899CC79B BaseClass:/Game/Objects/BP_Book.BP_Book_C NativeClass:/Script/Engine.Actor Name:BP_Book_C_UAID_C8D9D21886BE61C001_1111263987 Label:BP_Book3 SpatiallyLoaded:1 Bounds:IsValid=true, Min=(X=1403.825 Y=851.164 Z=1.367), Max=(X=1463.985 Y=886.743 Z=7.390) RuntimeGrid:None EditorOnly:0 RuntimeOnly:0 HLODRelevant:0
 |   |   |- [+] [ 43]
 |   |   |   |- Guid:6308040244008B0856D2CAAFC7492995 BaseClass: NativeClass:/Script/Engine.VolumetricCloud Name:VolumetricCloud_0 Label:VolumetricCloud SpatiallyLoaded:0 Bounds:IsValid=true, Min=(X=0.000 Y=0.000 Z=820.000), Max=(X=0.000 Y=0.000 Z=820.000) RuntimeGrid:None EditorOnly:0 RuntimeOnly:0 HLODRelevant:0 FolderPath:Lighting FolderGuid:0BA5F0A04EADB18E70D5B180D08FA34B
 |   |   |- [+] [ 44]
 |   |   |   |- Guid:B2EF463D42668B9C575876BD253932FE BaseClass:/Game/Blob/BP_Blob.BP_Blob_C NativeClass:/Script/Engine.Actor Name:BP_Blob_C_UAID_C8D9D21886BE64C001_1461052531 Label:BP_Blob SpatiallyLoaded:1 Bounds:IsValid=true, Min=(X=1033.123 Y=149.230 Z=-75.386), Max=(X=1193.123 Y=754.292 Z=84.614) RuntimeGrid:None EditorOnly:0 RuntimeOnly:0 HLODRelevant:0
 |   |   |- [+] [ 45]
 |   |   |   |- Guid:CF293573413DD587F481E6A48BA81A6E BaseClass: NativeClass:/Script/Engine.StaticMeshActor Name:StaticMeshActor_UAID_C8D9D21886BE6FC001_1370690450 Label:SM_Microphone3 SpatiallyLoaded:1 Bounds:IsValid=true, Min=(X=941.875 Y=103.080 Z=-24.224), Max=(X=1108.449 Y=197.495 Z=133.842) RuntimeGrid:None EditorOnly:0 RuntimeOnly:0 HLODRelevant:1
 |   |   |- [+] [ 46]
 |   |   |   |- Guid:C421052C466F87F63191EE8D1AAD6AAD BaseClass: NativeClass:/Script/Engine.StaticMeshActor Name:StaticMeshActor_UAID_C8D9D21886BE6FC001_1327438448 Label:SM_Microphone SpatiallyLoaded:1 Bounds:IsValid=true, Min=(X=965.007 Y=261.628 Z=-24.224), Max=(X=1115.885 Y=397.624 Z=133.842) RuntimeGrid:None EditorOnly:0 RuntimeOnly:0 HLODRelevant:1
 |   |   |- [+] [ 47]
 |   |   |   |- Guid:25F23E6F458D491704F700A3A34EF4EF BaseClass: NativeClass:/Script/Engine.StaticMeshActor Name:StaticMeshActor_UAID_C8D9D21886BE6FC001_1359215449 Label:SM_Microphone2 SpatiallyLoaded:1 Bounds:IsValid=true, Min=(X=1133.477 Y=205.526 Z=-39.818), Max=(X=1284.354 Y=341.522 Z=118.248) RuntimeGrid:None EditorOnly:0 RuntimeOnly:0 HLODRelevant:1
 |   |   |- [+] [ 48]
 |   |   |   |- Guid:0A5EF5A24C424FFAA4E56B940C9753E4 BaseClass: NativeClass:/Script/Engine.StaticMeshActor Name:StaticMeshActor_UAID_C8D9D21886BE6FC001_1598610451 Label:SM_Computer SpatiallyLoaded:1 Bounds:IsValid=true, Min=(X=1278.164 Y=123.272 Z=119.467), Max=(X=1421.211 Y=261.528 Z=235.624) RuntimeGrid:None EditorOnly:0 RuntimeOnly:0 HLODRelevant:1
 |   |   |- [+] [ 49]
 |   |   |   |- Guid:0E301CCB40F4E016BB8C98A9DD57D8FD BaseClass: NativeClass:/Script/Engine.StaticMeshActor Name:StaticMeshActor_UAID_C8D9D21886BE6FC001_1616244452 Label:SM_Computer2 SpatiallyLoaded:1 Bounds:IsValid=true, Min=(X=1438.096 Y=108.957 Z=119.467), Max=(X=1547.604 Y=205.377 Z=235.624) RuntimeGrid:None EditorOnly:0 RuntimeOnly:0 HLODRelevant:1
 |   |   |- [+] [ 50]
 |   |   |   |- Guid:A6D8082144D5D0920C4EBCB45D0B251B BaseClass: NativeClass:/Script/Engine.StaticMeshActor Name:StaticMeshActor_UAID_C8D9D21886BE6FC001_1630003453 Label:SM_Computer3 SpatiallyLoaded:1 Bounds:IsValid=true, Min=(X=1438.096 Y=126.600 Z=242.683), Max=(X=1547.604 Y=275.127 Z=393.642) RuntimeGrid:None EditorOnly:0 RuntimeOnly:0 HLODRelevant:1
 |   |   |- [+] [ 51]
 |   |   |   |- Guid:49CDF6FB4390D772EA8ABB999F3DA2C7 BaseClass: NativeClass:/Script/Engine.StaticMeshActor Name:StaticMeshActor_UAID_C8D9D21886BE6FC001_1652997454 Label:SM_Computer4 SpatiallyLoaded:1 Bounds:IsValid=true, Min=(X=1019.451 Y=254.366 Z=232.795), Max=(X=1144.038 Y=368.337 Z=348.951) RuntimeGrid:None EditorOnly:0 RuntimeOnly:0 HLODRelevant:1
 |   |   |- [+] [ 52]
 |   |   |   |- Guid:38554E1C4C2A38EEAE8B1C8D13BE17EC BaseClass: NativeClass:/Script/Engine.StaticMeshActor Name:StaticMeshActor_UAID_C8D9D21886BE6FC001_1700429456 Label:SM_Microphone4 SpatiallyLoaded:1 Bounds:IsValid=true, Min=(X=889.662 Y=694.258 Z=-24.224), Max=(X=1056.574 Y=763.237 Z=133.842) RuntimeGrid:None EditorOnly:0 RuntimeOnly:0 HLODRelevant:1
 |   |   |- [+] [ 53]
 |   |   |   |- Guid:D3ABC00F4C3A4A408EA4BC9AA982F5A0 BaseClass: NativeClass:/Script/Engine.StaticMeshActor Name:StaticMeshActor_UAID_C8D9D21886BE6FC001_1930754458 Label:SM_Camera2 SpatiallyLoaded:1 Bounds:IsValid=true, Min=(X=870.221 Y=805.118 Z=248.790), Max=(X=1069.374 Y=939.432 Z=456.871) RuntimeGrid:None EditorOnly:0 RuntimeOnly:0 HLODRelevant:1
 |   |   |- [+] [ 54]
 |   |   |   |- Guid:6B5C877849E34D04CD5C31BA53533A5C BaseClass:/Game/Objects/BP_Plant.BP_Plant_C NativeClass:/Script/Engine.Actor Name:BP_Plant_C_UAID_C8D9D21886BE73C001_1113517168 Label:BP_Plant SpatiallyLoaded:1 Bounds:IsValid=true, Min=(X=916.344 Y=1140.356 Z=45.248), Max=(X=1016.046 Y=1245.389 Z=176.151) RuntimeGrid:None EditorOnly:0 RuntimeOnly:0 HLODRelevant:0
 |   |   |- [+] [ 55]
 |   |   |   |- Guid:2989C20D4C4E17EC307CD0901D1311CE BaseClass:/Game/Objects/BP_CameraTripod.BP_CameraTripod_C NativeClass:/Script/Engine.Actor Name:BP_CameraTripod_C_UAID_C8D9D21886BE71C001_1683895815 Label:BP_CameraTripod SpatiallyLoaded:1 Bounds:IsValid=true, Min=(X=1173.230 Y=405.524 Z=0.884), Max=(X=1288.848 Y=538.265 Z=170.645) RuntimeGrid:None EditorOnly:0 RuntimeOnly:0 HLODRelevant:0
 |   |   |- [+] [ 56]
 |   |   |   |- Guid:F1D7D6144ACD82A0C18E1BA7C3A7C336 BaseClass: NativeClass:/Script/Engine.PointLight Name:PointLight_UAID_C8D9D21886BE70C001_1082610636 Label:PointLight5 SpatiallyLoaded:1 Bounds:IsValid=true, Min=(X=213.747 Y=-672.605 Z=-807.909), Max=(X=2213.747 Y=1327.395 Z=1192.091) RuntimeGrid:None EditorOnly:0 RuntimeOnly:0 HLODRelevant:0
 |   |   |- [+] [ 57]
 |   |   |   |- Guid:7DF3576941CE073B3860F79D81DF7A2F BaseClass: NativeClass:/Script/Engine.StaticMeshActor Name:StaticMeshActor_UAID_C8D9D21886BE70C001_1433162638 Label:SM_Bars SpatiallyLoaded:1 Bounds:IsValid=true, Min=(X=901.888 Y=313.569 Z=-89.139), Max=(X=949.628 Y=627.688 Z=223.819) RuntimeGrid:None EditorOnly:0 RuntimeOnly:0 HLODRelevant:1
 |   |   |- [+] [ 58]
 |   |   |   |- Guid:D30E6BDA41EA6C977A0789ADF0A96A64 BaseClass:/Game/Objects/BP_Plant.BP_Plant_C NativeClass:/Script/Engine.Actor Name:BP_Plant_C_UAID_C8D9D21886BE73C001_1114874169 Label:BP_Plant2 SpatiallyLoaded:1 Bounds:IsValid=true, Min=(X=841.488 Y=1154.630 Z=45.248), Max=(X=925.600 Y=1217.659 Z=176.151) RuntimeGrid:None EditorOnly:0 RuntimeOnly:0 HLODRelevant:0
 |   |   |- [+] [ 59]
 |   |   |   |- Guid:D40EF50942698057E675489EFADEBA0F BaseClass:/Game/Objects/BP_Plant.BP_Plant_C NativeClass:/Script/Engine.Actor Name:BP_Plant_C_UAID_C8D9D21886BE73C001_1116382170 Label:BP_Plant3 SpatiallyLoaded:1 Bounds:IsValid=true, Min=(X=723.976 Y=1146.427 Z=45.248), Max=(X=808.088 Y=1209.456 Z=176.151) RuntimeGrid:None EditorOnly:0 RuntimeOnly:0 HLODRelevant:0
 |   |   |- [+] [ 60]
 |   |   |   |- Guid:9BD21FFA4E0C32B5C96D28A5525EF48C BaseClass:/Game/Objects/BP_Plant.BP_Plant_C NativeClass:/Script/Engine.Actor Name:BP_Plant_C_UAID_C8D9D21886BE73C001_1160893172 Label:BP_Plant4 SpatiallyLoaded:1 Bounds:IsValid=true, Min=(X=788.073 Y=1161.877 Z=45.248), Max=(X=887.775 Y=1266.911 Z=176.151) RuntimeGrid:None EditorOnly:0 RuntimeOnly:0 HLODRelevant:0
 |   |   |- [+] [ 61]
 |   |   |   |- Guid:CB32927B4059705EAB1C9790102E06E1 BaseClass: NativeClass:/Script/Engine.StaticMeshActor Name:StaticMeshActor_UAID_C8D9D21886BE73C001_1133827171 Label:SM_Cube20 SpatiallyLoaded:1 Bounds:IsValid=true, Min=(X=601.054 Y=1128.106 Z=-11.528), Max=(X=1039.917 Y=1271.554 Z=83.088) RuntimeGrid:None EditorOnly:0 RuntimeOnly:0 HLODRelevant:1 FolderPath:Playground FolderGuid:6C02BB504B69D1F3D7A624B130C18E5B
 |   |   |- [+] [ 62]
 |   |   |   |- Guid:F06E76CD408F7BAC906BA9B3AE7CE6D1 BaseClass:/Game/Objects/BP_Battery.BP_Battery_C NativeClass:/Script/Engine.Actor Name:BP_Battery_C_UAID_C8D9D21886BE73C001_1247645173 Label:BP_Battery2 SpatiallyLoaded:1 Bounds:IsValid=true, Min=(X=1413.251 Y=938.693 Z=-0.000), Max=(X=1443.250 Y=968.693 Z=30.000) RuntimeGrid:None EditorOnly:0 RuntimeOnly:0 HLODRelevant:0
 |   |   |- [+] [ 63]
 |   |   |   |- Guid:0A224C374408230E944B5C9329726727 BaseClass:/Game/Objects/BP_Battery.BP_Battery_C NativeClass:/Script/Engine.Actor Name:BP_Battery_C_UAID_C8D9D21886BE73C001_1248544174 Label:BP_Battery3 SpatiallyLoaded:1 Bounds:IsValid=true, Min=(X=1413.251 Y=897.585 Z=-0.000), Max=(X=1443.250 Y=927.585 Z=30.000) RuntimeGrid:None EditorOnly:0 RuntimeOnly:0 HLODRelevant:0
 |- ContainerInstances:
 |- [+] MainContainer:
 |   |-        ID: 0x0000000000000000
 |   |-    Bounds: IsValid=false, Min=(X=0.000 Y=0.000 Z=0.000), Max=(X=0.000 Y=0.000 Z=0.000)
 |   |- Transform: 0.000000,0.000000,0.000000|0.000000,0.000000,-0.000000|1.000000,1.000000,1.000000
 |   |- Container: /Game/Maps/TestingMap
----------------------------------------------------------------------------------------------------------------
TestingMap - Persistent Level
----------------------------------------------------------------------------------------------------------------
Always loaded Actor Count: 82 

----------------------------------------------------------------------------------------------------------------
TestingMap - Runtime Spatial Hash - Streaming Grid - MainGrid
----------------------------------------------------------------------------------------------------------------
            Origin: X=0.000 Y=0.000 Z=0.000
         Cell Size: 12800
      World Bounds: IsValid=false, Min=(X=0.000 Y=0.000 Z=0.000), Max=(X=0.000 Y=0.000 Z=0.000)
     Loading Range: 25600.00
Block Slow Loading: No
 ClientOnlyVisible: No

[+] Grid Levels: 1
 |- Level  0: Cell Count    0 | Cell Size   12800 | Actor Count    0 (0.0%)

[+] Content of Grid Level 0

